IVEware Statistical Procedures
Survey Research Center, Institute for Social Research
University of Michigan
Version 0.3, Copyright (c) 2022


Mon Dec 26 05:21:07 2022
  Begin setup checking
  Read setup
  Seed 1672053667
  Write setup
  End setup checking

Mon Dec 26 05:21:07 2022
  Begin execution
  Read setup
  Read data
Mon Dec 26 05:21:07 2022
  Mult 1, Iter 1, Imp 1
  Impute VE_TOTAL
  Update data
  Polytomous regression
  Correct data
Mon Dec 26 05:21:08 2022
  Mult 1, Iter 1, Imp 2
  Impute MAX_SEV
  Update data
  Polytomous regression
  Correct data
Mon Dec 26 05:21:08 2022
  Mult 1, Iter 1, Imp 3
  Impute VTRAFWAY
  Update data
  Polytomous regression
  Correct data
Mon Dec 26 05:21:08 2022
  Mult 1, Iter 1, Imp 4
  Impute PERNOTMVIT
  Update data
  Logistic regression
  Correct data
Mon Dec 26 05:21:08 2022
  Mult 1, Iter 1, Imp 5
  Impute DR_PRES
  Update data
  Logistic regression
  Correct data
Mon Dec 26 05:21:08 2022
  Mult 1, Iter 1, Imp 6
  Impute VEH_ALCH
  Update data
  Logistic regression
  Correct data
Mon Dec 26 05:21:09 2022
  Mult 1, Iter 1, Imp 7
  Impute REL_ROAD
  Update data
  Polytomous regression
  Correct data
Mon Dec 26 05:21:09 2022
  Mult 1, Iter 1, Imp 8
  Impute PCRASH4
  Update data
  Logistic regression
  Correct data
Mon Dec 26 05:21:09 2022
  Mult 1, Iter 1, Imp 9
  Impute SEAT_POS
  Update data
  Polytomous regression
  Correct data
Mon Dec 26 05:21:09 2022
  Mult 1, Iter 1, Imp 10
  Impute PEDS
  Update data
  Polytomous regression
  Correct data
Mon Dec 26 05:21:09 2022
  Mult 1, Iter 1, Imp 11
  Impute ALC_RES
  Update data
  Logistic regression
  Correct data
Mon Dec 26 05:21:10 2022
  Mult 1, Iter 1, Imp 12
  Impute ALC_STATUS
  Update data
  Logistic regression
  Correct data
Mon Dec 26 05:21:10 2022
  Mult 1, Iter 1, Imp 13
  Impute RELJCT2
  Update data
  Polytomous regression
  Correct data
Mon Dec 26 05:21:10 2022
  Mult 1, Iter 1, Imp 14
  Impute HOUR
  Update data
  Polytomous regression
  Correct data
Mon Dec 26 05:21:10 2022
  Mult 1, Iter 1, Imp 15
  Impute HIT_RUN
  Update data
  Logistic regression
  Correct data
Mon Dec 26 05:21:10 2022
  Mult 1, Iter 1, Imp 16
  Impute REST_USE
  Update data
  Polytomous regression
  Correct data
Mon Dec 26 05:21:11 2022
  Mult 1, Iter 1, Imp 17
  Impute VE_FORMS
  Update data
  Polytomous regression
  Correct data
Mon Dec 26 05:21:11 2022
  Mult 1, Iter 1, Imp 18
  Impute URBANICITY
  Update data
  Logistic regression
  Correct data
Mon Dec 26 05:21:11 2022
  Mult 1, Iter 1, Imp 19
  Impute NUM_INJ
  Update data
  Polytomous regression
  Correct data
Mon Dec 26 05:21:12 2022
  Mult 1, Iter 1, Imp 20
  Impute EJECTION
  Update data
  Logistic regression
  Correct data
Mon Dec 26 05:21:12 2022
  Mult 1, Iter 1, Imp 21
  Impute REGION
  Update data
  Polytomous regression
  Correct data
Mon Dec 26 05:21:13 2022
  Mult 1, Iter 1, Imp 22
  Impute J_KNIFE
  Update data
  Polytomous regression
  Correct data
Mon Dec 26 05:21:13 2022
  Mult 1, Iter 1, Imp 23
  Impute TOW_VEH
  Update data
  Logistic regression
  Correct data
Mon Dec 26 05:21:13 2022
  Mult 1, Iter 1, Imp 24
  Impute P_CRASH1
  Update data
  Polytomous regression
  Correct data
Mon Dec 26 05:21:14 2022
  Mult 1, Iter 1, Imp 25
  Impute TYP_INT
  Update data
  Polytomous regression
  Correct data
Mon Dec 26 05:21:14 2022
  Mult 1, Iter 1, Imp 26
  Impute PERMVIT
  Update data
  Polytomous regression
  Correct data
Mon Dec 26 05:21:14 2022
  Mult 1, Iter 1, Imp 27
  Impute HARM_EV
  Update data
  Polytomous regression
  Correct data
Mon Dec 26 05:21:15 2022
  Mult 1, Iter 1, Imp 28
  Impute RELJCT1
  Update data
  Polytomous regression
  Correct data
Mon Dec 26 05:21:15 2022
  Mult 1, Iter 1, Imp 29
  Impute MAK_MOD
  Update data
  Polytomous regression
  Correct data
Mon Dec 26 05:21:16 2022
  Mult 1, Iter 1, Imp 30
  Impute ACC_TYPE
  Update data
  Polytomous regression
  Correct data
Mon Dec 26 05:21:16 2022
  Mult 1, Iter 1, Imp 31
  Impute PJ
  Update data
  Polytomous regression
  Correct data
Mon Dec 26 05:21:17 2022
  Mult 1, Iter 1, Imp 32
  Impute LGT_COND
  Update data
  Polytomous regression
  Correct data
Mon Dec 26 05:21:17 2022
  Mult 1, Iter 1, Imp 33
  Impute NUM_INJV
  Update data
  Polytomous regression
  Correct data
Mon Dec 26 05:21:18 2022
  Mult 1, Iter 1, Imp 34
  Impute INT_HWY
  Update data
  Logistic regression
  Correct data
Mon Dec 26 05:21:18 2022
  Mult 1, Iter 1, Imp 35
  Impute BUS_USE
  Update data
  Polytomous regression
  Correct data
Mon Dec 26 05:21:19 2022
  Mult 1, Iter 1, Imp 36
  Impute M_HARM
  Update data
  Polytomous regression
  Correct data
Mon Dec 26 05:21:19 2022
  Mult 1, Iter 1, Imp 37
  Impute MAN_COLL
  Update data
  Polytomous regression
  Correct data
Mon Dec 26 05:21:20 2022
  Mult 1, Iter 1, Imp 38
  Impute DAY_WEEK
  Update data
  Logistic regression
  Correct data
Mon Dec 26 05:21:20 2022
  Mult 1, Iter 1, Imp 39
  Impute SPEEDREL
  Update data
  Logistic regression
  Correct data
Mon Dec 26 05:21:21 2022
  Mult 1, Iter 1, Imp 40
  Impute VTRAFCON
  Update data
  Polytomous regression
  Correct data
Mon Dec 26 05:21:21 2022
  Mult 1, Iter 1, Imp 41
  Impute VSPD_LIM
  Update data
  Polytomous regression
  Correct data
Mon Dec 26 05:21:22 2022
  Mult 1, Iter 1, Imp 42
  Impute HAZ_REL
  Update data
  Polytomous regression
  Correct data
Mon Dec 26 05:21:22 2022
  Mult 1, Iter 1, Imp 43
  Impute AIR_BAG
  Update data
  Logistic regression
  Correct data
Mon Dec 26 05:21:22 2022
  Mult 1, Iter 1, Imp 44
  Impute HAZ_CNO
  Update data
  Polytomous regression
  Correct data
Mon Dec 26 05:21:23 2022
  Mult 1, Iter 1, Imp 45
  Impute MODEL
  Update data
  Polytomous regression
  Correct data
Mon Dec 26 05:21:24 2022
  Mult 1, Iter 1, Imp 46
  Impute VTCONT_F
  Update data
  Polytomous regression
  Correct data
Mon Dec 26 05:21:25 2022
  Mult 1, Iter 1, Imp 47
  Impute ROLLOVER
  Update data
  Logistic regression
  Correct data
Mon Dec 26 05:21:25 2022
  Mult 1, Iter 1, Imp 48
  Impute PER_TYP
  Update data
  Polytomous regression
  Correct data
Mon Dec 26 05:21:26 2022
  Mult 1, Iter 1, Imp 49
  Impute SCH_BUS
  Update data
  Logistic regression
  Correct data
Mon Dec 26 05:21:26 2022
  Mult 1, Iter 1, Imp 50
  Impute BODY_TYP
  Update data
  Polytomous regression
  Correct data
Mon Dec 26 05:21:27 2022
  Mult 1, Iter 1, Imp 51
  Impute FIRE_EXP
  Update data
  Logistic regression
  Correct data
Mon Dec 26 05:21:27 2022
  Mult 1, Iter 1, Imp 52
  Impute HAZ_PLAC
  Update data
  Logistic regression
  Correct data
Mon Dec 26 05:21:28 2022
  Mult 1, Iter 1, Imp 53
  Impute HOSPITAL
  Update data
  Polytomous regression
  Correct data
Mon Dec 26 05:21:31 2022
  Mult 1, Iter 1, Imp 54
  Impute PSU
  Update data
  Polytomous regression
  Correct data
Mon Dec 26 05:21:31 2022
  Mult 1, Iter 1, Imp 55
  Impute SPEC_USE
  Update data
  Polytomous regression
  Correct data
Mon Dec 26 05:21:32 2022
  Mult 1, Iter 1, Imp 56
  Impute P_CRASH2
  Update data
  Polytomous regression
  Correct data
Mon Dec 26 05:21:33 2022
  Mult 1, Iter 1, Imp 57
  Impute MAX_VSEV
  Update data
  Polytomous regression
  Correct data
Mon Dec 26 05:21:34 2022
  Mult 1, Iter 1, Imp 58
  Impute SEX
  Update data
  Logistic regression
  Correct data
Mon Dec 26 05:21:34 2022
  Mult 1, Iter 1, Imp 59
  Impute TOWED
  Update data
  Polytomous regression
  Correct data
Mon Dec 26 05:21:35 2022
  Mult 1, Iter 1, Imp 60
  Impute MONTH
  Update data
  Polytomous regression
  Correct data
Mon Dec 26 05:21:36 2022
  Mult 1, Iter 1, Imp 61
  Impute VEH_AGE
  Update data
  Polytomous regression
  Correct data
Mon Dec 26 05:21:36 2022
  Mult 1, Iter 1, Imp 62
  Impute INJ_SEV
  Update data
  Polytomous regression
  Correct data
Mon Dec 26 05:21:37 2022
  Mult 1, Iter 1, Imp 63
  Impute AGE
  Update data
  Polytomous regression
  Correct data
Mon Dec 26 05:21:38 2022
  Mult 1, Iter 1, Imp 64
  Impute EMER_USE
  Update data
  Polytomous regression
  Correct data
Mon Dec 26 05:21:39 2022
  Mult 1, Iter 1, Imp 65
  Impute WEATHER
  Update data
  Polytomous regression
  Correct data
Mon Dec 26 05:21:40 2022
  Mult 1, Iter 1, Imp 66
  Impute PCRASH5
  Update data
  Polytomous regression
  Correct data
Mon Dec 26 05:21:41 2022
  Mult 1, Iter 1, Imp 67
  Impute VALIGN
  Update data
  Polytomous regression
  Correct data
Mon Dec 26 05:21:42 2022
  Mult 1, Iter 1, Imp 68
  Impute WRK_ZONE
  Update data
  Polytomous regression
  Correct data
Mon Dec 26 05:21:43 2022
  Mult 1, Iter 1, Imp 69
  Impute VSURCOND
  Update data
  Polytomous regression
  Correct data
Mon Dec 26 05:21:44 2022
  Mult 1, Iter 1, Imp 70
  Impute IMPACT1
  Update data
  Polytomous regression
  Correct data
Mon Dec 26 05:21:46 2022
  Mult 1, Iter 1, Imp 71
  Impute PVH_INVL
  Update data
  Logistic regression
  Correct data
Mon Dec 26 05:21:46 2022
  Mult 1, Iter 1, Imp 72
  Impute MAKE
  Update data
  Polytomous regression
  Correct data
Mon Dec 26 05:21:47 2022
  Mult 1, Iter 1, Imp 73
  Impute NUMOCCS
  Update data
  Polytomous regression
  Correct data
Mon Dec 26 05:21:49 2022
  Mult 1, Iter 1, Imp 74
  Impute VPROFILE
  Update data
  Polytomous regression
  Correct data
Mon Dec 26 05:21:50 2022
  Mult 1, Iter 1, Imp 75
  Impute HAZ_INV
  Update data
  Logistic regression
  Correct data
Mon Dec 26 05:21:51 2022
  Mult 1, Iter 1, Imp 76
  Impute ALCOHOL
  Update data
  Polytomous regression
  Correct data
Mon Dec 26 05:21:52 2022
  Mult 1, Iter 1, Imp 77
  Impute REST_MIS
  Update data
  Logistic regression
  Correct data
Mon Dec 26 05:21:53 2022
  Mult 1, Iter 1, Imp 78
  Impute CARGO_BT
  Update data
  Logistic regression
  Correct data
Mon Dec 26 05:21:54 2022
  Mult 1, Iter 1, Imp 79
  Impute YEAR
  Update data
  Polytomous regression
  Correct data
Mon Dec 26 05:21:55 2022
  Mult 1, Iter 2, Imp 1
  Impute VE_TOTAL
  Update data
  Polytomous regression
  Correct data
Mon Dec 26 05:21:56 2022
  Mult 1, Iter 2, Imp 2
  Impute MAX_SEV
  Update data
  Polytomous regression
  Correct data
Mon Dec 26 05:21:57 2022
  Mult 1, Iter 2, Imp 3
  Impute VTRAFWAY
  Update data
  Polytomous regression
  Correct data
Mon Dec 26 05:21:58 2022
  Mult 1, Iter 2, Imp 4
  Impute PERNOTMVIT
  Update data
  Logistic regression
  Correct data
Mon Dec 26 05:21:59 2022
  Mult 1, Iter 2, Imp 5
  Impute DR_PRES
  Update data
  Logistic regression
  Correct data
Mon Dec 26 05:22:00 2022
  Mult 1, Iter 2, Imp 6
  Impute VEH_ALCH
  Update data
  Logistic regression
  Correct data
Mon Dec 26 05:22:01 2022
  Mult 1, Iter 2, Imp 7
  Impute REL_ROAD
  Update data
  Polytomous regression
  Correct data
Mon Dec 26 05:22:02 2022
  Mult 1, Iter 2, Imp 8
  Impute PCRASH4
  Update data
  Logistic regression
  Correct data
Mon Dec 26 05:22:03 2022
  Mult 1, Iter 2, Imp 9
  Impute SEAT_POS
  Update data
  Polytomous regression
  Correct data
Mon Dec 26 05:22:05 2022
  Mult 1, Iter 2, Imp 10
  Impute PEDS
  Update data
  Polytomous regression
  Correct data
Mon Dec 26 05:22:06 2022
  Mult 1, Iter 2, Imp 11
  Impute ALC_RES
  Update data
  Logistic regression
  Correct data
Mon Dec 26 05:22:07 2022
  Mult 1, Iter 2, Imp 12
  Impute ALC_STATUS
  Update data
  Logistic regression
  Correct data
Mon Dec 26 05:22:07 2022
  Mult 1, Iter 2, Imp 13
  Impute RELJCT2
  Update data
  Polytomous regression
  Correct data
Mon Dec 26 05:22:09 2022
  Mult 1, Iter 2, Imp 14
  Impute HOUR
  Update data
  Polytomous regression
  Correct data
Mon Dec 26 05:22:10 2022
  Mult 1, Iter 2, Imp 15
  Impute HIT_RUN
  Update data
  Logistic regression
  Correct data
Mon Dec 26 05:22:11 2022
  Mult 1, Iter 2, Imp 16
  Impute REST_USE
  Update data
  Polytomous regression
  Correct data
Mon Dec 26 05:22:12 2022
  Mult 1, Iter 2, Imp 17
  Impute VE_FORMS
  Update data
  Polytomous regression
  Correct data
Mon Dec 26 05:22:13 2022
  Mult 1, Iter 2, Imp 18
  Impute URBANICITY
  Update data
  Logistic regression
  Correct data
Mon Dec 26 05:22:14 2022
  Mult 1, Iter 2, Imp 19
  Impute NUM_INJ
  Update data
  Polytomous regression
  Correct data
Mon Dec 26 05:22:16 2022
  Mult 1, Iter 2, Imp 20
  Impute EJECTION
  Update data
  Logistic regression
  Correct data
Mon Dec 26 05:22:16 2022
  Mult 1, Iter 2, Imp 21
  Impute REGION
  Update data
  Polytomous regression
  Correct data
Mon Dec 26 05:22:18 2022
  Mult 1, Iter 2, Imp 22
  Impute J_KNIFE
  Update data
  Polytomous regression
  Correct data
Mon Dec 26 05:22:19 2022
  Mult 1, Iter 2, Imp 23
  Impute TOW_VEH
  Update data
  Logistic regression
  Correct data
Mon Dec 26 05:22:20 2022
  Mult 1, Iter 2, Imp 24
  Impute P_CRASH1
  Update data
  Polytomous regression
  Correct data
Mon Dec 26 05:22:21 2022
  Mult 1, Iter 2, Imp 25
  Impute TYP_INT
  Update data
  Polytomous regression
  Correct data
Mon Dec 26 05:22:22 2022
  Mult 1, Iter 2, Imp 26
  Impute PERMVIT
  Update data
  Polytomous regression
  Correct data
Mon Dec 26 05:22:23 2022
  Mult 1, Iter 2, Imp 27
  Impute HARM_EV
  Update data
  Polytomous regression
  Correct data
Mon Dec 26 05:22:25 2022
  Mult 1, Iter 2, Imp 28
  Impute RELJCT1
  Update data
  Polytomous regression
  Correct data
Mon Dec 26 05:22:27 2022
  Mult 1, Iter 2, Imp 29
  Impute MAK_MOD
  Update data
  Polytomous regression
  Correct data
Mon Dec 26 05:22:28 2022
  Mult 1, Iter 2, Imp 30
  Impute ACC_TYPE
  Update data
  Polytomous regression
  Correct data
Mon Dec 26 05:22:29 2022
  Mult 1, Iter 2, Imp 31
  Impute PJ
  Update data
  Polytomous regression
  Correct data
Mon Dec 26 05:22:30 2022
  Mult 1, Iter 2, Imp 32
  Impute LGT_COND
  Update data
  Polytomous regression
  Correct data
Mon Dec 26 05:22:31 2022
  Mult 1, Iter 2, Imp 33
  Impute NUM_INJV
  Update data
  Polytomous regression
  Correct data
Mon Dec 26 05:22:33 2022
  Mult 1, Iter 2, Imp 34
  Impute INT_HWY
  Update data
  Logistic regression
  Correct data
Mon Dec 26 05:22:34 2022
  Mult 1, Iter 2, Imp 35
  Impute BUS_USE
  Update data
  Polytomous regression
  Correct data
Mon Dec 26 05:22:35 2022
  Mult 1, Iter 2, Imp 36
  Impute M_HARM
  Update data
  Polytomous regression
  Correct data
Mon Dec 26 05:22:36 2022
  Mult 1, Iter 2, Imp 37
  Impute MAN_COLL
  Update data
  Polytomous regression
  Correct data
Mon Dec 26 05:22:39 2022
  Mult 1, Iter 2, Imp 38
  Impute DAY_WEEK
  Update data
  Logistic regression
  Correct data
Mon Dec 26 05:22:39 2022
  Mult 1, Iter 2, Imp 39
  Impute SPEEDREL
  Update data
  Logistic regression
  Correct data
Mon Dec 26 05:22:40 2022
  Mult 1, Iter 2, Imp 40
  Impute VTRAFCON
  Update data
  Polytomous regression
  Correct data
Mon Dec 26 05:22:42 2022
  Mult 1, Iter 2, Imp 41
  Impute VSPD_LIM
  Update data
  Polytomous regression
  Correct data
Mon Dec 26 05:22:43 2022
  Mult 1, Iter 2, Imp 42
  Impute HAZ_REL
  Update data
  Polytomous regression
  Correct data
Mon Dec 26 05:22:44 2022
  Mult 1, Iter 2, Imp 43
  Impute AIR_BAG
  Update data
  Logistic regression
  Correct data
Mon Dec 26 05:22:45 2022
  Mult 1, Iter 2, Imp 44
  Impute HAZ_CNO
  Update data
  Polytomous regression
  Correct data
Mon Dec 26 05:22:46 2022
  Mult 1, Iter 2, Imp 45
  Impute MODEL
  Update data
  Polytomous regression
  Correct data
Mon Dec 26 05:22:48 2022
  Mult 1, Iter 2, Imp 46
  Impute VTCONT_F
  Update data
  Polytomous regression
  Correct data
Mon Dec 26 05:22:49 2022
  Mult 1, Iter 2, Imp 47
  Impute ROLLOVER
  Update data
  Logistic regression
  Correct data
Mon Dec 26 05:22:50 2022
  Mult 1, Iter 2, Imp 48
  Impute PER_TYP
  Update data
  Polytomous regression
  Correct data
Mon Dec 26 05:22:51 2022
  Mult 1, Iter 2, Imp 49
  Impute SCH_BUS
  Update data
  Logistic regression
  Correct data
Mon Dec 26 05:22:52 2022
  Mult 1, Iter 2, Imp 50
  Impute BODY_TYP
  Update data
  Polytomous regression
  Correct data
Mon Dec 26 05:22:53 2022
  Mult 1, Iter 2, Imp 51
  Impute FIRE_EXP
  Update data
  Logistic regression
  Correct data
Mon Dec 26 05:22:54 2022
  Mult 1, Iter 2, Imp 52
  Impute HAZ_PLAC
  Update data
  Logistic regression
  Correct data
Mon Dec 26 05:22:55 2022
  Mult 1, Iter 2, Imp 53
  Impute HOSPITAL
  Update data
  Polytomous regression
  Correct data
Mon Dec 26 05:22:57 2022
  Mult 1, Iter 2, Imp 54
  Impute PSU
  Update data
  Polytomous regression
  Correct data
Mon Dec 26 05:22:58 2022
  Mult 1, Iter 2, Imp 55
  Impute SPEC_USE
  Update data
  Polytomous regression
  Correct data
Mon Dec 26 05:23:00 2022
  Mult 1, Iter 2, Imp 56
  Impute P_CRASH2
  Update data
  Polytomous regression
  Correct data
Mon Dec 26 05:23:01 2022
  Mult 1, Iter 2, Imp 57
  Impute MAX_VSEV
  Update data
  Polytomous regression
  Correct data
Mon Dec 26 05:23:03 2022
  Mult 1, Iter 2, Imp 58
  Impute SEX
  Update data
  Logistic regression
  Correct data
Mon Dec 26 05:23:03 2022
  Mult 1, Iter 2, Imp 59
  Impute TOWED
  Update data
  Polytomous regression
  Correct data
Mon Dec 26 05:23:04 2022
  Mult 1, Iter 2, Imp 60
  Impute MONTH
  Update data
  Polytomous regression
  Correct data
Mon Dec 26 05:23:05 2022
  Mult 1, Iter 2, Imp 61
  Impute VEH_AGE
  Update data
  Polytomous regression
  Correct data
Mon Dec 26 05:23:06 2022
  Mult 1, Iter 2, Imp 62
  Impute INJ_SEV
  Update data
  Polytomous regression
  Correct data
Mon Dec 26 05:23:07 2022
  Mult 1, Iter 2, Imp 63
  Impute AGE
  Update data
  Polytomous regression
  Correct data
Mon Dec 26 05:23:09 2022
  Mult 1, Iter 2, Imp 64
  Impute EMER_USE
  Update data
  Polytomous regression
  Correct data
Mon Dec 26 05:23:10 2022
  Mult 1, Iter 2, Imp 65
  Impute WEATHER
  Update data
  Polytomous regression
  Correct data
Mon Dec 26 05:23:11 2022
  Mult 1, Iter 2, Imp 66
  Impute PCRASH5
  Update data
  Polytomous regression
  Correct data
Mon Dec 26 05:23:13 2022
  Mult 1, Iter 2, Imp 67
  Impute VALIGN
  Update data
  Polytomous regression
  Correct data
Mon Dec 26 05:23:15 2022
  Mult 1, Iter 2, Imp 68
  Impute WRK_ZONE
  Update data
  Polytomous regression
  Correct data
Mon Dec 26 05:23:16 2022
  Mult 1, Iter 2, Imp 69
  Impute VSURCOND
  Update data
  Polytomous regression
  Correct data
Mon Dec 26 05:23:17 2022
  Mult 1, Iter 2, Imp 70
  Impute IMPACT1
  Update data
  Polytomous regression
  Correct data
Mon Dec 26 05:23:19 2022
  Mult 1, Iter 2, Imp 71
  Impute PVH_INVL
  Update data
  Logistic regression
  Correct data
Mon Dec 26 05:23:19 2022
  Mult 1, Iter 2, Imp 72
  Impute MAKE
  Update data
  Polytomous regression
  Correct data
Mon Dec 26 05:23:21 2022
  Mult 1, Iter 2, Imp 73
  Impute NUMOCCS
  Update data
  Polytomous regression
  Correct data
Mon Dec 26 05:23:22 2022
  Mult 1, Iter 2, Imp 74
  Impute VPROFILE
  Update data
  Polytomous regression
  Correct data
Mon Dec 26 05:23:23 2022
  Mult 1, Iter 2, Imp 75
  Impute HAZ_INV
  Update data
  Logistic regression
  Correct data
Mon Dec 26 05:23:24 2022
  Mult 1, Iter 2, Imp 76
  Impute ALCOHOL
  Update data
  Polytomous regression
  Correct data
Mon Dec 26 05:23:26 2022
  Mult 1, Iter 2, Imp 77
  Impute REST_MIS
  Update data
  Logistic regression
  Correct data
Mon Dec 26 05:23:26 2022
  Mult 1, Iter 2, Imp 78
  Impute CARGO_BT
  Update data
  Logistic regression
  Correct data
Mon Dec 26 05:23:27 2022
  Mult 1, Iter 2, Imp 79
  Impute YEAR
  Update data
  Polytomous regression
  Correct data
Mon Dec 26 05:23:28 2022
  Mult 1, Iter 3, Imp 1
  Impute VE_TOTAL
  Update data
  Polytomous regression
  Correct data
Mon Dec 26 05:23:30 2022
  Mult 1, Iter 3, Imp 2
  Impute MAX_SEV
  Update data
  Polytomous regression
  Correct data
Mon Dec 26 05:23:32 2022
  Mult 1, Iter 3, Imp 3
  Impute VTRAFWAY
  Update data
  Polytomous regression
  Correct data
Mon Dec 26 05:23:34 2022
  Mult 1, Iter 3, Imp 4
  Impute PERNOTMVIT
  Update data
  Logistic regression
  Correct data
Mon Dec 26 05:23:35 2022
  Mult 1, Iter 3, Imp 5
  Impute DR_PRES
  Update data
  Logistic regression
  Correct data
Mon Dec 26 05:23:36 2022
  Mult 1, Iter 3, Imp 6
  Impute VEH_ALCH
  Update data
  Logistic regression
  Correct data
Mon Dec 26 05:23:37 2022
  Mult 1, Iter 3, Imp 7
  Impute REL_ROAD
  Update data
  Polytomous regression
  Correct data
Mon Dec 26 05:23:38 2022
  Mult 1, Iter 3, Imp 8
  Impute PCRASH4
  Update data
  Logistic regression
  Correct data
Mon Dec 26 05:23:39 2022
  Mult 1, Iter 3, Imp 9
  Impute SEAT_POS
  Update data
  Polytomous regression
  Correct data
Mon Dec 26 05:23:40 2022
  Mult 1, Iter 3, Imp 10
  Impute PEDS
  Update data
  Polytomous regression
  Correct data
Mon Dec 26 05:23:42 2022
  Mult 1, Iter 3, Imp 11
  Impute ALC_RES
  Update data
  Logistic regression
  Correct data
Mon Dec 26 05:23:43 2022
  Mult 1, Iter 3, Imp 12
  Impute ALC_STATUS
  Update data
  Logistic regression
  Correct data
Mon Dec 26 05:23:43 2022
  Mult 1, Iter 3, Imp 13
  Impute RELJCT2
  Update data
  Polytomous regression
  Correct data
Mon Dec 26 05:23:45 2022
  Mult 1, Iter 3, Imp 14
  Impute HOUR
  Update data
  Polytomous regression
  Correct data
Mon Dec 26 05:23:46 2022
  Mult 1, Iter 3, Imp 15
  Impute HIT_RUN
  Update data
  Logistic regression
  Correct data
Mon Dec 26 05:23:47 2022
  Mult 1, Iter 3, Imp 16
  Impute REST_USE
  Update data
  Polytomous regression
  Correct data
Mon Dec 26 05:23:48 2022
  Mult 1, Iter 3, Imp 17
  Impute VE_FORMS
  Update data
  Polytomous regression
  Correct data
Mon Dec 26 05:23:49 2022
  Mult 1, Iter 3, Imp 18
  Impute URBANICITY
  Update data
  Logistic regression
  Correct data
Mon Dec 26 05:23:50 2022
  Mult 1, Iter 3, Imp 19
  Impute NUM_INJ
  Update data
  Polytomous regression
  Correct data
Mon Dec 26 05:23:52 2022
  Mult 1, Iter 3, Imp 20
  Impute EJECTION
  Update data
  Logistic regression
  Correct data
Mon Dec 26 05:23:53 2022
  Mult 1, Iter 3, Imp 21
  Impute REGION
  Update data
  Polytomous regression
  Correct data
Mon Dec 26 05:23:54 2022
  Mult 1, Iter 3, Imp 22
  Impute J_KNIFE
  Update data
  Polytomous regression
  Correct data
Mon Dec 26 05:23:56 2022
  Mult 1, Iter 3, Imp 23
  Impute TOW_VEH
  Update data
  Logistic regression
  Correct data
Mon Dec 26 05:23:57 2022
  Mult 1, Iter 3, Imp 24
  Impute P_CRASH1
  Update data
  Polytomous regression
  Correct data
Mon Dec 26 05:23:58 2022
  Mult 1, Iter 3, Imp 25
  Impute TYP_INT
  Update data
  Polytomous regression
  Warning: Too many iterations, probably due to
           colinearity with dependent variable
  Correct data
Mon Dec 26 05:24:00 2022
  Mult 1, Iter 3, Imp 26
  Impute PERMVIT
  Update data
  Polytomous regression
  Correct data
Mon Dec 26 05:24:01 2022
  Mult 1, Iter 3, Imp 27
  Impute HARM_EV
  Update data
  Polytomous regression
  Correct data
Mon Dec 26 05:24:03 2022
  Mult 1, Iter 3, Imp 28
  Impute RELJCT1
  Update data
  Polytomous regression
  Correct data
Mon Dec 26 05:24:05 2022
  Mult 1, Iter 3, Imp 29
  Impute MAK_MOD
  Update data
  Polytomous regression
  Correct data
Mon Dec 26 05:24:06 2022
  Mult 1, Iter 3, Imp 30
  Impute ACC_TYPE
  Update data
  Polytomous regression
  Correct data
Mon Dec 26 05:24:08 2022
  Mult 1, Iter 3, Imp 31
  Impute PJ
  Update data
  Polytomous regression
  Correct data
Mon Dec 26 05:24:09 2022
  Mult 1, Iter 3, Imp 32
  Impute LGT_COND
  Update data
  Polytomous regression
  Correct data
Mon Dec 26 05:24:10 2022
  Mult 1, Iter 3, Imp 33
  Impute NUM_INJV
  Update data
  Polytomous regression
  Correct data
Mon Dec 26 05:24:12 2022
  Mult 1, Iter 3, Imp 34
  Impute INT_HWY
  Update data
  Logistic regression
  Correct data
Mon Dec 26 05:24:13 2022
  Mult 1, Iter 3, Imp 35
  Impute BUS_USE
  Update data
  Polytomous regression
  Correct data
Mon Dec 26 05:24:14 2022
  Mult 1, Iter 3, Imp 36
  Impute M_HARM
  Update data
  Polytomous regression
  Correct data
Mon Dec 26 05:24:15 2022
  Mult 1, Iter 3, Imp 37
  Impute MAN_COLL
  Update data
  Polytomous regression
  Correct data
Mon Dec 26 05:24:18 2022
  Mult 1, Iter 3, Imp 38
  Impute DAY_WEEK
  Update data
  Logistic regression
  Correct data
Mon Dec 26 05:24:19 2022
  Mult 1, Iter 3, Imp 39
  Impute SPEEDREL
  Update data
  Logistic regression
  Correct data
Mon Dec 26 05:24:20 2022
  Mult 1, Iter 3, Imp 40
  Impute VTRAFCON
  Update data
  Polytomous regression
  Correct data
Mon Dec 26 05:24:21 2022
  Mult 1, Iter 3, Imp 41
  Impute VSPD_LIM
  Update data
  Polytomous regression
  Correct data
Mon Dec 26 05:24:22 2022
  Mult 1, Iter 3, Imp 42
  Impute HAZ_REL
  Update data
  Polytomous regression
  Correct data
Mon Dec 26 05:24:24 2022
  Mult 1, Iter 3, Imp 43
  Impute AIR_BAG
  Update data
  Logistic regression
  Correct data
Mon Dec 26 05:24:25 2022
  Mult 1, Iter 3, Imp 44
  Impute HAZ_CNO
  Update data
  Polytomous regression
  Correct data
Mon Dec 26 05:24:26 2022
  Mult 1, Iter 3, Imp 45
  Impute MODEL
  Update data
  Polytomous regression
  Correct data
Mon Dec 26 05:24:27 2022
  Mult 1, Iter 3, Imp 46
  Impute VTCONT_F
  Update data
  Polytomous regression
  Correct data
Mon Dec 26 05:24:29 2022
  Mult 1, Iter 3, Imp 47
  Impute ROLLOVER
  Update data
  Logistic regression
  Correct data
Mon Dec 26 05:24:30 2022
  Mult 1, Iter 3, Imp 48
  Impute PER_TYP
  Update data
  Polytomous regression
  Correct data
Mon Dec 26 05:24:32 2022
  Mult 1, Iter 3, Imp 49
  Impute SCH_BUS
  Update data
  Logistic regression
  Correct data
Mon Dec 26 05:24:32 2022
  Mult 1, Iter 3, Imp 50
  Impute BODY_TYP
  Update data
  Polytomous regression
  Correct data
Mon Dec 26 05:24:34 2022
  Mult 1, Iter 3, Imp 51
  Impute FIRE_EXP
  Update data
  Logistic regression
  Correct data
Mon Dec 26 05:24:35 2022
  Mult 1, Iter 3, Imp 52
  Impute HAZ_PLAC
  Update data
  Logistic regression
  Correct data
Mon Dec 26 05:24:36 2022
  Mult 1, Iter 3, Imp 53
  Impute HOSPITAL
  Update data
  Polytomous regression
  Correct data
Mon Dec 26 05:24:39 2022
  Mult 1, Iter 3, Imp 54
  Impute PSU
  Update data
  Polytomous regression
  Correct data
Mon Dec 26 05:24:41 2022
  Mult 1, Iter 3, Imp 55
  Impute SPEC_USE
  Update data
  Polytomous regression
  Correct data
Mon Dec 26 05:24:42 2022
  Mult 1, Iter 3, Imp 56
  Impute P_CRASH2
  Update data
  Polytomous regression
  Correct data
Mon Dec 26 05:24:43 2022
  Mult 1, Iter 3, Imp 57
  Impute MAX_VSEV
  Update data
  Polytomous regression
  Correct data
Mon Dec 26 05:24:45 2022
  Mult 1, Iter 3, Imp 58
  Impute SEX
  Update data
  Logistic regression
  Correct data
Mon Dec 26 05:24:46 2022
  Mult 1, Iter 3, Imp 59
  Impute TOWED
  Update data
  Polytomous regression
  Correct data
Mon Dec 26 05:24:47 2022
  Mult 1, Iter 3, Imp 60
  Impute MONTH
  Update data
  Polytomous regression
  Correct data
Mon Dec 26 05:24:48 2022
  Mult 1, Iter 3, Imp 61
  Impute VEH_AGE
  Update data
  Polytomous regression
  Correct data
Mon Dec 26 05:24:49 2022
  Mult 1, Iter 3, Imp 62
  Impute INJ_SEV
  Update data
  Polytomous regression
  Correct data
Mon Dec 26 05:24:50 2022
  Mult 1, Iter 3, Imp 63
  Impute AGE
  Update data
  Polytomous regression
  Correct data
Mon Dec 26 05:24:51 2022
  Mult 1, Iter 3, Imp 64
  Impute EMER_USE
  Update data
  Polytomous regression
  Correct data
Mon Dec 26 05:24:53 2022
  Mult 1, Iter 3, Imp 65
  Impute WEATHER
  Update data
  Polytomous regression
  Correct data
Mon Dec 26 05:24:54 2022
  Mult 1, Iter 3, Imp 66
  Impute PCRASH5
  Update data
  Polytomous regression
  Correct data
Mon Dec 26 05:24:56 2022
  Mult 1, Iter 3, Imp 67
  Impute VALIGN
  Update data
  Polytomous regression
  Correct data
Mon Dec 26 05:24:57 2022
  Mult 1, Iter 3, Imp 68
  Impute WRK_ZONE
  Update data
  Polytomous regression
  Correct data
Mon Dec 26 05:24:58 2022
  Mult 1, Iter 3, Imp 69
  Impute VSURCOND
  Update data
  Polytomous regression
  Correct data
Mon Dec 26 05:25:00 2022
  Mult 1, Iter 3, Imp 70
  Impute IMPACT1
  Update data
  Polytomous regression
  Correct data
Mon Dec 26 05:25:01 2022
  Mult 1, Iter 3, Imp 71
  Impute PVH_INVL
  Update data
  Logistic regression
  Correct data
Mon Dec 26 05:25:02 2022
  Mult 1, Iter 3, Imp 72
  Impute MAKE
  Update data
  Polytomous regression
  Correct data
Mon Dec 26 05:25:03 2022
  Mult 1, Iter 3, Imp 73
  Impute NUMOCCS
  Update data
  Polytomous regression
  Correct data
Mon Dec 26 05:25:05 2022
  Mult 1, Iter 3, Imp 74
  Impute VPROFILE
  Update data
  Polytomous regression
  Correct data
Mon Dec 26 05:25:06 2022
  Mult 1, Iter 3, Imp 75
  Impute HAZ_INV
  Update data
  Logistic regression
  Correct data
Mon Dec 26 05:25:07 2022
  Mult 1, Iter 3, Imp 76
  Impute ALCOHOL
  Update data
  Polytomous regression
  Correct data
Mon Dec 26 05:25:08 2022
  Mult 1, Iter 3, Imp 77
  Impute REST_MIS
  Update data
  Logistic regression
  Correct data
Mon Dec 26 05:25:09 2022
  Mult 1, Iter 3, Imp 78
  Impute CARGO_BT
  Update data
  Logistic regression
  Correct data
Mon Dec 26 05:25:10 2022
  Mult 1, Iter 3, Imp 79
  Impute YEAR
  Update data
  Polytomous regression
  Correct data
Mon Dec 26 05:25:11 2022
  Mult 1, Iter 4, Imp 1
  Impute VE_TOTAL
  Update data
  Polytomous regression
  Correct data
Mon Dec 26 05:25:13 2022
  Mult 1, Iter 4, Imp 2
  Impute MAX_SEV
  Update data
  Polytomous regression
  Correct data
Mon Dec 26 05:25:14 2022
  Mult 1, Iter 4, Imp 3
  Impute VTRAFWAY
  Update data
  Polytomous regression
  Correct data
Mon Dec 26 05:25:17 2022
  Mult 1, Iter 4, Imp 4
  Impute PERNOTMVIT
  Update data
  Logistic regression
  Correct data
Mon Dec 26 05:25:18 2022
  Mult 1, Iter 4, Imp 5
  Impute DR_PRES
  Update data
  Logistic regression
  Correct data
Mon Dec 26 05:25:18 2022
  Mult 1, Iter 4, Imp 6
  Impute VEH_ALCH
  Update data
  Logistic regression
  Correct data
Mon Dec 26 05:25:19 2022
  Mult 1, Iter 4, Imp 7
  Impute REL_ROAD
  Update data
  Polytomous regression
  Correct data
Mon Dec 26 05:25:21 2022
  Mult 1, Iter 4, Imp 8
  Impute PCRASH4
  Update data
  Logistic regression
  Correct data
Mon Dec 26 05:25:22 2022
  Mult 1, Iter 4, Imp 9
  Impute SEAT_POS
  Update data
  Polytomous regression
  Correct data
Mon Dec 26 05:25:23 2022
  Mult 1, Iter 4, Imp 10
  Impute PEDS
  Update data
  Polytomous regression
  Correct data
Mon Dec 26 05:25:25 2022
  Mult 1, Iter 4, Imp 11
  Impute ALC_RES
  Update data
  Logistic regression
  Correct data
Mon Dec 26 05:25:26 2022
  Mult 1, Iter 4, Imp 12
  Impute ALC_STATUS
  Update data
  Logistic regression
  Correct data
Mon Dec 26 05:25:27 2022
  Mult 1, Iter 4, Imp 13
  Impute RELJCT2
  Update data
  Polytomous regression
  Correct data
Mon Dec 26 05:25:28 2022
  Mult 1, Iter 4, Imp 14
  Impute HOUR
  Update data
  Polytomous regression
  Correct data
Mon Dec 26 05:25:30 2022
  Mult 1, Iter 4, Imp 15
  Impute HIT_RUN
  Update data
  Logistic regression
  Correct data
Mon Dec 26 05:25:30 2022
  Mult 1, Iter 4, Imp 16
  Impute REST_USE
  Update data
  Polytomous regression
  Correct data
Mon Dec 26 05:25:32 2022
  Mult 1, Iter 4, Imp 17
  Impute VE_FORMS
  Update data
  Polytomous regression
  Correct data
Mon Dec 26 05:25:33 2022
  Mult 1, Iter 4, Imp 18
  Impute URBANICITY
  Update data
  Logistic regression
  Correct data
Mon Dec 26 05:25:34 2022
  Mult 1, Iter 4, Imp 19
  Impute NUM_INJ
  Update data
  Polytomous regression
  Correct data
Mon Dec 26 05:25:36 2022
  Mult 1, Iter 4, Imp 20
  Impute EJECTION
  Update data
  Logistic regression
  Correct data
Mon Dec 26 05:25:37 2022
  Mult 1, Iter 4, Imp 21
  Impute REGION
  Update data
  Polytomous regression
  Correct data
Mon Dec 26 05:25:39 2022
  Mult 1, Iter 4, Imp 22
  Impute J_KNIFE
  Update data
  Polytomous regression
  Correct data
Mon Dec 26 05:25:40 2022
  Mult 1, Iter 4, Imp 23
  Impute TOW_VEH
  Update data
  Logistic regression
  Correct data
Mon Dec 26 05:25:41 2022
  Mult 1, Iter 4, Imp 24
  Impute P_CRASH1
  Update data
  Polytomous regression
  Correct data
Mon Dec 26 05:25:43 2022
  Mult 1, Iter 4, Imp 25
  Impute TYP_INT
  Update data
  Polytomous regression
  Warning: Too many iterations, probably due to
           colinearity with dependent variable
  Correct data
Mon Dec 26 05:25:45 2022
  Mult 1, Iter 4, Imp 26
  Impute PERMVIT
  Update data
  Polytomous regression
  Correct data
Mon Dec 26 05:25:46 2022
  Mult 1, Iter 4, Imp 27
  Impute HARM_EV
  Update data
  Polytomous regression
  Correct data
Mon Dec 26 05:25:48 2022
  Mult 1, Iter 4, Imp 28
  Impute RELJCT1
  Update data
  Polytomous regression
  Correct data
Mon Dec 26 05:25:49 2022
  Mult 1, Iter 4, Imp 29
  Impute MAK_MOD
  Update data
  Polytomous regression
  Correct data
Mon Dec 26 05:25:50 2022
  Mult 1, Iter 4, Imp 30
  Impute ACC_TYPE
  Update data
  Polytomous regression
  Correct data
Mon Dec 26 05:25:52 2022
  Mult 1, Iter 4, Imp 31
  Impute PJ
  Update data
  Polytomous regression
  Correct data
Mon Dec 26 05:25:53 2022
  Mult 1, Iter 4, Imp 32
  Impute LGT_COND
  Update data
  Polytomous regression
  Correct data
Mon Dec 26 05:25:54 2022
  Mult 1, Iter 4, Imp 33
  Impute NUM_INJV
  Update data
  Polytomous regression
  Correct data
Mon Dec 26 05:25:56 2022
  Mult 1, Iter 4, Imp 34
  Impute INT_HWY
  Update data
  Logistic regression
  Correct data
Mon Dec 26 05:25:57 2022
  Mult 1, Iter 4, Imp 35
  Impute BUS_USE
  Update data
  Polytomous regression
  Correct data
Mon Dec 26 05:25:58 2022
  Mult 1, Iter 4, Imp 36
  Impute M_HARM
  Update data
  Polytomous regression
  Correct data
Mon Dec 26 05:25:59 2022
  Mult 1, Iter 4, Imp 37
  Impute MAN_COLL
  Update data
  Polytomous regression
  Correct data
Mon Dec 26 05:26:01 2022
  Mult 1, Iter 4, Imp 38
  Impute DAY_WEEK
  Update data
  Logistic regression
  Correct data
Mon Dec 26 05:26:02 2022
  Mult 1, Iter 4, Imp 39
  Impute SPEEDREL
  Update data
  Logistic regression
  Correct data
Mon Dec 26 05:26:02 2022
  Mult 1, Iter 4, Imp 40
  Impute VTRAFCON
  Update data
  Polytomous regression
  Correct data
Mon Dec 26 05:26:04 2022
  Mult 1, Iter 4, Imp 41
  Impute VSPD_LIM
  Update data
  Polytomous regression
  Correct data
Mon Dec 26 05:26:05 2022
  Mult 1, Iter 4, Imp 42
  Impute HAZ_REL
  Update data
  Polytomous regression
  Correct data
Mon Dec 26 05:26:07 2022
  Mult 1, Iter 4, Imp 43
  Impute AIR_BAG
  Update data
  Logistic regression
  Correct data
Mon Dec 26 05:26:07 2022
  Mult 1, Iter 4, Imp 44
  Impute HAZ_CNO
  Update data
  Polytomous regression
  Correct data
Mon Dec 26 05:26:09 2022
  Mult 1, Iter 4, Imp 45
  Impute MODEL
  Update data
  Polytomous regression
  Correct data
Mon Dec 26 05:26:11 2022
  Mult 1, Iter 4, Imp 46
  Impute VTCONT_F
  Update data
  Polytomous regression
  Correct data
Mon Dec 26 05:26:13 2022
  Mult 1, Iter 4, Imp 47
  Impute ROLLOVER
  Update data
  Logistic regression
  Correct data
Mon Dec 26 05:26:14 2022
  Mult 1, Iter 4, Imp 48
  Impute PER_TYP
  Update data
  Polytomous regression
  Correct data
Mon Dec 26 05:26:15 2022
  Mult 1, Iter 4, Imp 49
  Impute SCH_BUS
  Update data
  Logistic regression
  Correct data
Mon Dec 26 05:26:16 2022
  Mult 1, Iter 4, Imp 50
  Impute BODY_TYP
  Update data
  Polytomous regression
  Correct data
Mon Dec 26 05:26:18 2022
  Mult 1, Iter 4, Imp 51
  Impute FIRE_EXP
  Update data
  Logistic regression
  Correct data
Mon Dec 26 05:26:18 2022
  Mult 1, Iter 4, Imp 52
  Impute HAZ_PLAC
  Update data
  Logistic regression
  Correct data
Mon Dec 26 05:26:19 2022
  Mult 1, Iter 4, Imp 53
  Impute HOSPITAL
  Update data
  Polytomous regression
  Correct data
Mon Dec 26 05:26:22 2022
  Mult 1, Iter 4, Imp 54
  Impute PSU
  Update data
  Polytomous regression
  Correct data
Mon Dec 26 05:26:24 2022
  Mult 1, Iter 4, Imp 55
  Impute SPEC_USE
  Update data
  Polytomous regression
  Correct data
Mon Dec 26 05:26:25 2022
  Mult 1, Iter 4, Imp 56
  Impute P_CRASH2
  Update data
  Polytomous regression
  Correct data
Mon Dec 26 05:26:27 2022
  Mult 1, Iter 4, Imp 57
  Impute MAX_VSEV
  Update data
  Polytomous regression
  Correct data
Mon Dec 26 05:26:28 2022
  Mult 1, Iter 4, Imp 58
  Impute SEX
  Update data
  Logistic regression
  Correct data
Mon Dec 26 05:26:29 2022
  Mult 1, Iter 4, Imp 59
  Impute TOWED
  Update data
  Polytomous regression
  Correct data
Mon Dec 26 05:26:30 2022
  Mult 1, Iter 4, Imp 60
  Impute MONTH
  Update data
  Polytomous regression
  Correct data
Mon Dec 26 05:26:31 2022
  Mult 1, Iter 4, Imp 61
  Impute VEH_AGE
  Update data
  Polytomous regression
  Correct data
Mon Dec 26 05:26:32 2022
  Mult 1, Iter 4, Imp 62
  Impute INJ_SEV
  Update data
  Polytomous regression
  Correct data
Mon Dec 26 05:26:33 2022
  Mult 1, Iter 4, Imp 63
  Impute AGE
  Update data
  Polytomous regression
  Correct data
Mon Dec 26 05:26:34 2022
  Mult 1, Iter 4, Imp 64
  Impute EMER_USE
  Update data
  Polytomous regression
  Correct data
Mon Dec 26 05:26:36 2022
  Mult 1, Iter 4, Imp 65
  Impute WEATHER
  Update data
  Polytomous regression
  Correct data
Mon Dec 26 05:26:37 2022
  Mult 1, Iter 4, Imp 66
  Impute PCRASH5
  Update data
  Polytomous regression
  Correct data
Mon Dec 26 05:26:39 2022
  Mult 1, Iter 4, Imp 67
  Impute VALIGN
  Update data
  Polytomous regression
  Correct data
Mon Dec 26 05:26:40 2022
  Mult 1, Iter 4, Imp 68
  Impute WRK_ZONE
  Update data
  Polytomous regression
  Correct data
Mon Dec 26 05:26:42 2022
  Mult 1, Iter 4, Imp 69
  Impute VSURCOND
  Update data
  Polytomous regression
  Correct data
Mon Dec 26 05:26:43 2022
  Mult 1, Iter 4, Imp 70
  Impute IMPACT1
  Update data
  Polytomous regression
  Correct data
Mon Dec 26 05:26:44 2022
  Mult 1, Iter 4, Imp 71
  Impute PVH_INVL
  Update data
  Logistic regression
  Correct data
Mon Dec 26 05:26:45 2022
  Mult 1, Iter 4, Imp 72
  Impute MAKE
  Update data
  Polytomous regression
  Correct data
Mon Dec 26 05:26:46 2022
  Mult 1, Iter 4, Imp 73
  Impute NUMOCCS
  Update data
  Polytomous regression
  Correct data
Mon Dec 26 05:26:48 2022
  Mult 1, Iter 4, Imp 74
  Impute VPROFILE
  Update data
  Polytomous regression
  Correct data
Mon Dec 26 05:26:49 2022
  Mult 1, Iter 4, Imp 75
  Impute HAZ_INV
  Update data
  Logistic regression
  Correct data
Mon Dec 26 05:26:50 2022
  Mult 1, Iter 4, Imp 76
  Impute ALCOHOL
  Update data
  Polytomous regression
  Correct data
Mon Dec 26 05:26:51 2022
  Mult 1, Iter 4, Imp 77
  Impute REST_MIS
  Update data
  Logistic regression
  Correct data
Mon Dec 26 05:26:52 2022
  Mult 1, Iter 4, Imp 78
  Impute CARGO_BT
  Update data
  Logistic regression
  Correct data
Mon Dec 26 05:26:53 2022
  Mult 1, Iter 4, Imp 79
  Impute YEAR
  Update data
  Polytomous regression
  Correct data
Mon Dec 26 05:26:54 2022
  Mult 1, Iter 5, Imp 1
  Impute VE_TOTAL
  Update data
  Polytomous regression
  Correct data
Mon Dec 26 05:26:56 2022
  Mult 1, Iter 5, Imp 2
  Impute MAX_SEV
  Update data
  Polytomous regression
  Correct data
Mon Dec 26 05:26:57 2022
  Mult 1, Iter 5, Imp 3
  Impute VTRAFWAY
  Update data
  Polytomous regression
  Correct data
Mon Dec 26 05:26:59 2022
  Mult 1, Iter 5, Imp 4
  Impute PERNOTMVIT
  Update data
  Logistic regression
  Correct data
Mon Dec 26 05:27:00 2022
  Mult 1, Iter 5, Imp 5
  Impute DR_PRES
  Update data
  Logistic regression
  Correct data
Mon Dec 26 05:27:01 2022
  Mult 1, Iter 5, Imp 6
  Impute VEH_ALCH
  Update data
  Logistic regression
  Correct data
Mon Dec 26 05:27:02 2022
  Mult 1, Iter 5, Imp 7
  Impute REL_ROAD
  Update data
  Polytomous regression
  Correct data
Mon Dec 26 05:27:03 2022
  Mult 1, Iter 5, Imp 8
  Impute PCRASH4
  Update data
  Logistic regression
  Correct data
Mon Dec 26 05:27:04 2022
  Mult 1, Iter 5, Imp 9
  Impute SEAT_POS
  Update data
  Polytomous regression
  Correct data
Mon Dec 26 05:27:05 2022
  Mult 1, Iter 5, Imp 10
  Impute PEDS
  Update data
  Polytomous regression
  Correct data
Mon Dec 26 05:27:07 2022
  Mult 1, Iter 5, Imp 11
  Impute ALC_RES
  Update data
  Logistic regression
  Correct data
Mon Dec 26 05:27:08 2022
  Mult 1, Iter 5, Imp 12
  Impute ALC_STATUS
  Update data
  Logistic regression
  Correct data
Mon Dec 26 05:27:09 2022
  Mult 1, Iter 5, Imp 13
  Impute RELJCT2
  Update data
  Polytomous regression
  Correct data
Mon Dec 26 05:27:10 2022
  Mult 1, Iter 5, Imp 14
  Impute HOUR
  Update data
  Polytomous regression
  Correct data
Mon Dec 26 05:27:12 2022
  Mult 1, Iter 5, Imp 15
  Impute HIT_RUN
  Update data
  Logistic regression
  Correct data
Mon Dec 26 05:27:12 2022
  Mult 1, Iter 5, Imp 16
  Impute REST_USE
  Update data
  Polytomous regression
  Correct data
Mon Dec 26 05:27:13 2022
  Mult 1, Iter 5, Imp 17
  Impute VE_FORMS
  Update data
  Polytomous regression
  Correct data
Mon Dec 26 05:27:15 2022
  Mult 1, Iter 5, Imp 18
  Impute URBANICITY
  Update data
  Logistic regression
  Correct data
Mon Dec 26 05:27:16 2022
  Mult 1, Iter 5, Imp 19
  Impute NUM_INJ
  Update data
  Polytomous regression
  Correct data
Mon Dec 26 05:27:18 2022
  Mult 1, Iter 5, Imp 20
  Impute EJECTION
  Update data
  Logistic regression
  Correct data
Mon Dec 26 05:27:19 2022
  Mult 1, Iter 5, Imp 21
  Impute REGION
  Update data
  Polytomous regression
  Correct data
Mon Dec 26 05:27:21 2022
  Mult 1, Iter 5, Imp 22
  Impute J_KNIFE
  Update data
  Polytomous regression
  Correct data
Mon Dec 26 05:27:22 2022
  Mult 1, Iter 5, Imp 23
  Impute TOW_VEH
  Update data
  Logistic regression
  Correct data
Mon Dec 26 05:27:23 2022
  Mult 1, Iter 5, Imp 24
  Impute P_CRASH1
  Update data
  Polytomous regression
  Correct data
Mon Dec 26 05:27:25 2022
  Mult 1, Iter 5, Imp 25
  Impute TYP_INT
  Update data
  Polytomous regression
  Correct data
Mon Dec 26 05:27:26 2022
  Mult 1, Iter 5, Imp 26
  Impute PERMVIT
  Update data
  Polytomous regression
  Correct data
Mon Dec 26 05:27:28 2022
  Mult 1, Iter 5, Imp 27
  Impute HARM_EV
  Update data
  Polytomous regression
  Correct data
Mon Dec 26 05:27:29 2022
  Mult 1, Iter 5, Imp 28
  Impute RELJCT1
  Update data
  Polytomous regression
  Correct data
Mon Dec 26 05:27:31 2022
  Mult 1, Iter 5, Imp 29
  Impute MAK_MOD
  Update data
  Polytomous regression
  Correct data
Mon Dec 26 05:27:32 2022
  Mult 1, Iter 5, Imp 30
  Impute ACC_TYPE
  Update data
  Polytomous regression
  Correct data
Mon Dec 26 05:27:33 2022
  Mult 1, Iter 5, Imp 31
  Impute PJ
  Update data
  Polytomous regression
  Correct data
Mon Dec 26 05:27:35 2022
  Mult 1, Iter 5, Imp 32
  Impute LGT_COND
  Update data
  Polytomous regression
  Correct data
Mon Dec 26 05:27:36 2022
  Mult 1, Iter 5, Imp 33
  Impute NUM_INJV
  Update data
  Polytomous regression
  Correct data
Mon Dec 26 05:27:38 2022
  Mult 1, Iter 5, Imp 34
  Impute INT_HWY
  Update data
  Logistic regression
  Correct data
Mon Dec 26 05:27:39 2022
  Mult 1, Iter 5, Imp 35
  Impute BUS_USE
  Update data
  Polytomous regression
  Correct data
Mon Dec 26 05:27:40 2022
  Mult 1, Iter 5, Imp 36
  Impute M_HARM
  Update data
  Polytomous regression
  Correct data
Mon Dec 26 05:27:41 2022
  Mult 1, Iter 5, Imp 37
  Impute MAN_COLL
  Update data
  Polytomous regression
  Correct data
Mon Dec 26 05:27:44 2022
  Mult 1, Iter 5, Imp 38
  Impute DAY_WEEK
  Update data
  Logistic regression
  Correct data
Mon Dec 26 05:27:45 2022
  Mult 1, Iter 5, Imp 39
  Impute SPEEDREL
  Update data
  Logistic regression
  Correct data
Mon Dec 26 05:27:45 2022
  Mult 1, Iter 5, Imp 40
  Impute VTRAFCON
  Update data
  Polytomous regression
  Correct data
Mon Dec 26 05:27:47 2022
  Mult 1, Iter 5, Imp 41
  Impute VSPD_LIM
  Update data
  Polytomous regression
  Correct data
Mon Dec 26 05:27:48 2022
  Mult 1, Iter 5, Imp 42
  Impute HAZ_REL
  Update data
  Polytomous regression
  Correct data
Mon Dec 26 05:27:50 2022
  Mult 1, Iter 5, Imp 43
  Impute AIR_BAG
  Update data
  Logistic regression
  Correct data
Mon Dec 26 05:27:50 2022
  Mult 1, Iter 5, Imp 44
  Impute HAZ_CNO
  Update data
  Polytomous regression
  Correct data
Mon Dec 26 05:27:52 2022
  Mult 1, Iter 5, Imp 45
  Impute MODEL
  Update data
  Polytomous regression
  Correct data
Mon Dec 26 05:27:54 2022
  Mult 1, Iter 5, Imp 46
  Impute VTCONT_F
  Update data
  Polytomous regression
  Correct data
Mon Dec 26 05:27:56 2022
  Mult 1, Iter 5, Imp 47
  Impute ROLLOVER
  Update data
  Logistic regression
  Correct data
Mon Dec 26 05:27:57 2022
  Mult 1, Iter 5, Imp 48
  Impute PER_TYP
  Update data
  Polytomous regression
  Correct data
Mon Dec 26 05:27:58 2022
  Mult 1, Iter 5, Imp 49
  Impute SCH_BUS
  Update data
  Logistic regression
  Correct data
Mon Dec 26 05:27:59 2022
  Mult 1, Iter 5, Imp 50
  Impute BODY_TYP
  Update data
  Polytomous regression
  Correct data
Mon Dec 26 05:28:01 2022
  Mult 1, Iter 5, Imp 51
  Impute FIRE_EXP
  Update data
  Logistic regression
  Correct data
Mon Dec 26 05:28:01 2022
  Mult 1, Iter 5, Imp 52
  Impute HAZ_PLAC
  Update data
  Logistic regression
  Correct data
Mon Dec 26 05:28:02 2022
  Mult 1, Iter 5, Imp 53
  Impute HOSPITAL
  Update data
  Polytomous regression
  Warning: Too many iterations, probably due to
           colinearity with dependent variable
  Correct data
Mon Dec 26 05:28:06 2022
  Mult 1, Iter 5, Imp 54
  Impute PSU
  Update data
  Polytomous regression
  Correct data
Mon Dec 26 05:28:08 2022
  Mult 1, Iter 5, Imp 55
  Impute SPEC_USE
  Update data
  Polytomous regression
  Correct data
Mon Dec 26 05:28:09 2022
  Mult 1, Iter 5, Imp 56
  Impute P_CRASH2
  Update data
  Polytomous regression
  Correct data
Mon Dec 26 05:28:10 2022
  Mult 1, Iter 5, Imp 57
  Impute MAX_VSEV
  Update data
  Polytomous regression
  Correct data
Mon Dec 26 05:28:12 2022
  Mult 1, Iter 5, Imp 58
  Impute SEX
  Update data
  Logistic regression
  Correct data
Mon Dec 26 05:28:13 2022
  Mult 1, Iter 5, Imp 59
  Impute TOWED
  Update data
  Polytomous regression
  Correct data
Mon Dec 26 05:28:14 2022
  Mult 1, Iter 5, Imp 60
  Impute MONTH
  Update data
  Polytomous regression
  Correct data
Mon Dec 26 05:28:15 2022
  Mult 1, Iter 5, Imp 61
  Impute VEH_AGE
  Update data
  Polytomous regression
  Correct data
Mon Dec 26 05:28:16 2022
  Mult 1, Iter 5, Imp 62
  Impute INJ_SEV
  Update data
  Polytomous regression
  Correct data
Mon Dec 26 05:28:17 2022
  Mult 1, Iter 5, Imp 63
  Impute AGE
  Update data
  Polytomous regression
  Correct data
Mon Dec 26 05:28:18 2022
  Mult 1, Iter 5, Imp 64
  Impute EMER_USE
  Update data
  Polytomous regression
  Correct data
Mon Dec 26 05:28:20 2022
  Mult 1, Iter 5, Imp 65
  Impute WEATHER
  Update data
  Polytomous regression
  Correct data
Mon Dec 26 05:28:21 2022
  Mult 1, Iter 5, Imp 66
  Impute PCRASH5
  Update data
  Polytomous regression
  Correct data
Mon Dec 26 05:28:23 2022
  Mult 1, Iter 5, Imp 67
  Impute VALIGN
  Update data
  Polytomous regression
  Correct data
Mon Dec 26 05:28:24 2022
  Mult 1, Iter 5, Imp 68
  Impute WRK_ZONE
  Update data
  Polytomous regression
  Correct data
Mon Dec 26 05:28:25 2022
  Mult 1, Iter 5, Imp 69
  Impute VSURCOND
  Update data
  Polytomous regression
  Correct data
Mon Dec 26 05:28:27 2022
  Mult 1, Iter 5, Imp 70
  Impute IMPACT1
  Update data
  Polytomous regression
  Correct data
Mon Dec 26 05:28:28 2022
  Mult 1, Iter 5, Imp 71
  Impute PVH_INVL
  Update data
  Logistic regression
  Correct data
Mon Dec 26 05:28:29 2022
  Mult 1, Iter 5, Imp 72
  Impute MAKE
  Update data
  Polytomous regression
  Correct data
Mon Dec 26 05:28:30 2022
  Mult 1, Iter 5, Imp 73
  Impute NUMOCCS
  Update data
  Polytomous regression
  Correct data
Mon Dec 26 05:28:32 2022
  Mult 1, Iter 5, Imp 74
  Impute VPROFILE
  Update data
  Polytomous regression
  Correct data
Mon Dec 26 05:28:33 2022
  Mult 1, Iter 5, Imp 75
  Impute HAZ_INV
  Update data
  Logistic regression
  Correct data
Mon Dec 26 05:28:34 2022
  Mult 1, Iter 5, Imp 76
  Impute ALCOHOL
  Update data
  Polytomous regression
  Correct data
Mon Dec 26 05:28:35 2022
  Mult 1, Iter 5, Imp 77
  Impute REST_MIS
  Update data
  Logistic regression
  Correct data
Mon Dec 26 05:28:36 2022
  Mult 1, Iter 5, Imp 78
  Impute CARGO_BT
  Update data
  Logistic regression
  Correct data
Mon Dec 26 05:28:37 2022
  Mult 1, Iter 5, Imp 79
  Impute YEAR
  Update data
  Polytomous regression
  Correct data
Mon Dec 26 05:28:38 2022
  Mult 1, Iter 6, Imp 1
  Impute VE_TOTAL
  Update data
  Polytomous regression
  Correct data
Mon Dec 26 05:28:40 2022
  Mult 1, Iter 6, Imp 2
  Impute MAX_SEV
  Update data
  Polytomous regression
  Correct data
Mon Dec 26 05:28:42 2022
  Mult 1, Iter 6, Imp 3
  Impute VTRAFWAY
  Update data
  Polytomous regression
  Correct data
Mon Dec 26 05:28:44 2022
  Mult 1, Iter 6, Imp 4
  Impute PERNOTMVIT
  Update data
  Logistic regression
  Correct data
Mon Dec 26 05:28:45 2022
  Mult 1, Iter 6, Imp 5
  Impute DR_PRES
  Update data
  Logistic regression
  Correct data
Mon Dec 26 05:28:46 2022
  Mult 1, Iter 6, Imp 6
  Impute VEH_ALCH
  Update data
  Logistic regression
  Correct data
Mon Dec 26 05:28:47 2022
  Mult 1, Iter 6, Imp 7
  Impute REL_ROAD
  Update data
  Polytomous regression
  Correct data
Mon Dec 26 05:28:48 2022
  Mult 1, Iter 6, Imp 8
  Impute PCRASH4
  Update data
  Logistic regression
  Correct data
Mon Dec 26 05:28:49 2022
  Mult 1, Iter 6, Imp 9
  Impute SEAT_POS
  Update data
  Polytomous regression
  Correct data
Mon Dec 26 05:28:51 2022
  Mult 1, Iter 6, Imp 10
  Impute PEDS
  Update data
  Polytomous regression
  Correct data
Mon Dec 26 05:28:52 2022
  Mult 1, Iter 6, Imp 11
  Impute ALC_RES
  Update data
  Logistic regression
  Correct data
Mon Dec 26 05:28:53 2022
  Mult 1, Iter 6, Imp 12
  Impute ALC_STATUS
  Update data
  Logistic regression
  Correct data
Mon Dec 26 05:28:54 2022
  Mult 1, Iter 6, Imp 13
  Impute RELJCT2
  Update data
  Polytomous regression
  Correct data
Mon Dec 26 05:28:56 2022
  Mult 1, Iter 6, Imp 14
  Impute HOUR
  Update data
  Polytomous regression
  Correct data
Mon Dec 26 05:28:57 2022
  Mult 1, Iter 6, Imp 15
  Impute HIT_RUN
  Update data
  Logistic regression
  Correct data
Mon Dec 26 05:28:58 2022
  Mult 1, Iter 6, Imp 16
  Impute REST_USE
  Update data
  Polytomous regression
  Correct data
Mon Dec 26 05:28:59 2022
  Mult 1, Iter 6, Imp 17
  Impute VE_FORMS
  Update data
  Polytomous regression
  Correct data
Mon Dec 26 05:29:01 2022
  Mult 1, Iter 6, Imp 18
  Impute URBANICITY
  Update data
  Logistic regression
  Correct data
Mon Dec 26 05:29:01 2022
  Mult 1, Iter 6, Imp 19
  Impute NUM_INJ
  Update data
  Polytomous regression
  Correct data
Mon Dec 26 05:29:03 2022
  Mult 1, Iter 6, Imp 20
  Impute EJECTION
  Update data
  Logistic regression
  Correct data
Mon Dec 26 05:29:04 2022
  Mult 1, Iter 6, Imp 21
  Impute REGION
  Update data
  Polytomous regression
  Correct data
Mon Dec 26 05:29:06 2022
  Mult 1, Iter 6, Imp 22
  Impute J_KNIFE
  Update data
  Polytomous regression
  Correct data
Mon Dec 26 05:29:07 2022
  Mult 1, Iter 6, Imp 23
  Impute TOW_VEH
  Update data
  Logistic regression
  Correct data
Mon Dec 26 05:29:08 2022
  Mult 1, Iter 6, Imp 24
  Impute P_CRASH1
  Update data
  Polytomous regression
  Correct data
Mon Dec 26 05:29:10 2022
  Mult 1, Iter 6, Imp 25
  Impute TYP_INT
  Update data
  Polytomous regression
  Correct data
Mon Dec 26 05:29:11 2022
  Mult 1, Iter 6, Imp 26
  Impute PERMVIT
  Update data
  Polytomous regression
  Correct data
Mon Dec 26 05:29:12 2022
  Mult 1, Iter 6, Imp 27
  Impute HARM_EV
  Update data
  Polytomous regression
  Correct data
Mon Dec 26 05:29:15 2022
  Mult 1, Iter 6, Imp 28
  Impute RELJCT1
  Update data
  Polytomous regression
  Correct data
Mon Dec 26 05:29:16 2022
  Mult 1, Iter 6, Imp 29
  Impute MAK_MOD
  Update data
  Polytomous regression
  Correct data
Mon Dec 26 05:29:17 2022
  Mult 1, Iter 6, Imp 30
  Impute ACC_TYPE
  Update data
  Polytomous regression
  Correct data
Mon Dec 26 05:29:19 2022
  Mult 1, Iter 6, Imp 31
  Impute PJ
  Update data
  Polytomous regression
  Correct data
Mon Dec 26 05:29:20 2022
  Mult 1, Iter 6, Imp 32
  Impute LGT_COND
  Update data
  Polytomous regression
  Correct data
Mon Dec 26 05:29:21 2022
  Mult 1, Iter 6, Imp 33
  Impute NUM_INJV
  Update data
  Polytomous regression
  Correct data
Mon Dec 26 05:29:23 2022
  Mult 1, Iter 6, Imp 34
  Impute INT_HWY
  Update data
  Logistic regression
  Correct data
Mon Dec 26 05:29:24 2022
  Mult 1, Iter 6, Imp 35
  Impute BUS_USE
  Update data
  Polytomous regression
  Correct data
Mon Dec 26 05:29:25 2022
  Mult 1, Iter 6, Imp 36
  Impute M_HARM
  Update data
  Polytomous regression
  Correct data
Mon Dec 26 05:29:26 2022
  Mult 1, Iter 6, Imp 37
  Impute MAN_COLL
  Update data
  Polytomous regression
  Correct data
Mon Dec 26 05:29:29 2022
  Mult 1, Iter 6, Imp 38
  Impute DAY_WEEK
  Update data
  Logistic regression
  Correct data
Mon Dec 26 05:29:30 2022
  Mult 1, Iter 6, Imp 39
  Impute SPEEDREL
  Update data
  Logistic regression
  Correct data
Mon Dec 26 05:29:31 2022
  Mult 1, Iter 6, Imp 40
  Impute VTRAFCON
  Update data
  Polytomous regression
  Correct data
Mon Dec 26 05:29:33 2022
  Mult 1, Iter 6, Imp 41
  Impute VSPD_LIM
  Update data
  Polytomous regression
  Correct data
Mon Dec 26 05:29:34 2022
  Mult 1, Iter 6, Imp 42
  Impute HAZ_REL
  Update data
  Polytomous regression
  Correct data
Mon Dec 26 05:29:35 2022
  Mult 1, Iter 6, Imp 43
  Impute AIR_BAG
  Update data
  Logistic regression
  Correct data
Mon Dec 26 05:29:36 2022
  Mult 1, Iter 6, Imp 44
  Impute HAZ_CNO
  Update data
  Polytomous regression
  Correct data
Mon Dec 26 05:29:37 2022
  Mult 1, Iter 6, Imp 45
  Impute MODEL
  Update data
  Polytomous regression
  Correct data
Mon Dec 26 05:29:39 2022
  Mult 1, Iter 6, Imp 46
  Impute VTCONT_F
  Update data
  Polytomous regression
  Correct data
Mon Dec 26 05:29:41 2022
  Mult 1, Iter 6, Imp 47
  Impute ROLLOVER
  Update data
  Logistic regression
  Correct data
Mon Dec 26 05:29:41 2022
  Mult 1, Iter 6, Imp 48
  Impute PER_TYP
  Update data
  Polytomous regression
  Correct data
Mon Dec 26 05:29:43 2022
  Mult 1, Iter 6, Imp 49
  Impute SCH_BUS
  Update data
  Logistic regression
  Correct data
Mon Dec 26 05:29:44 2022
  Mult 1, Iter 6, Imp 50
  Impute BODY_TYP
  Update data
  Polytomous regression
  Correct data
Mon Dec 26 05:29:45 2022
  Mult 1, Iter 6, Imp 51
  Impute FIRE_EXP
  Update data
  Logistic regression
  Correct data
Mon Dec 26 05:29:46 2022
  Mult 1, Iter 6, Imp 52
  Impute HAZ_PLAC
  Update data
  Logistic regression
  Correct data
Mon Dec 26 05:29:47 2022
  Mult 1, Iter 6, Imp 53
  Impute HOSPITAL
  Update data
  Polytomous regression
  Correct data
Mon Dec 26 05:29:50 2022
  Mult 1, Iter 6, Imp 54
  Impute PSU
  Update data
  Polytomous regression
  Correct data
Mon Dec 26 05:29:52 2022
  Mult 1, Iter 6, Imp 55
  Impute SPEC_USE
  Update data
  Polytomous regression
  Correct data
Mon Dec 26 05:29:53 2022
  Mult 1, Iter 6, Imp 56
  Impute P_CRASH2
  Update data
  Polytomous regression
  Correct data
Mon Dec 26 05:29:55 2022
  Mult 1, Iter 6, Imp 57
  Impute MAX_VSEV
  Update data
  Polytomous regression
  Correct data
Mon Dec 26 05:29:56 2022
  Mult 1, Iter 6, Imp 58
  Impute SEX
  Update data
  Logistic regression
  Correct data
Mon Dec 26 05:29:57 2022
  Mult 1, Iter 6, Imp 59
  Impute TOWED
  Update data
  Polytomous regression
  Correct data
Mon Dec 26 05:29:58 2022
  Mult 1, Iter 6, Imp 60
  Impute MONTH
  Update data
  Polytomous regression
  Correct data
Mon Dec 26 05:29:59 2022
  Mult 1, Iter 6, Imp 61
  Impute VEH_AGE
  Update data
  Polytomous regression
  Correct data
Mon Dec 26 05:30:00 2022
  Mult 1, Iter 6, Imp 62
  Impute INJ_SEV
  Update data
  Polytomous regression
  Correct data
Mon Dec 26 05:30:01 2022
  Mult 1, Iter 6, Imp 63
  Impute AGE
  Update data
  Polytomous regression
  Correct data
Mon Dec 26 05:30:03 2022
  Mult 1, Iter 6, Imp 64
  Impute EMER_USE
  Update data
  Polytomous regression
  Correct data
Mon Dec 26 05:30:04 2022
  Mult 1, Iter 6, Imp 65
  Impute WEATHER
  Update data
  Polytomous regression
  Correct data
Mon Dec 26 05:30:05 2022
  Mult 1, Iter 6, Imp 66
  Impute PCRASH5
  Update data
  Polytomous regression
  Correct data
Mon Dec 26 05:30:07 2022
  Mult 1, Iter 6, Imp 67
  Impute VALIGN
  Update data
  Polytomous regression
  Correct data
Mon Dec 26 05:30:09 2022
  Mult 1, Iter 6, Imp 68
  Impute WRK_ZONE
  Update data
  Polytomous regression
  Correct data
Mon Dec 26 05:30:10 2022
  Mult 1, Iter 6, Imp 69
  Impute VSURCOND
  Update data
  Polytomous regression
  Correct data
Mon Dec 26 05:30:12 2022
  Mult 1, Iter 6, Imp 70
  Impute IMPACT1
  Update data
  Polytomous regression
  Correct data
Mon Dec 26 05:30:13 2022
  Mult 1, Iter 6, Imp 71
  Impute PVH_INVL
  Update data
  Logistic regression
  Correct data
Mon Dec 26 05:30:14 2022
  Mult 1, Iter 6, Imp 72
  Impute MAKE
  Update data
  Polytomous regression
  Correct data
Mon Dec 26 05:30:15 2022
  Mult 1, Iter 6, Imp 73
  Impute NUMOCCS
  Update data
  Polytomous regression
  Correct data
Mon Dec 26 05:30:17 2022
  Mult 1, Iter 6, Imp 74
  Impute VPROFILE
  Update data
  Polytomous regression
  Correct data
Mon Dec 26 05:30:18 2022
  Mult 1, Iter 6, Imp 75
  Impute HAZ_INV
  Update data
  Logistic regression
  Correct data
Mon Dec 26 05:30:19 2022
  Mult 1, Iter 6, Imp 76
  Impute ALCOHOL
  Update data
  Polytomous regression
  Correct data
Mon Dec 26 05:30:20 2022
  Mult 1, Iter 6, Imp 77
  Impute REST_MIS
  Update data
  Logistic regression
  Correct data
Mon Dec 26 05:30:21 2022
  Mult 1, Iter 6, Imp 78
  Impute CARGO_BT
  Update data
  Logistic regression
  Correct data
Mon Dec 26 05:30:22 2022
  Mult 1, Iter 6, Imp 79
  Impute YEAR
  Update data
  Polytomous regression
  Correct data
Mon Dec 26 05:30:23 2022
  Mult 1, Iter 7, Imp 1
  Impute VE_TOTAL
  Update data
  Polytomous regression
  Correct data
Mon Dec 26 05:30:24 2022
  Mult 1, Iter 7, Imp 2
  Impute MAX_SEV
  Update data
  Polytomous regression
  Correct data
Mon Dec 26 05:30:27 2022
  Mult 1, Iter 7, Imp 3
  Impute VTRAFWAY
  Update data
  Polytomous regression
  Correct data
Mon Dec 26 05:30:29 2022
  Mult 1, Iter 7, Imp 4
  Impute PERNOTMVIT
  Update data
  Logistic regression
  Correct data
Mon Dec 26 05:30:30 2022
  Mult 1, Iter 7, Imp 5
  Impute DR_PRES
  Update data
  Logistic regression
  Correct data
Mon Dec 26 05:30:31 2022
  Mult 1, Iter 7, Imp 6
  Impute VEH_ALCH
  Update data
  Logistic regression
  Correct data
Mon Dec 26 05:30:32 2022
  Mult 1, Iter 7, Imp 7
  Impute REL_ROAD
  Update data
  Polytomous regression
  Correct data
Mon Dec 26 05:30:33 2022
  Mult 1, Iter 7, Imp 8
  Impute PCRASH4
  Update data
  Logistic regression
  Correct data
Mon Dec 26 05:30:34 2022
  Mult 1, Iter 7, Imp 9
  Impute SEAT_POS
  Update data
  Polytomous regression
  Correct data
Mon Dec 26 05:30:36 2022
  Mult 1, Iter 7, Imp 10
  Impute PEDS
  Update data
  Polytomous regression
  Correct data
Mon Dec 26 05:30:38 2022
  Mult 1, Iter 7, Imp 11
  Impute ALC_RES
  Update data
  Logistic regression
  Correct data
Mon Dec 26 05:30:39 2022
  Mult 1, Iter 7, Imp 12
  Impute ALC_STATUS
  Update data
  Logistic regression
  Correct data
Mon Dec 26 05:30:39 2022
  Mult 1, Iter 7, Imp 13
  Impute RELJCT2
  Update data
  Polytomous regression
  Correct data
Mon Dec 26 05:30:41 2022
  Mult 1, Iter 7, Imp 14
  Impute HOUR
  Update data
  Polytomous regression
  Correct data
Mon Dec 26 05:30:42 2022
  Mult 1, Iter 7, Imp 15
  Impute HIT_RUN
  Update data
  Logistic regression
  Correct data
Mon Dec 26 05:30:43 2022
  Mult 1, Iter 7, Imp 16
  Impute REST_USE
  Update data
  Polytomous regression
  Correct data
Mon Dec 26 05:30:44 2022
  Mult 1, Iter 7, Imp 17
  Impute VE_FORMS
  Update data
  Polytomous regression
  Correct data
Mon Dec 26 05:30:46 2022
  Mult 1, Iter 7, Imp 18
  Impute URBANICITY
  Update data
  Logistic regression
  Correct data
Mon Dec 26 05:30:47 2022
  Mult 1, Iter 7, Imp 19
  Impute NUM_INJ
  Update data
  Polytomous regression
  Correct data
Mon Dec 26 05:30:49 2022
  Mult 1, Iter 7, Imp 20
  Impute EJECTION
  Update data
  Logistic regression
  Correct data
Mon Dec 26 05:30:49 2022
  Mult 1, Iter 7, Imp 21
  Impute REGION
  Update data
  Polytomous regression
  Correct data
Mon Dec 26 05:30:52 2022
  Mult 1, Iter 7, Imp 22
  Impute J_KNIFE
  Update data
  Polytomous regression
  Correct data
Mon Dec 26 05:30:53 2022
  Mult 1, Iter 7, Imp 23
  Impute TOW_VEH
  Update data
  Logistic regression
  Correct data
Mon Dec 26 05:30:54 2022
  Mult 1, Iter 7, Imp 24
  Impute P_CRASH1
  Update data
  Polytomous regression
  Correct data
Mon Dec 26 05:30:55 2022
  Mult 1, Iter 7, Imp 25
  Impute TYP_INT
  Update data
  Polytomous regression
  Correct data
Mon Dec 26 05:30:57 2022
  Mult 1, Iter 7, Imp 26
  Impute PERMVIT
  Update data
  Polytomous regression
  Correct data
Mon Dec 26 05:30:58 2022
  Mult 1, Iter 7, Imp 27
  Impute HARM_EV
  Update data
  Polytomous regression
  Correct data
Mon Dec 26 05:31:00 2022
  Mult 1, Iter 7, Imp 28
  Impute RELJCT1
  Update data
  Polytomous regression
  Correct data
Mon Dec 26 05:31:02 2022
  Mult 1, Iter 7, Imp 29
  Impute MAK_MOD
  Update data
  Polytomous regression
  Correct data
Mon Dec 26 05:31:03 2022
  Mult 1, Iter 7, Imp 30
  Impute ACC_TYPE
  Update data
  Polytomous regression
  Correct data
Mon Dec 26 05:31:04 2022
  Mult 1, Iter 7, Imp 31
  Impute PJ
  Update data
  Polytomous regression
  Correct data
Mon Dec 26 05:31:05 2022
  Mult 1, Iter 7, Imp 32
  Impute LGT_COND
  Update data
  Polytomous regression
  Correct data
Mon Dec 26 05:31:07 2022
  Mult 1, Iter 7, Imp 33
  Impute NUM_INJV
  Update data
  Polytomous regression
  Correct data
Mon Dec 26 05:31:09 2022
  Mult 1, Iter 7, Imp 34
  Impute INT_HWY
  Update data
  Logistic regression
  Correct data
Mon Dec 26 05:31:10 2022
  Mult 1, Iter 7, Imp 35
  Impute BUS_USE
  Update data
  Polytomous regression
  Correct data
Mon Dec 26 05:31:11 2022
  Mult 1, Iter 7, Imp 36
  Impute M_HARM
  Update data
  Polytomous regression
  Correct data
Mon Dec 26 05:31:12 2022
  Mult 1, Iter 7, Imp 37
  Impute MAN_COLL
  Update data
  Polytomous regression
  Correct data
Mon Dec 26 05:31:15 2022
  Mult 1, Iter 7, Imp 38
  Impute DAY_WEEK
  Update data
  Logistic regression
  Correct data
Mon Dec 26 05:31:16 2022
  Mult 1, Iter 7, Imp 39
  Impute SPEEDREL
  Update data
  Logistic regression
  Correct data
Mon Dec 26 05:31:16 2022
  Mult 1, Iter 7, Imp 40
  Impute VTRAFCON
  Update data
  Polytomous regression
  Correct data
Mon Dec 26 05:31:18 2022
  Mult 1, Iter 7, Imp 41
  Impute VSPD_LIM
  Update data
  Polytomous regression
  Correct data
Mon Dec 26 05:31:19 2022
  Mult 1, Iter 7, Imp 42
  Impute HAZ_REL
  Update data
  Polytomous regression
  Correct data
Mon Dec 26 05:31:21 2022
  Mult 1, Iter 7, Imp 43
  Impute AIR_BAG
  Update data
  Logistic regression
  Correct data
Mon Dec 26 05:31:21 2022
  Mult 1, Iter 7, Imp 44
  Impute HAZ_CNO
  Update data
  Polytomous regression
  Correct data
Mon Dec 26 05:31:23 2022
  Mult 1, Iter 7, Imp 45
  Impute MODEL
  Update data
  Polytomous regression
  Correct data
Mon Dec 26 05:31:25 2022
  Mult 1, Iter 7, Imp 46
  Impute VTCONT_F
  Update data
  Polytomous regression
  Correct data
Mon Dec 26 05:31:27 2022
  Mult 1, Iter 7, Imp 47
  Impute ROLLOVER
  Update data
  Logistic regression
  Correct data
Mon Dec 26 05:31:28 2022
  Mult 1, Iter 7, Imp 48
  Impute PER_TYP
  Update data
  Polytomous regression
  Correct data
Mon Dec 26 05:31:29 2022
  Mult 1, Iter 7, Imp 49
  Impute SCH_BUS
  Update data
  Logistic regression
  Correct data
Mon Dec 26 05:31:30 2022
  Mult 1, Iter 7, Imp 50
  Impute BODY_TYP
  Update data
  Polytomous regression
  Correct data
Mon Dec 26 05:31:32 2022
  Mult 1, Iter 7, Imp 51
  Impute FIRE_EXP
  Update data
  Logistic regression
  Correct data
Mon Dec 26 05:31:32 2022
  Mult 1, Iter 7, Imp 52
  Impute HAZ_PLAC
  Update data
  Logistic regression
  Correct data
Mon Dec 26 05:31:33 2022
  Mult 1, Iter 7, Imp 53
  Impute HOSPITAL
  Update data
  Polytomous regression
  Correct data
Mon Dec 26 05:31:37 2022
  Mult 1, Iter 7, Imp 54
  Impute PSU
  Update data
  Polytomous regression
  Correct data
Mon Dec 26 05:31:38 2022
  Mult 1, Iter 7, Imp 55
  Impute SPEC_USE
  Update data
  Polytomous regression
  Correct data
Mon Dec 26 05:31:40 2022
  Mult 1, Iter 7, Imp 56
  Impute P_CRASH2
  Update data
  Polytomous regression
  Correct data
Mon Dec 26 05:31:41 2022
  Mult 1, Iter 7, Imp 57
  Impute MAX_VSEV
  Update data
  Polytomous regression
  Correct data
Mon Dec 26 05:31:42 2022
  Mult 1, Iter 7, Imp 58
  Impute SEX
  Update data
  Logistic regression
  Correct data
Mon Dec 26 05:31:43 2022
  Mult 1, Iter 7, Imp 59
  Impute TOWED
  Update data
  Polytomous regression
  Correct data
Mon Dec 26 05:31:44 2022
  Mult 1, Iter 7, Imp 60
  Impute MONTH
  Update data
  Polytomous regression
  Correct data
Mon Dec 26 05:31:45 2022
  Mult 1, Iter 7, Imp 61
  Impute VEH_AGE
  Update data
  Polytomous regression
  Correct data
Mon Dec 26 05:31:46 2022
  Mult 1, Iter 7, Imp 62
  Impute INJ_SEV
  Update data
  Polytomous regression
  Correct data
Mon Dec 26 05:31:47 2022
  Mult 1, Iter 7, Imp 63
  Impute AGE
  Update data
  Polytomous regression
  Correct data
Mon Dec 26 05:31:48 2022
  Mult 1, Iter 7, Imp 64
  Impute EMER_USE
  Update data
  Polytomous regression
  Correct data
Mon Dec 26 05:31:50 2022
  Mult 1, Iter 7, Imp 65
  Impute WEATHER
  Update data
  Polytomous regression
  Correct data
Mon Dec 26 05:31:51 2022
  Mult 1, Iter 7, Imp 66
  Impute PCRASH5
  Update data
  Polytomous regression
  Correct data
Mon Dec 26 05:31:53 2022
  Mult 1, Iter 7, Imp 67
  Impute VALIGN
  Update data
  Polytomous regression
  Correct data
Mon Dec 26 05:31:54 2022
  Mult 1, Iter 7, Imp 68
  Impute WRK_ZONE
  Update data
  Polytomous regression
  Correct data
Mon Dec 26 05:31:56 2022
  Mult 1, Iter 7, Imp 69
  Impute VSURCOND
  Update data
  Polytomous regression
  Correct data
Mon Dec 26 05:31:58 2022
  Mult 1, Iter 7, Imp 70
  Impute IMPACT1
  Update data
  Polytomous regression
  Correct data
Mon Dec 26 05:31:59 2022
  Mult 1, Iter 7, Imp 71
  Impute PVH_INVL
  Update data
  Logistic regression
  Correct data
Mon Dec 26 05:32:00 2022
  Mult 1, Iter 7, Imp 72
  Impute MAKE
  Update data
  Polytomous regression
  Correct data
Mon Dec 26 05:32:01 2022
  Mult 1, Iter 7, Imp 73
  Impute NUMOCCS
  Update data
  Polytomous regression
  Correct data
Mon Dec 26 05:32:03 2022
  Mult 1, Iter 7, Imp 74
  Impute VPROFILE
  Update data
  Polytomous regression
  Correct data
Mon Dec 26 05:32:04 2022
  Mult 1, Iter 7, Imp 75
  Impute HAZ_INV
  Update data
  Logistic regression
  Correct data
Mon Dec 26 05:32:05 2022
  Mult 1, Iter 7, Imp 76
  Impute ALCOHOL
  Update data
  Polytomous regression
  Correct data
Mon Dec 26 05:32:06 2022
  Mult 1, Iter 7, Imp 77
  Impute REST_MIS
  Update data
  Logistic regression
  Correct data
Mon Dec 26 05:32:07 2022
  Mult 1, Iter 7, Imp 78
  Impute CARGO_BT
  Update data
  Logistic regression
  Correct data
Mon Dec 26 05:32:08 2022
  Mult 1, Iter 7, Imp 79
  Impute YEAR
  Update data
  Polytomous regression
  Correct data
Mon Dec 26 05:32:09 2022
  Mult 1, Iter 8, Imp 1
  Impute VE_TOTAL
  Update data
  Polytomous regression
  Correct data
Mon Dec 26 05:32:11 2022
  Mult 1, Iter 8, Imp 2
  Impute MAX_SEV
  Update data
  Polytomous regression
  Correct data
Mon Dec 26 05:32:13 2022
  Mult 1, Iter 8, Imp 3
  Impute VTRAFWAY
  Update data
  Polytomous regression
  Correct data
Mon Dec 26 05:32:15 2022
  Mult 1, Iter 8, Imp 4
  Impute PERNOTMVIT
  Update data
  Logistic regression
  Correct data
Mon Dec 26 05:32:16 2022
  Mult 1, Iter 8, Imp 5
  Impute DR_PRES
  Update data
  Logistic regression
  Correct data
Mon Dec 26 05:32:17 2022
  Mult 1, Iter 8, Imp 6
  Impute VEH_ALCH
  Update data
  Logistic regression
  Correct data
Mon Dec 26 05:32:18 2022
  Mult 1, Iter 8, Imp 7
  Impute REL_ROAD
  Update data
  Polytomous regression
  Correct data
Mon Dec 26 05:32:19 2022
  Mult 1, Iter 8, Imp 8
  Impute PCRASH4
  Update data
  Logistic regression
  Correct data
Mon Dec 26 05:32:20 2022
  Mult 1, Iter 8, Imp 9
  Impute SEAT_POS
  Update data
  Polytomous regression
  Correct data
Mon Dec 26 05:32:22 2022
  Mult 1, Iter 8, Imp 10
  Impute PEDS
  Update data
  Polytomous regression
  Correct data
Mon Dec 26 05:32:24 2022
  Mult 1, Iter 8, Imp 11
  Impute ALC_RES
  Update data
  Logistic regression
  Correct data
Mon Dec 26 05:32:25 2022
  Mult 1, Iter 8, Imp 12
  Impute ALC_STATUS
  Update data
  Logistic regression
  Correct data
Mon Dec 26 05:32:25 2022
  Mult 1, Iter 8, Imp 13
  Impute RELJCT2
  Update data
  Polytomous regression
  Warning: Too many iterations, probably due to
           colinearity with dependent variable
  Correct data
Mon Dec 26 05:32:27 2022
  Mult 1, Iter 8, Imp 14
  Impute HOUR
  Update data
  Polytomous regression
  Correct data
Mon Dec 26 05:32:29 2022
  Mult 1, Iter 8, Imp 15
  Impute HIT_RUN
  Update data
  Logistic regression
  Correct data
Mon Dec 26 05:32:29 2022
  Mult 1, Iter 8, Imp 16
  Impute REST_USE
  Update data
  Polytomous regression
  Correct data
Mon Dec 26 05:32:30 2022
  Mult 1, Iter 8, Imp 17
  Impute VE_FORMS
  Update data
  Polytomous regression
  Correct data
Mon Dec 26 05:32:32 2022
  Mult 1, Iter 8, Imp 18
  Impute URBANICITY
  Update data
  Logistic regression
  Correct data
Mon Dec 26 05:32:33 2022
  Mult 1, Iter 8, Imp 19
  Impute NUM_INJ
  Update data
  Polytomous regression
  Correct data
Mon Dec 26 05:32:35 2022
  Mult 1, Iter 8, Imp 20
  Impute EJECTION
  Update data
  Logistic regression
  Correct data
Mon Dec 26 05:32:36 2022
  Mult 1, Iter 8, Imp 21
  Impute REGION
  Update data
  Polytomous regression
  Correct data
Mon Dec 26 05:32:38 2022
  Mult 1, Iter 8, Imp 22
  Impute J_KNIFE
  Update data
  Polytomous regression
  Correct data
Mon Dec 26 05:32:39 2022
  Mult 1, Iter 8, Imp 23
  Impute TOW_VEH
  Update data
  Logistic regression
  Correct data
Mon Dec 26 05:32:40 2022
  Mult 1, Iter 8, Imp 24
  Impute P_CRASH1
  Update data
  Polytomous regression
  Correct data
Mon Dec 26 05:32:42 2022
  Mult 1, Iter 8, Imp 25
  Impute TYP_INT
  Update data
  Polytomous regression
  Warning: Too many iterations, probably due to
           colinearity with dependent variable
  Correct data
Mon Dec 26 05:32:44 2022
  Mult 1, Iter 8, Imp 26
  Impute PERMVIT
  Update data
  Polytomous regression
  Correct data
Mon Dec 26 05:32:45 2022
  Mult 1, Iter 8, Imp 27
  Impute HARM_EV
  Update data
  Polytomous regression
  Correct data
Mon Dec 26 05:32:47 2022
  Mult 1, Iter 8, Imp 28
  Impute RELJCT1
  Update data
  Polytomous regression
  Correct data
Mon Dec 26 05:32:48 2022
  Mult 1, Iter 8, Imp 29
  Impute MAK_MOD
  Update data
  Polytomous regression
  Correct data
Mon Dec 26 05:32:50 2022
  Mult 1, Iter 8, Imp 30
  Impute ACC_TYPE
  Update data
  Polytomous regression
  Correct data
Mon Dec 26 05:32:51 2022
  Mult 1, Iter 8, Imp 31
  Impute PJ
  Update data
  Polytomous regression
  Correct data
Mon Dec 26 05:32:52 2022
  Mult 1, Iter 8, Imp 32
  Impute LGT_COND
  Update data
  Polytomous regression
  Correct data
Mon Dec 26 05:32:53 2022
  Mult 1, Iter 8, Imp 33
  Impute NUM_INJV
  Update data
  Polytomous regression
  Correct data
Mon Dec 26 05:32:55 2022
  Mult 1, Iter 8, Imp 34
  Impute INT_HWY
  Update data
  Logistic regression
  Correct data
Mon Dec 26 05:32:56 2022
  Mult 1, Iter 8, Imp 35
  Impute BUS_USE
  Update data
  Polytomous regression
  Correct data
Mon Dec 26 05:32:58 2022
  Mult 1, Iter 8, Imp 36
  Impute M_HARM
  Update data
  Polytomous regression
  Correct data
Mon Dec 26 05:32:59 2022
  Mult 1, Iter 8, Imp 37
  Impute MAN_COLL
  Update data
  Polytomous regression
  Correct data
Mon Dec 26 05:33:01 2022
  Mult 1, Iter 8, Imp 38
  Impute DAY_WEEK
  Update data
  Logistic regression
  Correct data
Mon Dec 26 05:33:02 2022
  Mult 1, Iter 8, Imp 39
  Impute SPEEDREL
  Update data
  Logistic regression
  Correct data
Mon Dec 26 05:33:03 2022
  Mult 1, Iter 8, Imp 40
  Impute VTRAFCON
  Update data
  Polytomous regression
  Correct data
Mon Dec 26 05:33:05 2022
  Mult 1, Iter 8, Imp 41
  Impute VSPD_LIM
  Update data
  Polytomous regression
  Correct data
Mon Dec 26 05:33:06 2022
  Mult 1, Iter 8, Imp 42
  Impute HAZ_REL
  Update data
  Polytomous regression
  Correct data
Mon Dec 26 05:33:07 2022
  Mult 1, Iter 8, Imp 43
  Impute AIR_BAG
  Update data
  Logistic regression
  Correct data
Mon Dec 26 05:33:08 2022
  Mult 1, Iter 8, Imp 44
  Impute HAZ_CNO
  Update data
  Polytomous regression
  Correct data
Mon Dec 26 05:33:10 2022
  Mult 1, Iter 8, Imp 45
  Impute MODEL
  Update data
  Polytomous regression
  Correct data
Mon Dec 26 05:33:12 2022
  Mult 1, Iter 8, Imp 46
  Impute VTCONT_F
  Update data
  Polytomous regression
  Correct data
Mon Dec 26 05:33:13 2022
  Mult 1, Iter 8, Imp 47
  Impute ROLLOVER
  Update data
  Logistic regression
  Correct data
Mon Dec 26 05:33:14 2022
  Mult 1, Iter 8, Imp 48
  Impute PER_TYP
  Update data
  Polytomous regression
  Correct data
Mon Dec 26 05:33:15 2022
  Mult 1, Iter 8, Imp 49
  Impute SCH_BUS
  Update data
  Logistic regression
  Correct data
Mon Dec 26 05:33:16 2022
  Mult 1, Iter 8, Imp 50
  Impute BODY_TYP
  Update data
  Polytomous regression
  Correct data
Mon Dec 26 05:33:18 2022
  Mult 1, Iter 8, Imp 51
  Impute FIRE_EXP
  Update data
  Logistic regression
  Correct data
Mon Dec 26 05:33:19 2022
  Mult 1, Iter 8, Imp 52
  Impute HAZ_PLAC
  Update data
  Logistic regression
  Correct data
Mon Dec 26 05:33:19 2022
  Mult 1, Iter 8, Imp 53
  Impute HOSPITAL
  Update data
  Polytomous regression
  Correct data
Mon Dec 26 05:33:23 2022
  Mult 1, Iter 8, Imp 54
  Impute PSU
  Update data
  Polytomous regression
  Correct data
Mon Dec 26 05:33:24 2022
  Mult 1, Iter 8, Imp 55
  Impute SPEC_USE
  Update data
  Polytomous regression
  Correct data
Mon Dec 26 05:33:26 2022
  Mult 1, Iter 8, Imp 56
  Impute P_CRASH2
  Update data
  Polytomous regression
  Correct data
Mon Dec 26 05:33:27 2022
  Mult 1, Iter 8, Imp 57
  Impute MAX_VSEV
  Update data
  Polytomous regression
  Warning: Too many iterations, probably due to
           colinearity with dependent variable
  Correct data
Mon Dec 26 05:33:29 2022
  Mult 1, Iter 8, Imp 58
  Impute SEX
  Update data
  Logistic regression
  Correct data
Mon Dec 26 05:33:30 2022
  Mult 1, Iter 8, Imp 59
  Impute TOWED
  Update data
  Polytomous regression
  Correct data
Mon Dec 26 05:33:31 2022
  Mult 1, Iter 8, Imp 60
  Impute MONTH
  Update data
  Polytomous regression
  Correct data
Mon Dec 26 05:33:31 2022
  Mult 1, Iter 8, Imp 61
  Impute VEH_AGE
  Update data
  Polytomous regression
  Correct data
Mon Dec 26 05:33:32 2022
  Mult 1, Iter 8, Imp 62
  Impute INJ_SEV
  Update data
  Polytomous regression
  Correct data
Mon Dec 26 05:33:34 2022
  Mult 1, Iter 8, Imp 63
  Impute AGE
  Update data
  Polytomous regression
  Correct data
Mon Dec 26 05:33:35 2022
  Mult 1, Iter 8, Imp 64
  Impute EMER_USE
  Update data
  Polytomous regression
  Correct data
Mon Dec 26 05:33:36 2022
  Mult 1, Iter 8, Imp 65
  Impute WEATHER
  Update data
  Polytomous regression
  Correct data
Mon Dec 26 05:33:38 2022
  Mult 1, Iter 8, Imp 66
  Impute PCRASH5
  Update data
  Polytomous regression
  Correct data
Mon Dec 26 05:33:39 2022
  Mult 1, Iter 8, Imp 67
  Impute VALIGN
  Update data
  Polytomous regression
  Correct data
Mon Dec 26 05:33:41 2022
  Mult 1, Iter 8, Imp 68
  Impute WRK_ZONE
  Update data
  Polytomous regression
  Correct data
Mon Dec 26 05:33:42 2022
  Mult 1, Iter 8, Imp 69
  Impute VSURCOND
  Update data
  Polytomous regression
  Correct data
Mon Dec 26 05:33:43 2022
  Mult 1, Iter 8, Imp 70
  Impute IMPACT1
  Update data
  Polytomous regression
  Correct data
Mon Dec 26 05:33:45 2022
  Mult 1, Iter 8, Imp 71
  Impute PVH_INVL
  Update data
  Logistic regression
  Correct data
Mon Dec 26 05:33:46 2022
  Mult 1, Iter 8, Imp 72
  Impute MAKE
  Update data
  Polytomous regression
  Correct data
Mon Dec 26 05:33:47 2022
  Mult 1, Iter 8, Imp 73
  Impute NUMOCCS
  Update data
  Polytomous regression
  Correct data
Mon Dec 26 05:33:49 2022
  Mult 1, Iter 8, Imp 74
  Impute VPROFILE
  Update data
  Polytomous regression
  Correct data
Mon Dec 26 05:33:50 2022
  Mult 1, Iter 8, Imp 75
  Impute HAZ_INV
  Update data
  Logistic regression
  Correct data
Mon Dec 26 05:33:50 2022
  Mult 1, Iter 8, Imp 76
  Impute ALCOHOL
  Update data
  Polytomous regression
  Correct data
Mon Dec 26 05:33:52 2022
  Mult 1, Iter 8, Imp 77
  Impute REST_MIS
  Update data
  Logistic regression
  Correct data
Mon Dec 26 05:33:53 2022
  Mult 1, Iter 8, Imp 78
  Impute CARGO_BT
  Update data
  Logistic regression
  Correct data
Mon Dec 26 05:33:53 2022
  Mult 1, Iter 8, Imp 79
  Impute YEAR
  Update data
  Polytomous regression
  Correct data
Mon Dec 26 05:33:54 2022
  Mult 1, Iter 9, Imp 1
  Impute VE_TOTAL
  Update data
  Polytomous regression
  Correct data
Mon Dec 26 05:33:56 2022
  Mult 1, Iter 9, Imp 2
  Impute MAX_SEV
  Update data
  Polytomous regression
  Correct data
Mon Dec 26 05:33:59 2022
  Mult 1, Iter 9, Imp 3
  Impute VTRAFWAY
  Update data
  Polytomous regression
  Correct data
Mon Dec 26 05:34:00 2022
  Mult 1, Iter 9, Imp 4
  Impute PERNOTMVIT
  Update data
  Logistic regression
  Correct data
Mon Dec 26 05:34:01 2022
  Mult 1, Iter 9, Imp 5
  Impute DR_PRES
  Update data
  Logistic regression
  Correct data
Mon Dec 26 05:34:02 2022
  Mult 1, Iter 9, Imp 6
  Impute VEH_ALCH
  Update data
  Logistic regression
  Correct data
Mon Dec 26 05:34:03 2022
  Mult 1, Iter 9, Imp 7
  Impute REL_ROAD
  Update data
  Polytomous regression
  Correct data
Mon Dec 26 05:34:04 2022
  Mult 1, Iter 9, Imp 8
  Impute PCRASH4
  Update data
  Logistic regression
  Correct data
Mon Dec 26 05:34:05 2022
  Mult 1, Iter 9, Imp 9
  Impute SEAT_POS
  Update data
  Polytomous regression
  Correct data
Mon Dec 26 05:34:07 2022
  Mult 1, Iter 9, Imp 10
  Impute PEDS
  Update data
  Polytomous regression
  Correct data
Mon Dec 26 05:34:08 2022
  Mult 1, Iter 9, Imp 11
  Impute ALC_RES
  Update data
  Logistic regression
  Correct data
Mon Dec 26 05:34:09 2022
  Mult 1, Iter 9, Imp 12
  Impute ALC_STATUS
  Update data
  Logistic regression
  Correct data
Mon Dec 26 05:34:10 2022
  Mult 1, Iter 9, Imp 13
  Impute RELJCT2
  Update data
  Polytomous regression
  Correct data
Mon Dec 26 05:34:12 2022
  Mult 1, Iter 9, Imp 14
  Impute HOUR
  Update data
  Polytomous regression
  Correct data
Mon Dec 26 05:34:13 2022
  Mult 1, Iter 9, Imp 15
  Impute HIT_RUN
  Update data
  Logistic regression
  Correct data
Mon Dec 26 05:34:14 2022
  Mult 1, Iter 9, Imp 16
  Impute REST_USE
  Update data
  Polytomous regression
  Correct data
Mon Dec 26 05:34:15 2022
  Mult 1, Iter 9, Imp 17
  Impute VE_FORMS
  Update data
  Polytomous regression
  Correct data
Mon Dec 26 05:34:17 2022
  Mult 1, Iter 9, Imp 18
  Impute URBANICITY
  Update data
  Logistic regression
  Correct data
Mon Dec 26 05:34:17 2022
  Mult 1, Iter 9, Imp 19
  Impute NUM_INJ
  Update data
  Polytomous regression
  Correct data
Mon Dec 26 05:34:20 2022
  Mult 1, Iter 9, Imp 20
  Impute EJECTION
  Update data
  Logistic regression
  Correct data
Mon Dec 26 05:34:20 2022
  Mult 1, Iter 9, Imp 21
  Impute REGION
  Update data
  Polytomous regression
  Correct data
Mon Dec 26 05:34:22 2022
  Mult 1, Iter 9, Imp 22
  Impute J_KNIFE
  Update data
  Polytomous regression
  Correct data
Mon Dec 26 05:34:24 2022
  Mult 1, Iter 9, Imp 23
  Impute TOW_VEH
  Update data
  Logistic regression
  Correct data
Mon Dec 26 05:34:25 2022
  Mult 1, Iter 9, Imp 24
  Impute P_CRASH1
  Update data
  Polytomous regression
  Correct data
Mon Dec 26 05:34:26 2022
  Mult 1, Iter 9, Imp 25
  Impute TYP_INT
  Update data
  Polytomous regression
  Correct data
Mon Dec 26 05:34:28 2022
  Mult 1, Iter 9, Imp 26
  Impute PERMVIT
  Update data
  Polytomous regression
  Correct data
Mon Dec 26 05:34:29 2022
  Mult 1, Iter 9, Imp 27
  Impute HARM_EV
  Update data
  Polytomous regression
  Correct data
Mon Dec 26 05:34:31 2022
  Mult 1, Iter 9, Imp 28
  Impute RELJCT1
  Update data
  Polytomous regression
  Correct data
Mon Dec 26 05:34:32 2022
  Mult 1, Iter 9, Imp 29
  Impute MAK_MOD
  Update data
  Polytomous regression
  Correct data
Mon Dec 26 05:34:34 2022
  Mult 1, Iter 9, Imp 30
  Impute ACC_TYPE
  Update data
  Polytomous regression
  Correct data
Mon Dec 26 05:34:35 2022
  Mult 1, Iter 9, Imp 31
  Impute PJ
  Update data
  Polytomous regression
  Correct data
Mon Dec 26 05:34:36 2022
  Mult 1, Iter 9, Imp 32
  Impute LGT_COND
  Update data
  Polytomous regression
  Correct data
Mon Dec 26 05:34:37 2022
  Mult 1, Iter 9, Imp 33
  Impute NUM_INJV
  Update data
  Polytomous regression
  Correct data
Mon Dec 26 05:34:39 2022
  Mult 1, Iter 9, Imp 34
  Impute INT_HWY
  Update data
  Logistic regression
  Correct data
Mon Dec 26 05:34:40 2022
  Mult 1, Iter 9, Imp 35
  Impute BUS_USE
  Update data
  Polytomous regression
  Correct data
Mon Dec 26 05:34:42 2022
  Mult 1, Iter 9, Imp 36
  Impute M_HARM
  Update data
  Polytomous regression
  Correct data
Mon Dec 26 05:34:43 2022
  Mult 1, Iter 9, Imp 37
  Impute MAN_COLL
  Update data
  Polytomous regression
  Correct data
Mon Dec 26 05:34:45 2022
  Mult 1, Iter 9, Imp 38
  Impute DAY_WEEK
  Update data
  Logistic regression
  Correct data
Mon Dec 26 05:34:46 2022
  Mult 1, Iter 9, Imp 39
  Impute SPEEDREL
  Update data
  Logistic regression
  Correct data
Mon Dec 26 05:34:47 2022
  Mult 1, Iter 9, Imp 40
  Impute VTRAFCON
  Update data
  Polytomous regression
  Correct data
Mon Dec 26 05:34:49 2022
  Mult 1, Iter 9, Imp 41
  Impute VSPD_LIM
  Update data
  Polytomous regression
  Correct data
Mon Dec 26 05:34:50 2022
  Mult 1, Iter 9, Imp 42
  Impute HAZ_REL
  Update data
  Polytomous regression
  Correct data
Mon Dec 26 05:34:51 2022
  Mult 1, Iter 9, Imp 43
  Impute AIR_BAG
  Update data
  Logistic regression
  Correct data
Mon Dec 26 05:34:52 2022
  Mult 1, Iter 9, Imp 44
  Impute HAZ_CNO
  Update data
  Polytomous regression
  Correct data
Mon Dec 26 05:34:54 2022
  Mult 1, Iter 9, Imp 45
  Impute MODEL
  Update data
  Polytomous regression
  Correct data
Mon Dec 26 05:34:56 2022
  Mult 1, Iter 9, Imp 46
  Impute VTCONT_F
  Update data
  Polytomous regression
  Correct data
Mon Dec 26 05:34:57 2022
  Mult 1, Iter 9, Imp 47
  Impute ROLLOVER
  Update data
  Logistic regression
  Correct data
Mon Dec 26 05:34:58 2022
  Mult 1, Iter 9, Imp 48
  Impute PER_TYP
  Update data
  Polytomous regression
  Correct data
Mon Dec 26 05:35:00 2022
  Mult 1, Iter 9, Imp 49
  Impute SCH_BUS
  Update data
  Logistic regression
  Correct data
Mon Dec 26 05:35:00 2022
  Mult 1, Iter 9, Imp 50
  Impute BODY_TYP
  Update data
  Polytomous regression
  Correct data
Mon Dec 26 05:35:02 2022
  Mult 1, Iter 9, Imp 51
  Impute FIRE_EXP
  Update data
  Logistic regression
  Correct data
Mon Dec 26 05:35:03 2022
  Mult 1, Iter 9, Imp 52
  Impute HAZ_PLAC
  Update data
  Logistic regression
  Correct data
Mon Dec 26 05:35:04 2022
  Mult 1, Iter 9, Imp 53
  Impute HOSPITAL
  Update data
  Polytomous regression
  Correct data
Mon Dec 26 05:35:07 2022
  Mult 1, Iter 9, Imp 54
  Impute PSU
  Update data
  Polytomous regression
  Correct data
Mon Dec 26 05:35:09 2022
  Mult 1, Iter 9, Imp 55
  Impute SPEC_USE
  Update data
  Polytomous regression
  Correct data
Mon Dec 26 05:35:10 2022
  Mult 1, Iter 9, Imp 56
  Impute P_CRASH2
  Update data
  Polytomous regression
  Correct data
Mon Dec 26 05:35:12 2022
  Mult 1, Iter 9, Imp 57
  Impute MAX_VSEV
  Update data
  Polytomous regression
  Correct data
Mon Dec 26 05:35:13 2022
  Mult 1, Iter 9, Imp 58
  Impute SEX
  Update data
  Logistic regression
  Correct data
Mon Dec 26 05:35:14 2022
  Mult 1, Iter 9, Imp 59
  Impute TOWED
  Update data
  Polytomous regression
  Correct data
Mon Dec 26 05:35:15 2022
  Mult 1, Iter 9, Imp 60
  Impute MONTH
  Update data
  Polytomous regression
  Correct data
Mon Dec 26 05:35:16 2022
  Mult 1, Iter 9, Imp 61
  Impute VEH_AGE
  Update data
  Polytomous regression
  Correct data
Mon Dec 26 05:35:17 2022
  Mult 1, Iter 9, Imp 62
  Impute INJ_SEV
  Update data
  Polytomous regression
  Correct data
Mon Dec 26 05:35:18 2022
  Mult 1, Iter 9, Imp 63
  Impute AGE
  Update data
  Polytomous regression
  Correct data
Mon Dec 26 05:35:19 2022
  Mult 1, Iter 9, Imp 64
  Impute EMER_USE
  Update data
  Polytomous regression
  Correct data
Mon Dec 26 05:35:21 2022
  Mult 1, Iter 9, Imp 65
  Impute WEATHER
  Update data
  Polytomous regression
  Correct data
Mon Dec 26 05:35:22 2022
  Mult 1, Iter 9, Imp 66
  Impute PCRASH5
  Update data
  Polytomous regression
  Correct data
Mon Dec 26 05:35:24 2022
  Mult 1, Iter 9, Imp 67
  Impute VALIGN
  Update data
  Polytomous regression
  Correct data
Mon Dec 26 05:35:25 2022
  Mult 1, Iter 9, Imp 68
  Impute WRK_ZONE
  Update data
  Polytomous regression
  Correct data
Mon Dec 26 05:35:27 2022
  Mult 1, Iter 9, Imp 69
  Impute VSURCOND
  Update data
  Polytomous regression
  Correct data
Mon Dec 26 05:35:28 2022
  Mult 1, Iter 9, Imp 70
  Impute IMPACT1
  Update data
  Polytomous regression
  Correct data
Mon Dec 26 05:35:30 2022
  Mult 1, Iter 9, Imp 71
  Impute PVH_INVL
  Update data
  Logistic regression
  Correct data
Mon Dec 26 05:35:31 2022
  Mult 1, Iter 9, Imp 72
  Impute MAKE
  Update data
  Polytomous regression
  Correct data
Mon Dec 26 05:35:32 2022
  Mult 1, Iter 9, Imp 73
  Impute NUMOCCS
  Update data
  Polytomous regression
  Correct data
Mon Dec 26 05:35:34 2022
  Mult 1, Iter 9, Imp 74
  Impute VPROFILE
  Update data
  Polytomous regression
  Correct data
Mon Dec 26 05:35:34 2022
  Mult 1, Iter 9, Imp 75
  Impute HAZ_INV
  Update data
  Logistic regression
  Correct data
Mon Dec 26 05:35:35 2022
  Mult 1, Iter 9, Imp 76
  Impute ALCOHOL
  Update data
  Polytomous regression
  Correct data
Mon Dec 26 05:35:37 2022
  Mult 1, Iter 9, Imp 77
  Impute REST_MIS
  Update data
  Logistic regression
  Correct data
Mon Dec 26 05:35:37 2022
  Mult 1, Iter 9, Imp 78
  Impute CARGO_BT
  Update data
  Logistic regression
  Correct data
Mon Dec 26 05:35:38 2022
  Mult 1, Iter 9, Imp 79
  Impute YEAR
  Update data
  Polytomous regression
  Correct data
Mon Dec 26 05:35:39 2022
  Mult 1, Iter 10, Imp 1
  Impute VE_TOTAL
  Update data
  Polytomous regression
  Correct data
Mon Dec 26 05:35:41 2022
  Mult 1, Iter 10, Imp 2
  Impute MAX_SEV
  Update data
  Polytomous regression
  Correct data
Mon Dec 26 05:35:44 2022
  Mult 1, Iter 10, Imp 3
  Impute VTRAFWAY
  Update data
  Polytomous regression
  Correct data
Mon Dec 26 05:35:46 2022
  Mult 1, Iter 10, Imp 4
  Impute PERNOTMVIT
  Update data
  Logistic regression
  Correct data
Mon Dec 26 05:35:47 2022
  Mult 1, Iter 10, Imp 5
  Impute DR_PRES
  Update data
  Logistic regression
  Correct data
Mon Dec 26 05:35:48 2022
  Mult 1, Iter 10, Imp 6
  Impute VEH_ALCH
  Update data
  Logistic regression
  Correct data
Mon Dec 26 05:35:49 2022
  Mult 1, Iter 10, Imp 7
  Impute REL_ROAD
  Update data
  Polytomous regression
  Correct data
Mon Dec 26 05:35:50 2022
  Mult 1, Iter 10, Imp 8
  Impute PCRASH4
  Update data
  Logistic regression
  Correct data
Mon Dec 26 05:35:51 2022
  Mult 1, Iter 10, Imp 9
  Impute SEAT_POS
  Update data
  Polytomous regression
  Correct data
Mon Dec 26 05:35:52 2022
  Mult 1, Iter 10, Imp 10
  Impute PEDS
  Update data
  Polytomous regression
  Correct data
Mon Dec 26 05:35:54 2022
  Mult 1, Iter 10, Imp 11
  Impute ALC_RES
  Update data
  Logistic regression
  Correct data
Mon Dec 26 05:35:55 2022
  Mult 1, Iter 10, Imp 12
  Impute ALC_STATUS
  Update data
  Logistic regression
  Correct data
Mon Dec 26 05:35:56 2022
  Mult 1, Iter 10, Imp 13
  Impute RELJCT2
  Update data
  Polytomous regression
  Correct data
Mon Dec 26 05:35:57 2022
  Mult 1, Iter 10, Imp 14
  Impute HOUR
  Update data
  Polytomous regression
  Correct data
Mon Dec 26 05:35:59 2022
  Mult 1, Iter 10, Imp 15
  Impute HIT_RUN
  Update data
  Logistic regression
  Correct data
Mon Dec 26 05:36:00 2022
  Mult 1, Iter 10, Imp 16
  Impute REST_USE
  Update data
  Polytomous regression
  Correct data
Mon Dec 26 05:36:01 2022
  Mult 1, Iter 10, Imp 17
  Impute VE_FORMS
  Update data
  Polytomous regression
  Correct data
Mon Dec 26 05:36:02 2022
  Mult 1, Iter 10, Imp 18
  Impute URBANICITY
  Update data
  Logistic regression
  Correct data
Mon Dec 26 05:36:03 2022
  Mult 1, Iter 10, Imp 19
  Impute NUM_INJ
  Update data
  Polytomous regression
  Correct data
Mon Dec 26 05:36:05 2022
  Mult 1, Iter 10, Imp 20
  Impute EJECTION
  Update data
  Logistic regression
  Correct data
Mon Dec 26 05:36:06 2022
  Mult 1, Iter 10, Imp 21
  Impute REGION
  Update data
  Polytomous regression
  Correct data
Mon Dec 26 05:36:08 2022
  Mult 1, Iter 10, Imp 22
  Impute J_KNIFE
  Update data
  Polytomous regression
  Correct data
Mon Dec 26 05:36:10 2022
  Mult 1, Iter 10, Imp 23
  Impute TOW_VEH
  Update data
  Logistic regression
  Correct data
Mon Dec 26 05:36:11 2022
  Mult 1, Iter 10, Imp 24
  Impute P_CRASH1
  Update data
  Polytomous regression
  Correct data
Mon Dec 26 05:36:12 2022
  Mult 1, Iter 10, Imp 25
  Impute TYP_INT
  Update data
  Polytomous regression
  Correct data
Mon Dec 26 05:36:14 2022
  Mult 1, Iter 10, Imp 26
  Impute PERMVIT
  Update data
  Polytomous regression
  Correct data
Mon Dec 26 05:36:15 2022
  Mult 1, Iter 10, Imp 27
  Impute HARM_EV
  Update data
  Polytomous regression
  Correct data
Mon Dec 26 05:36:16 2022
  Mult 1, Iter 10, Imp 28
  Impute RELJCT1
  Update data
  Polytomous regression
  Correct data
Mon Dec 26 05:36:18 2022
  Mult 1, Iter 10, Imp 29
  Impute MAK_MOD
  Update data
  Polytomous regression
  Correct data
Mon Dec 26 05:36:19 2022
  Mult 1, Iter 10, Imp 30
  Impute ACC_TYPE
  Update data
  Polytomous regression
  Correct data
Mon Dec 26 05:36:20 2022
  Mult 1, Iter 10, Imp 31
  Impute PJ
  Update data
  Polytomous regression
  Correct data
Mon Dec 26 05:36:21 2022
  Mult 1, Iter 10, Imp 32
  Impute LGT_COND
  Update data
  Polytomous regression
  Correct data
Mon Dec 26 05:36:23 2022
  Mult 1, Iter 10, Imp 33
  Impute NUM_INJV
  Update data
  Polytomous regression
  Correct data
Mon Dec 26 05:36:25 2022
  Mult 1, Iter 10, Imp 34
  Impute INT_HWY
  Update data
  Logistic regression
  Correct data
Mon Dec 26 05:36:26 2022
  Mult 1, Iter 10, Imp 35
  Impute BUS_USE
  Update data
  Polytomous regression
  Correct data
Mon Dec 26 05:36:27 2022
  Mult 1, Iter 10, Imp 36
  Impute M_HARM
  Update data
  Polytomous regression
  Correct data
Mon Dec 26 05:36:28 2022
  Mult 1, Iter 10, Imp 37
  Impute MAN_COLL
  Update data
  Polytomous regression
  Correct data
Mon Dec 26 05:36:30 2022
  Mult 1, Iter 10, Imp 38
  Impute DAY_WEEK
  Update data
  Logistic regression
  Correct data
Mon Dec 26 05:36:30 2022
  Mult 1, Iter 10, Imp 39
  Impute SPEEDREL
  Update data
  Logistic regression
  Correct data
Mon Dec 26 05:36:31 2022
  Mult 1, Iter 10, Imp 40
  Impute VTRAFCON
  Update data
  Polytomous regression
  Correct data
Mon Dec 26 05:36:33 2022
  Mult 1, Iter 10, Imp 41
  Impute VSPD_LIM
  Update data
  Polytomous regression
  Correct data
Mon Dec 26 05:36:34 2022
  Mult 1, Iter 10, Imp 42
  Impute HAZ_REL
  Update data
  Polytomous regression
  Correct data
Mon Dec 26 05:36:36 2022
  Mult 1, Iter 10, Imp 43
  Impute AIR_BAG
  Update data
  Logistic regression
  Correct data
Mon Dec 26 05:36:37 2022
  Mult 1, Iter 10, Imp 44
  Impute HAZ_CNO
  Update data
  Polytomous regression
  Correct data
Mon Dec 26 05:36:38 2022
  Mult 1, Iter 10, Imp 45
  Impute MODEL
  Update data
  Polytomous regression
  Correct data
Mon Dec 26 05:36:40 2022
  Mult 1, Iter 10, Imp 46
  Impute VTCONT_F
  Update data
  Polytomous regression
  Correct data
Mon Dec 26 05:36:41 2022
  Mult 1, Iter 10, Imp 47
  Impute ROLLOVER
  Update data
  Logistic regression
  Correct data
Mon Dec 26 05:36:42 2022
  Mult 1, Iter 10, Imp 48
  Impute PER_TYP
  Update data
  Polytomous regression
  Correct data
Mon Dec 26 05:36:43 2022
  Mult 1, Iter 10, Imp 49
  Impute SCH_BUS
  Update data
  Logistic regression
  Correct data
Mon Dec 26 05:36:44 2022
  Mult 1, Iter 10, Imp 50
  Impute BODY_TYP
  Update data
  Polytomous regression
  Correct data
Mon Dec 26 05:36:46 2022
  Mult 1, Iter 10, Imp 51
  Impute FIRE_EXP
  Update data
  Logistic regression
  Correct data
Mon Dec 26 05:36:47 2022
  Mult 1, Iter 10, Imp 52
  Impute HAZ_PLAC
  Update data
  Logistic regression
  Correct data
Mon Dec 26 05:36:48 2022
  Mult 1, Iter 10, Imp 53
  Impute HOSPITAL
  Update data
  Polytomous regression
  Correct data
Mon Dec 26 05:36:51 2022
  Mult 1, Iter 10, Imp 54
  Impute PSU
  Update data
  Polytomous regression
  Correct data
Mon Dec 26 05:36:53 2022
  Mult 1, Iter 10, Imp 55
  Impute SPEC_USE
  Update data
  Polytomous regression
  Correct data
Mon Dec 26 05:36:54 2022
  Mult 1, Iter 10, Imp 56
  Impute P_CRASH2
  Update data
  Polytomous regression
  Correct data
Mon Dec 26 05:36:55 2022
  Mult 1, Iter 10, Imp 57
  Impute MAX_VSEV
  Update data
  Polytomous regression
  Correct data
Mon Dec 26 05:36:57 2022
  Mult 1, Iter 10, Imp 58
  Impute SEX
  Update data
  Logistic regression
  Correct data
Mon Dec 26 05:36:58 2022
  Mult 1, Iter 10, Imp 59
  Impute TOWED
  Update data
  Polytomous regression
  Correct data
Mon Dec 26 05:36:59 2022
  Mult 1, Iter 10, Imp 60
  Impute MONTH
  Update data
  Polytomous regression
  Correct data
Mon Dec 26 05:37:00 2022
  Mult 1, Iter 10, Imp 61
  Impute VEH_AGE
  Update data
  Polytomous regression
  Correct data
Mon Dec 26 05:37:01 2022
  Mult 1, Iter 10, Imp 62
  Impute INJ_SEV
  Update data
  Polytomous regression
  Correct data
Mon Dec 26 05:37:02 2022
  Mult 1, Iter 10, Imp 63
  Impute AGE
  Update data
  Polytomous regression
  Correct data
Mon Dec 26 05:37:03 2022
  Mult 1, Iter 10, Imp 64
  Impute EMER_USE
  Update data
  Polytomous regression
  Correct data
Mon Dec 26 05:37:05 2022
  Mult 1, Iter 10, Imp 65
  Impute WEATHER
  Update data
  Polytomous regression
  Correct data
Mon Dec 26 05:37:06 2022
  Mult 1, Iter 10, Imp 66
  Impute PCRASH5
  Update data
  Polytomous regression
  Correct data
Mon Dec 26 05:37:08 2022
  Mult 1, Iter 10, Imp 67
  Impute VALIGN
  Update data
  Polytomous regression
  Correct data
Mon Dec 26 05:37:09 2022
  Mult 1, Iter 10, Imp 68
  Impute WRK_ZONE
  Update data
  Polytomous regression
  Correct data
Mon Dec 26 05:37:11 2022
  Mult 1, Iter 10, Imp 69
  Impute VSURCOND
  Update data
  Polytomous regression
  Correct data
Mon Dec 26 05:37:12 2022
  Mult 1, Iter 10, Imp 70
  Impute IMPACT1
  Update data
  Polytomous regression
  Correct data
Mon Dec 26 05:37:14 2022
  Mult 1, Iter 10, Imp 71
  Impute PVH_INVL
  Update data
  Logistic regression
  Correct data
Mon Dec 26 05:37:15 2022
  Mult 1, Iter 10, Imp 72
  Impute MAKE
  Update data
  Polytomous regression
  Correct data
Mon Dec 26 05:37:16 2022
  Mult 1, Iter 10, Imp 73
  Impute NUMOCCS
  Update data
  Polytomous regression
  Correct data
Mon Dec 26 05:37:18 2022
  Mult 1, Iter 10, Imp 74
  Impute VPROFILE
  Update data
  Polytomous regression
  Correct data
Mon Dec 26 05:37:18 2022
  Mult 1, Iter 10, Imp 75
  Impute HAZ_INV
  Update data
  Logistic regression
  Correct data
Mon Dec 26 05:37:19 2022
  Mult 1, Iter 10, Imp 76
  Impute ALCOHOL
  Update data
  Polytomous regression
  Correct data
Mon Dec 26 05:37:21 2022
  Mult 1, Iter 10, Imp 77
  Impute REST_MIS
  Update data
  Logistic regression
  Correct data
Mon Dec 26 05:37:21 2022
  Mult 1, Iter 10, Imp 78
  Impute CARGO_BT
  Update data
  Logistic regression
  Correct data
Mon Dec 26 05:37:22 2022
  Mult 1, Iter 10, Imp 79
  Impute YEAR
  Update data
  Polytomous regression
  Correct data
Mon Dec 26 05:37:23 2022
  Output data
  End execution

Mon Dec 26 05:37:24 2022
  Begin Putdata execution
  End execution
