\BOOKMARK [0][-]{section*.1}{\376\377\000O\000n\000e\000\040\000P\000a\000g\000e\000\040\000S\000u\000m\000m\000a\000r\000y}{}% 1
\BOOKMARK [0][-]{section*.4}{\376\377\000I\000n\000d\000e\000x}{}% 2
\BOOKMARK [0][-]{section*.5}{\376\377\000A\000c\000r\000o\000n\000y\000m\000s}{}% 3
\BOOKMARK [0][-]{chapter.0}{\376\377\000Q\000u\000a\000l\000i\000f\000i\000c\000a\000t\000i\000o\000n\000s}{}% 4
\BOOKMARK [1][-]{section.0.1}{\376\377\000P\000r\000e\000p\000a\000r\000a\000t\000i\000o\000n\000\040\000a\000n\000d\000\040\000D\000e\000g\000r\000e\000e\000\040\000P\000l\000a\000n}{chapter.0}% 5
\BOOKMARK [2][-]{subsection.0.1.1}{\376\377\000P\000r\000e\000v\000i\000o\000u\000s\000\040\000E\000d\000u\000c\000a\000t\000i\000o\000n}{section.0.1}% 6
\BOOKMARK [2][-]{subsection.0.1.2}{\376\377\000C\000o\000u\000r\000s\000e\000s\000\040\000T\000a\000k\000e\000n}{section.0.1}% 7
\BOOKMARK [2][-]{subsection.0.1.3}{\376\377\000E\000x\000a\000m\000i\000n\000a\000t\000i\000o\000n\000s}{section.0.1}% 8
\BOOKMARK [2][-]{subsection.0.1.4}{\376\377\000P\000h\000D\000\040\000D\000e\000g\000r\000e\000e\000\040\000R\000e\000q\000u\000i\000r\000e\000m\000e\000n\000t\000s}{section.0.1}% 9
\BOOKMARK [2][-]{subsection.0.1.5}{\376\377\000F\000a\000l\000l\000\040\0002\0000\0002\0002\000\040\000P\000l\000a\000n}{section.0.1}% 10
\BOOKMARK [2][-]{subsection.0.1.6}{\376\377\000R\000e\000m\000a\000i\000n\000i\000n\000g\000\040\000R\000e\000q\000u\000i\000r\000e\000m\000e\000n\000t\000s}{section.0.1}% 11
\BOOKMARK [2][-]{subsection.0.1.7}{\376\377\000P\000l\000a\000n\000\040\000f\000o\000r\000\040\000C\000o\000m\000p\000l\000e\000t\000i\000n\000g\000\040\000D\000e\000g\000r\000e\000e}{section.0.1}% 12
\BOOKMARK [2][-]{subsection.0.1.8}{\376\377\000C\000o\000m\000m\000i\000t\000t\000e\000e\000\040\000M\000e\000m\000b\000e\000r\000s}{section.0.1}% 13
\BOOKMARK [1][-]{section.0.2}{\376\377\000P\000r\000e\000v\000i\000o\000u\000s\000\040\000W\000o\000r\000k}{chapter.0}% 14
\BOOKMARK [0][-]{chapter.1}{\376\377\000I\000n\000t\000r\000o\000d\000u\000c\000t\000i\000o\000n}{}% 15
\BOOKMARK [1][-]{section.1.1}{\376\377\000P\000r\000o\000b\000l\000e\000m}{chapter.1}% 16
\BOOKMARK [2][-]{subsection.1.1.1}{\376\377\000A\000p\000p\000l\000i\000c\000a\000t\000i\000o\000n}{section.1.1}% 17
\BOOKMARK [2][-]{subsection.1.1.2}{\376\377\000D\000a\000t\000a\000s\000e\000t\000s}{section.1.1}% 18
\BOOKMARK [2][-]{subsection.1.1.3}{\376\377\000I\000m\000b\000a\000l\000a\000n\000c\000e\000d\000\040\000D\000a\000t\000a}{section.1.1}% 19
\BOOKMARK [2][-]{subsection.1.1.4}{\376\377\000T\000r\000a\000d\000e\000o\000f\000f\000s}{section.1.1}% 20
\BOOKMARK [1][-]{section.1.2}{\376\377\000N\000o\000v\000e\000l\000\040\000C\000o\000n\000t\000r\000i\000b\000u\000t\000i\000o\000n\000s\000\040\000o\000f\000\040\000t\000h\000i\000s\000\040\000W\000o\000r\000k\000\040\000\050\000K\000n\000o\000w\000l\000e\000d\000g\000e\000\040\000G\000a\000p\000\051}{chapter.1}% 21
\BOOKMARK [0][-]{chapter.2}{\376\377\000L\000i\000t\000\040\000R\000e\000v\000i\000e\000w\000:\000\040\000C\000r\000a\000s\000h\000\040\000A\000n\000a\000l\000y\000s\000i\000s}{}% 22
\BOOKMARK [1][-]{section.2.1}{\376\377\000J\000o\000u\000r\000n\000a\000l\000s\000\040\000w\000i\000t\000h\000\040\000S\000e\000l\000f\000\040\000D\000e\000s\000c\000r\000i\000p\000t\000i\000o\000n\000\040\000a\000n\000d\000\040\000R\000a\000n\000k\000i\000n\000g\000s}{chapter.2}% 23
\BOOKMARK [1][-]{section.2.2}{\376\377\000A\000r\000t\000i\000c\000l\000e\000s\000\040\000u\000s\000i\000n\000g\000\040\000S\000i\000m\000i\000l\000a\000r\000\040\000D\000a\000t\000a\000s\000e\000t\000s}{chapter.2}% 24
\BOOKMARK [1][-]{section.2.3}{\376\377\000A\000r\000t\000i\000c\000l\000e\000s\000\040\000o\000n\000\040\000I\000m\000b\000a\000l\000a\000n\000c\000e\000d\000\040\000C\000r\000a\000s\000h\000\040\000D\000a\000t\000a}{chapter.2}% 25
\BOOKMARK [1][-]{section.2.4}{\376\377\000A\000m\000b\000u\000l\000a\000n\000c\000e\000s}{chapter.2}% 26
\BOOKMARK [1][-]{section.2.5}{\376\377\000i\000P\000h\000o\000n\000e\000\040\000t\000o\000\040\000A\000u\000t\000o\000m\000a\000t\000i\000c\000a\000l\000l\000y\000\040\000D\000e\000t\000e\000c\000t\000\040\000C\000r\000a\000s\000h\000\040\000a\000n\000d\000\040\000C\000a\000l\000l\000\040\000E\000m\000e\000r\000g\000e\000n\000c\000y\000\040\000S\000e\000r\000v\000i\000c\000e\000s}{chapter.2}% 27
\BOOKMARK [1][-]{section.2.6}{\376\377\000W\000e\000a\000t\000h\000e\000r}{chapter.2}% 28
\BOOKMARK [1][-]{section.2.7}{\376\377\000L\000a\000g\000n\000i\000a\000p\000p\000e}{chapter.2}% 29
\BOOKMARK [1][-]{section.2.8}{\376\377\000S\000i\000g\000n\000i\000f\000i\000c\000a\000n\000t\000\040\000A\000u\000t\000h\000o\000r\000s}{chapter.2}% 30
\BOOKMARK [1][-]{section.2.9}{\376\377\000T\000R\000\137\000C\000\040\000A\000r\000t\000i\000c\000l\000e\000s\000\040\000o\000n\000\040\000M\000a\000c\000h\000i\000n\000e\000\040\000L\000e\000a\000r\000n\000i\000n\000g}{chapter.2}% 31
\BOOKMARK [2][-]{subsection.2.9.1}{\376\377\000A\000p\000p\000l\000i\000c\000a\000t\000i\000o\000n\000\040\000o\000f\000\040\000a\000r\000t\000i\000c\000l\000e\000s\000\040\000w\000h\000o\000s\000e\000\040\000k\000e\000y\000w\000o\000r\000d\000s\000\040\000c\000o\000n\000t\000a\000i\000n\000\040\000m\000a\000c\000h\000i\000n\000e\000\040\000l\000e\000a\000r\000n\000i\000n\000g\000,\000\040\000d\000e\000e\000p\000\040\000l\000e\000a\000r\000n\000i\000n\000g\000,\000\040\000o\000r\000\040\000r\000e\000i\000n\000f\000o\000r\000c\000e\000m\000e\000n\000t\000\040\000l\000e\000a\000r\000i\000n\000g}{section.2.9}% 32
\BOOKMARK [2][-]{subsection.2.9.2}{\376\377\000A\000r\000t\000i\000c\000l\000e\000s\000\040\000w\000h\000o\000s\000e\000\040\000a\000b\000s\000t\000r\000a\000c\000t\000s\000\040\000r\000e\000f\000e\000r\000\040\000t\000o\000\040\000i\000m\000b\000a\000l\000a\000n\000c\000e\000d\000\040\000d\000a\000t\000a}{section.2.9}% 33
\BOOKMARK [2][-]{subsection.2.9.3}{\376\377\000C\000r\000a\000s\000h\000e\000s}{section.2.9}% 34
\BOOKMARK [0][-]{chapter.3}{\376\377\000L\000i\000t\000\040\000R\000e\000v\000i\000e\000w\000:\000\040\000D\000a\000t\000a\000\040\000C\000l\000e\000a\000n\000i\000n\000g}{}% 35
\BOOKMARK [1][-]{section.3.1}{\376\377\000C\000l\000e\000a\000n\000i\000n\000g\000\040\000T\000e\000c\000h\000n\000i\000q\000u\000e\000s\000\040\000U\000s\000e\000d\000\040\000i\000n\000\040\000C\000r\000a\000s\000h\000\040\000A\000n\000a\000l\000y\000s\000i\000s\000\040\000S\000t\000u\000d\000i\000e\000s}{chapter.3}% 36
\BOOKMARK [0][-]{chapter.4}{\376\377\000L\000i\000t\000\040\000R\000e\000v\000i\000e\000w\000:\000\040\000M\000e\000t\000h\000o\000d\000s\000\040\000f\000o\000r\000\040\000I\000m\000b\000a\000l\000a\000n\000c\000e\000d\000\040\000D\000a\000t\000a}{}% 37
\BOOKMARK [1][-]{section.4.1}{\376\377\000A\000l\000g\000o\000r\000i\000t\000h\000m\000\040\000L\000e\000v\000e\000l\000\040\000A\000p\000p\000r\000o\000a\000c\000h\000e\000s}{chapter.4}% 38
\BOOKMARK [2][-]{subsection.4.1.1}{\376\377\000S\000o\000m\000e\000\040\000P\000a\000p\000e\000r\000s}{section.4.1}% 39
\BOOKMARK [2][-]{subsection.4.1.2}{\376\377\000G\000e\000n\000e\000t\000i\000c\000\040\000A\000l\000g\000o\000r\000i\000t\000h\000m\000s}{section.4.1}% 40
\BOOKMARK [2][-]{subsection.4.1.3}{\376\377\000S\000u\000b\000s\000p\000a\000c\000e\000\040\000M\000o\000d\000e\000l}{section.4.1}% 41
\BOOKMARK [1][-]{section.4.2}{\376\377\000M\000e\000t\000r\000i\000c\000s}{chapter.4}% 42
\BOOKMARK [2][-]{subsection.4.2.1}{\376\377\000T\000h\000e\000\040\000P\000r\000o\000b\000l\000e\000m\000:\000\040\000I\000m\000b\000a\000l\000a\000n\000c\000e\000d\000\040\000D\000a\000t\000a\000\040\000S\000e\000t}{section.4.2}% 43
\BOOKMARK [2][-]{subsection.4.2.2}{\376\377\000S\000t\000a\000n\000d\000a\000r\000d\000\040\000M\000e\000t\000r\000i\000c\000s}{section.4.2}% 44
\BOOKMARK [2][-]{subsection.4.2.3}{\376\377\000B\000a\000l\000a\000n\000c\000e\000d\000\040\000P\000r\000e\000c\000i\000s\000i\000o\000n\000\040\000a\000n\000d\000\040\000B\000a\000l\000a\000n\000c\000e\000d\000\040\000F\0001\000\040\000i\000n\000\040\000t\000h\000e\000\040\000P\000e\000n\000a\000l\000t\000y\000\040\000F\000u\000n\000c\000t\000i\000o\000n}{section.4.2}% 45
\BOOKMARK [2][-]{subsection.4.2.4}{\376\377\000B\000a\000l\000a\000n\000c\000e\000d\000\040\000P\000r\000e\000c\000i\000s\000i\000o\000n\000\040\000i\000n\000\040\000t\000h\000e\000\040\000L\000i\000t\000e\000r\000a\000t\000u\000r\000e}{section.4.2}% 46
\BOOKMARK [2][-]{subsection.4.2.5}{\376\377\000B\000a\000l\000a\000n\000c\000e\000d\000\040\000A\000c\000c\000u\000r\000a\000c\000y}{section.4.2}% 47
\BOOKMARK [2][-]{subsection.4.2.6}{\376\377\000B\000a\000l\000a\000n\000c\000e\000d\000\040\000P\000r\000e\000c\000i\000s\000i\000o\000n}{section.4.2}% 48
\BOOKMARK [2][-]{subsection.4.2.7}{\376\377\000B\000a\000l\000a\000n\000c\000i\000n\000g\000\040\000T\000w\000o\000\040\000M\000e\000t\000r\000i\000c\000s\000:\000\040\000F\0001\000\040\000a\000n\000d\000\040\000G\000m\000e\000a\000n}{section.4.2}% 49
\BOOKMARK [3][-]{section*.7}{\376\377\000F\0001\000\040\000M\000e\000t\000r\000i\000c}{subsection.4.2.7}% 50
\BOOKMARK [3][-]{section*.8}{\376\377\000G\000m\000e\000a\000n}{subsection.4.2.7}% 51
\BOOKMARK [1][-]{section.4.3}{\376\377\000L\000o\000s\000s\000\040\000F\000u\000n\000c\000t\000i\000o\000n\000s}{chapter.4}% 52
\BOOKMARK [2][-]{subsection.4.3.1}{\376\377\000B\000i\000n\000a\000r\000y\000\040\000C\000r\000o\000s\000s\000-\000E\000n\000t\000r\000o\000p\000y\000\040\000L\000o\000s\000s\000\040\000F\000u\000n\000c\000t\000i\000o\000n}{section.4.3}% 53
\BOOKMARK [2][-]{subsection.4.3.2}{\376\377\000C\000l\000a\000s\000s\000\040\000W\000e\000i\000g\000h\000t\000s\000\040\000a\000n\000d\000\040\000-\000w\000e\000i\000g\000h\000t\000e\000d\000\040\000L\000o\000s\000s}{section.4.3}% 54
\BOOKMARK [2][-]{subsection.4.3.3}{\376\377\000O\000v\000e\000r\000s\000a\000m\000p\000l\000i\000n\000g}{section.4.3}% 55
\BOOKMARK [2][-]{subsection.4.3.4}{\376\377\000N\000a\000\357\000v\000e\000\040\000O\000v\000e\000r\000s\000a\000m\000p\000l\000i\000n\000g}{section.4.3}% 56
\BOOKMARK [2][-]{subsection.4.3.5}{\376\377\000C\000l\000a\000s\000s\000\040\000W\000e\000i\000g\000h\000t\000s\000\040\000v\000/\000s\000\040\000N\000a\000\357\000v\000e\000\040\000O\000v\000e\000r\000s\000a\000m\000p\000l\000i\000n\000g\000:\000\040\000T\000h\000e\000y\000'\000r\000e\000\040\000t\000h\000e\000\040\000S\000a\000m\000e}{section.4.3}% 57
\BOOKMARK [2][-]{subsection.4.3.6}{\376\377\000F\000o\000c\000a\000l\000\040\000L\000o\000s\000s}{section.4.3}% 58
\BOOKMARK [2][-]{subsection.4.3.7}{\376\377\000O\000p\000t\000i\000m\000i\000z\000i\000n\000g\000\040\000F}{section.4.3}% 59
\BOOKMARK [2][-]{subsection.4.3.8}{\376\377\000T\000r\000e\000e\000-\000B\000a\000s\000e\000d\000\040\000M\000e\000t\000h\000o\000d\000s}{section.4.3}% 60
\BOOKMARK [2][-]{subsection.4.3.9}{\376\377\000-\000w\000e\000i\000g\000h\000t\000e\000d\000\040\000B\000i\000n\000a\000r\000y\000\040\000C\000r\000o\000s\000s\000-\000E\000n\000t\000r\000o\000p\000y\000\040\000L\000o\000s\000s\000\040\000F\000u\000n\000c\000t\000i\000o\000n\000\040\000a\000s\000\040\000E\000t\000h\000i\000c\000a\000l\000\040\000T\000r\000a\000d\000e\000o\000f\000f}{section.4.3}% 61
\BOOKMARK [3][-]{section*.9}{\376\377\000M\000a\000t\000r\000i\000x}{subsection.4.3.9}% 62
\BOOKMARK [3][-]{section*.10}{\376\377\000S\000w\000i\000t\000c\000h\000i\000n\000g\000\040\000b\000e\000t\000w\000e\000e\000n\000\040\000B\000i\000n\000a\000r\000y\000\040\000a\000n\000d\000\040\000C\000o\000n\000t\000i\000n\000u\000o\000u\000s}{subsection.4.3.9}% 63
\BOOKMARK [3][-]{section*.11}{\376\377\000S\000c\000e\000n\000a\000r\000i\000o}{subsection.4.3.9}% 64
\BOOKMARK [3][-]{section*.12}{\376\377\000B\000i\000n\000a\000r\000y\000\040\000h}{subsection.4.3.9}% 65
\BOOKMARK [3][-]{section*.13}{\376\377\000C\000o\000n\000t\000i\000n\000u\000o\000u\000s\000\040\000h}{subsection.4.3.9}% 66
\BOOKMARK [3][-]{section*.14}{\376\377\000W\000h\000y\000\040\000a\000r\000e\000\040\000t\000h\000e\000s\000e\000\040\000e\000q\000u\000i\000v\000a\000l\000e\000n\000t\000?}{subsection.4.3.9}% 67
\BOOKMARK [3][-]{section*.15}{\376\377\000E\000m\000p\000h\000a\000s\000i\000s\000\040\000i\000n\000\040\000O\000u\000r\000\040\000W\000o\000r\000k}{subsection.4.3.9}% 68
\BOOKMARK [1][-]{section.4.4}{\376\377\000D\000a\000t\000a\000\040\000L\000e\000v\000e\000l\000\040\000M\000e\000t\000h\000o\000d\000s}{chapter.4}% 69
\BOOKMARK [2][-]{subsection.4.4.1}{\376\377\000I\000m\000b\000a\000l\000a\000n\000c\000e\000d\000\040\000C\000l\000e\000a\000n\000i\000n\000g\000:\000\040\000T\000o\000m\000e\000k\000\040\000a\000n\000d\000\040\000C\000o\000n\000d\000e\000n\000s\000e\000d\000\040\000N\000e\000a\000r\000e\000s\000t\000\040\000N\000e\000i\000g\000h\000b\000o\000r}{section.4.4}% 70
\BOOKMARK [2][-]{subsection.4.4.2}{\376\377\000T\000o\000m\000e\000k\000'\000s\000\040\000L\000i\000n\000k\000s}{section.4.4}% 71
\BOOKMARK [3][-]{section*.16}{\376\377\000A\000l\000g\000o\000r\000i\000t\000h\000m\000\040\000f\000o\000r\000\040\000R\000e\000p\000e\000a\000t\000e\000d\000\040\000A\000p\000p\000l\000i\000c\000a\000t\000i\000o\000n\000\040\000o\000f\000\040\000T\000o\000m\000e\000k\000'\000s\000\040\000L\000i\000n\000k\000s}{subsection.4.4.2}% 72
\BOOKMARK [2][-]{subsection.4.4.3}{\376\377\000C\000l\000e\000a\000n\000i\000n\000g\000\040\000M\000u\000l\000t\000i\000c\000l\000a\000s\000s\000\040\000D\000a\000t\000a}{section.4.4}% 73
\BOOKMARK [2][-]{subsection.4.4.4}{\376\377\000R\000a\000n\000d\000o\000m\000\040\000O\000v\000e\000r\000s\000a\000m\000p\000l\000i\000n\000g}{section.4.4}% 74
\BOOKMARK [2][-]{subsection.4.4.5}{\376\377\000U\000n\000d\000e\000r\000s\000a\000m\000p\000l\000i\000n\000g}{section.4.4}% 75
\BOOKMARK [2][-]{subsection.4.4.6}{\376\377\000S\000M\000O\000T\000E\000:\000\040\000S\000y\000n\000t\000h\000e\000t\000i\000c\000\040\000M\000i\000n\000o\000r\000i\000t\000y\000\040\000O\000v\000e\000r\000s\000a\000m\000p\000l\000i\000n\000g\000\040\000T\000E\000c\000h\000n\000i\000q\000u\000e}{section.4.4}% 76
\BOOKMARK [2][-]{subsection.4.4.7}{\376\377\000F\000l\000a\000v\000o\000r\000s\000\040\000o\000f\000\040\000S\000M\000O\000T\000E}{section.4.4}% 77
\BOOKMARK [2][-]{subsection.4.4.8}{\376\377\000O\000v\000e\000r\000s\000a\000m\000p\000l\000i\000n\000g\000\040\000I\000m\000a\000g\000e\000\040\000D\000a\000t\000a}{section.4.4}% 78
\BOOKMARK [2][-]{subsection.4.4.9}{\376\377\000T\000r\000a\000i\000n\000/\000T\000e\000s\000t\000\040\000S\000p\000l\000i\000t}{section.4.4}% 79
\BOOKMARK [2][-]{subsection.4.4.10}{\376\377\000F\000e\000a\000t\000u\000r\000e\000\040\000S\000e\000l\000e\000c\000t\000i\000o\000n}{section.4.4}% 80
\BOOKMARK [1][-]{section.4.5}{\376\377\000B\000a\000g\000g\000i\000n\000g\000\040\000a\000n\000d\000\040\000B\000o\000o\000s\000t\000i\000n\000g}{chapter.4}% 81
\BOOKMARK [2][-]{section*.17}{\376\377\000B\000a\000g\000g\000i\000n\000g}{section.4.5}% 82
\BOOKMARK [3][-]{section*.18}{\376\377\000B\000o\000o\000s\000t\000i\000n\000g}{section*.17}% 83
\BOOKMARK [1][-]{section.4.6}{\376\377\000L\000i\000t\000\040\000R\000e\000v\000i\000e\000w\000:\000\040\000M\000e\000d\000i\000u\000m\000.\000c\000o\000m\000\040\000T\000o\000w\000a\000r\000d\000s\000\040\000D\000a\000t\000a\000\040\000S\000c\000i\000e\000n\000c\000e\000\040\000A\000r\000t\000i\000c\000l\000e\000s}{chapter.4}% 84
\BOOKMARK [0][-]{chapter.5}{\376\377\000L\000i\000t\000\040\000R\000e\000v\000i\000e\000w\000:\000\040\000D\000a\000t\000a\000s\000e\000t\000s}{}% 85
\BOOKMARK [1][-]{section.5.1}{\376\377\000C\000r\000a\000s\000h\000\040\000D\000a\000t\000a\000s\000e\000t\000s}{chapter.5}% 86
\BOOKMARK [2][-]{subsection.5.1.1}{\376\377\000J\000a\000r\000g\000o\000n\000\040\000t\000o\000\040\000U\000n\000d\000e\000r\000s\000t\000a\000n\000d}{section.5.1}% 87
\BOOKMARK [2][-]{subsection.5.1.2}{\376\377\000I\000R\000B\000,\000\040\000S\000H\000R\000P\000\040\000D\000a\000t\000a\000b\000a\000s\000e}{section.5.1}% 88
\BOOKMARK [2][-]{subsection.5.1.3}{\376\377\000N\000G\000S\000I\000M\000\040\000D\000a\000t\000a\000b\000a\000s\000e}{section.5.1}% 89
\BOOKMARK [1][-]{section.5.2}{\376\377\000D\000a\000t\000a\000s\000e\000t\000s\000\040\000w\000i\000t\000h\000\040\000I\000m\000b\000a\000l\000a\000n\000c\000e\000d\000\040\000D\000a\000t\000a}{chapter.5}% 90
\BOOKMARK [2][-]{subsection.5.2.1}{\376\377\000D\000a\000t\000a\000s\000e\000t\000s\000,\000\040\000A\000n\000n\000o\000t\000a\000t\000e\000d}{section.5.2}% 91
\BOOKMARK [2][-]{subsection.5.2.2}{\376\377\000A\000r\000t\000i\000c\000l\000e\000s\000\040\000u\000s\000i\000n\000g\000\040\000T\000h\000e\000s\000e\000\040\000D\000a\000t\000a\000s\000e\000t\000s}{section.5.2}% 92
\BOOKMARK [2][-]{subsection.5.2.3}{\376\377\000D\000a\000t\000a\000b\000a\000s\000e\000\040\000R\000e\000p\000o\000s\000i\000t\000o\000r\000i\000e\000s}{section.5.2}% 93
\BOOKMARK [0][-]{chapter.6}{\376\377\000L\000i\000t\000\040\000R\000e\000v\000i\000e\000w\000:\000\040\000S\000e\000m\000i\000n\000a\000l\000\040\000a\000n\000d\000\040\000I\000n\000t\000e\000r\000e\000s\000t\000i\000n\000g\000\040\000P\000a\000p\000e\000r\000s}{}% 94
\BOOKMARK [1][-]{section.6.1}{\376\377\000S\000e\000m\000i\000n\000a\000l\000\040\000P\000a\000p\000e\000r\000s}{chapter.6}% 95
\BOOKMARK [1][-]{section.6.2}{\376\377\000R\000e\000v\000i\000e\000w\000\040\000P\000a\000p\000e\000r\000s}{chapter.6}% 96
\BOOKMARK [2][-]{subsection.6.2.1}{\376\377\000C\000h\000a\000w\000l\000a}{section.6.2}% 97
\BOOKMARK [2][-]{subsection.6.2.2}{\376\377\000C\000h\000a\000b\000b\000o\000u\000h\000\040\0002\0000\0001\0009}{section.6.2}% 98
\BOOKMARK [2][-]{subsection.6.2.3}{\376\377\000M\000a\000h\000m\000u\000d\000a\000h\000\040\0002\0000\0002\0001}{section.6.2}% 99
\BOOKMARK [1][-]{section.6.3}{\376\377\000E\000x\000a\000m\000p\000l\000e\000s\000\040\000o\000f\000\040\000G\000o\000o\000d\000\040\000W\000r\000i\000t\000i\000n\000g\000,\000\040\000M\000o\000d\000e\000l\000s\000\040\000t\000o\000\040\000F\000o\000l\000l\000o\000w}{chapter.6}% 100
\BOOKMARK [2][-]{subsection.6.3.1}{\376\377\000E\000l\000a\000s\000s\000a\000d\000\040\0002\0000\0002\0000}{section.6.3}% 101
\BOOKMARK [0][-]{chapter.7}{\376\377\000C\000R\000S\000S\000\040\000D\000a\000t\000a\000s\000e\000t}{}% 102
\BOOKMARK [1][-]{section.7.1}{\376\377\000C\000R\000S\000S\000\040\000O\000v\000e\000r\000v\000i\000e\000w}{chapter.7}% 103
\BOOKMARK [1][-]{section.7.2}{\376\377\000C\000R\000S\000S\000\040\000D\000a\000t\000a\000\040\000F\000i\000l\000e\000s}{chapter.7}% 104
\BOOKMARK [1][-]{section.7.3}{\376\377\000C\000R\000S\000S\000\040\000F\000e\000a\000t\000u\000r\000e\000s\000\040\000\050\0001\0007\0008\000\040\000F\000e\000a\000t\000u\000r\000e\000s\000\051}{chapter.7}% 105
\BOOKMARK [2][-]{subsection.7.3.1}{\376\377\000I\000m\000p\000u\000t\000e\000d\000\040\000F\000e\000a\000t\000u\000r\000e\000s\000\040\000t\000o\000\040\000U\000s\000e\000\040\000\050\0001\0000\000\040\0002\000\040\000=\000\040\0002\0000\000\040\000F\000e\000a\000t\000u\000r\000e\000s\000\051}{section.7.3}% 106
\BOOKMARK [2][-]{subsection.7.3.2}{\376\377\000F\000e\000a\000t\000u\000r\000e\000s\000\040\000t\000o\000\040\000U\000s\000e\000\040\000w\000i\000t\000h\000\040\000N\000o\000\040\000M\000i\000s\000s\000i\000n\000g\000\040\000o\000r\000\040\000U\000n\000k\000n\000o\000w\000n\000\040\000V\000a\000l\000u\000e\000s\000\040\000\050\0001\0003\000\040\000F\000e\000a\000t\000u\000r\000e\000s\000\051}{section.7.3}% 107
\BOOKMARK [2][-]{subsection.7.3.3}{\376\377\000F\000e\000a\000t\000u\000r\000e\000s\000\040\000t\000o\000\040\000U\000s\000e\000\040\000w\000i\000t\000h\000\040\000U\000n\000k\000n\000o\000w\000n\000\040\000V\000a\000l\000u\000e\000s\000\040\000t\000o\000\040\000I\000m\000p\000u\000t\000e\000\040\000\050\0001\0002\000\040\000F\000e\000a\000t\000u\000r\000e\000s\000\051}{section.7.3}% 108
\BOOKMARK [2][-]{subsection.7.3.4}{\376\377\000C\000R\000S\000S\000\040\000I\000n\000t\000e\000r\000n\000a\000l\000\040\000F\000e\000a\000t\000u\000r\000e\000s\000\040\000f\000o\000r\000\040\000M\000e\000r\000g\000i\000n\000g\000\040\000t\000h\000e\000\040\000A\000C\000C\000I\000D\000E\000N\000T\000,\000\040\000V\000E\000H\000I\000C\000L\000E\000,\000\040\000a\000n\000d\000\040\000P\000E\000R\000S\000O\000N\000\040\000D\000a\000t\000a\000\040\000F\000i\000l\000e\000s\000\040\000\050\0003\000\040\000F\000e\000a\000t\000u\000r\000e\000s\000\051}{section.7.3}% 109
\BOOKMARK [2][-]{subsection.7.3.5}{\376\377\000C\000R\000S\000S\000\040\000I\000m\000p\000u\000t\000e\000d\000\040\000F\000e\000a\000t\000u\000r\000e\000s\000\040\000t\000o\000\040\000N\000o\000t\000\040\000U\000s\000e\000,\000\040\000E\000x\000c\000e\000p\000t\000\040\000a\000s\000\040\000a\000\040\000C\000o\000n\000t\000r\000o\000l\000\040\000f\000o\000r\000\040\000o\000u\000r\000\040\000I\000m\000p\000u\000t\000a\000t\000i\000o\000n\000\040\000M\000e\000t\000h\000o\000d\000\040\000\050\0001\0007\0002\000\040\000=\000\040\0003\0004\000\040\000F\000e\000a\000t\000u\000r\000e\000s\000\051}{section.7.3}% 110
\BOOKMARK [2][-]{subsection.7.3.6}{\376\377\000O\000t\000h\000e\000r\000\040\000F\000e\000a\000t\000u\000r\000e\000s\000\040\000t\000o\000\040\000N\000o\000t\000\040\000U\000s\000e\000\040\000\050\0009\0004\000\040\000F\000e\000a\000t\000u\000r\000e\000s\000\051}{section.7.3}% 111
\BOOKMARK [1][-]{section.7.4}{\376\377\000C\000R\000S\000S\000\040\000B\000i\000n\000n\000i\000n\000g}{chapter.7}% 112
\BOOKMARK [1][-]{section.7.5}{\376\377\000C\000R\000S\000S\000\040\000I\000m\000p\000u\000t\000i\000n\000g\000\040\000U\000n\000k\000n\000o\000w\000n\000\040\000V\000a\000l\000u\000e\000s}{chapter.7}% 113
\BOOKMARK [2][-]{subsection.7.5.1}{\376\377\000`\000`\000M\000i\000s\000s\000i\000n\000g\000'\000'\000\040\000v\000/\000s\000\040\000`\000`\000U\000n\000k\000n\000o\000w\000n\000'\000'}{section.7.5}% 114
\BOOKMARK [2][-]{subsection.7.5.2}{\376\377\000U\000n\000k\000n\000o\000w\000n\000\040\000w\000i\000t\000h\000i\000n\000\040\000B\000i\000n\000\040\000v\000/\000s\000\040\000U\000n\000k\000n\000o\000w\000n\000\040\000U\000n\000k\000n\000o\000w\000n}{section.7.5}% 115
\BOOKMARK [2][-]{subsection.7.5.3}{\376\377\000I\000V\000E\000w\000a\000r\000e}{section.7.5}% 116
\BOOKMARK [2][-]{subsection.7.5.4}{\376\377\000I\000V\000E\000w\000a\000r\000e\000\040\000T\000e\000s\000t\000i\000n\000g}{section.7.5}% 117
\BOOKMARK [1][-]{section.7.6}{\376\377\000C\000R\000S\000S\000\040\000B\000i\000n\000n\000i\000n\000g\000\040\000a\000n\000d\000\040\000I\000m\000p\000u\000t\000i\000n\000g\000:\000\040\000O\000r\000d\000e\000r\000\040\000o\000f\000\040\000O\000p\000e\000r\000a\000t\000i\000o\000n\000s}{chapter.7}% 118
\BOOKMARK [1][-]{section.7.7}{\376\377\000C\000R\000S\000S\000\040\000F\000e\000a\000t\000u\000r\000e\000\040\000E\000n\000g\000i\000n\000e\000e\000r\000i\000n\000g\000\040\000\050\000R\000o\000u\000g\000h\000\051}{chapter.7}% 119
\BOOKMARK [1][-]{section.7.8}{\376\377\000C\000R\000S\000S\000\040\000i\000n\000\040\000t\000h\000e\000\040\000L\000i\000t\000e\000r\000a\000t\000u\000r\000e}{chapter.7}% 120
\BOOKMARK [0][-]{chapter.8}{\376\377\000L\000o\000u\000i\000s\000i\000a\000n\000a\000\040\000D\000a\000t\000a\000s\000e\000t}{}% 121
\BOOKMARK [1][-]{section.8.1}{\376\377\000O\000v\000e\000r\000v\000i\000e\000w}{chapter.8}% 122
\BOOKMARK [1][-]{section.8.2}{\376\377\000P\000r\000o\000p\000e\000r\000t\000i\000e\000s}{chapter.8}% 123
\BOOKMARK [2][-]{subsection.8.2.1}{\376\377\000B\000o\000o\000l\000e\000a\000n\000\040\000N\000a\000t\000u\000r\000e\000\040\000o\000f\000\040\000o\000u\000r\000\040\000D\000a\000t\000a}{section.8.2}% 124
\BOOKMARK [2][-]{subsection.8.2.2}{\376\377\000T\000o\000p\000\040\000T\000w\000e\000n\000t\000y\000\040\000F\000e\000a\000t\000u\000r\000e\000s\000\040\000t\000h\000a\000t\000\040\000C\000o\000r\000r\000e\000l\000a\000t\000e\000\040\000w\000i\000t\000h\000\040\000F\000a\000t\000a\000l\000i\000t\000y}{section.8.2}% 125
\BOOKMARK [1][-]{section.8.3}{\376\377\000T\000h\000o\000u\000g\000h\000t\000s\000\040\000o\000n\000\040\000o\000u\000r\000\040\000D\000a\000t\000a\000\040\000S\000e\000t\000:\000\040\000T\000r\000e\000e\000s}{chapter.8}% 126
\BOOKMARK [1][-]{section.8.4}{\376\377\000T\000i\000m\000e\000s}{chapter.8}% 127
\BOOKMARK [2][-]{subsection.8.4.1}{\376\377\000N\000e\000w\000\040\000F\000e\000a\000t\000u\000r\000e\000s}{section.8.4}% 128
\BOOKMARK [2][-]{subsection.8.4.2}{\376\377\000M\000i\000s\000s\000p\000e\000l\000l\000i\000n\000g\000s}{section.8.4}% 129
\BOOKMARK [2][-]{subsection.8.4.3}{\376\377\000D\000i\000r\000t\000y\000\040\000D\000a\000t\000a}{section.8.4}% 130
\BOOKMARK [2][-]{subsection.8.4.4}{\376\377\000S\000t\000r\000a\000n\000g\000e\000\040\000D\000a\000t\000a}{section.8.4}% 131
\BOOKMARK [2][-]{subsection.8.4.5}{\376\377\000A\000m\000b\000u\000l\000a\000n\000c\000e\000\040\000C\000a\000l\000l\000\040\000w\000i\000t\000h\000i\000n\000/\000a\000f\000t\000e\000r\000\040\0005\000\040\000m\000i\000n\000\040\000a\000f\000t\000e\000r\000\040\000C\000r\000a\000s\000h}{section.8.4}% 132
\BOOKMARK [2][-]{subsection.8.4.6}{\376\377\000H\000o\000s\000p\000i\000t\000a\000l\000i\000z\000e\000d}{section.8.4}% 133
\BOOKMARK [0][-]{chapter.9}{\376\377\000M\000e\000t\000h\000o\000d\000s\000\040\000a\000n\000d\000\040\000E\000x\000p\000e\000r\000i\000m\000e\000n\000t\000a\000l\000\040\000R\000e\000s\000u\000l\000t\000s\000\040\000T\000o\000\040\000D\000a\000t\000e\000\040\000\050\000L\000o\000u\000i\000s\000i\000a\000n\000a\000\040\000D\000a\000t\000a\000s\000e\000t\000\051}{}% 134
\BOOKMARK [1][-]{section.9.1}{\376\377\000s\000c\000i\000k\000i\000t\000-\000l\000e\000a\000r\000n}{chapter.9}% 135
\BOOKMARK [1][-]{section.9.2}{\376\377\000F\000o\000c\000a\000l\000\040\000L\000o\000s\000s\000\040\000a\000n\000d\000\040\000T\000o\000m\000e\000k}{chapter.9}% 136
\BOOKMARK [2][-]{subsection.9.2.1}{\376\377\000D\000i\000f\000f\000e\000r\000e\000n\000t\000\040\000V\000a\000l\000u\000e\000s\000\040\000o\000f\000\040\000p\000\040\000w\000i\000t\000h\000\040\0001\000=\0000\000,\000\040\0002\000=\0000}{section.9.2}% 137
\BOOKMARK [2][-]{subsection.9.2.2}{\376\377\000F\000i\000x\000e\000d\000\040\000p\000=\0008\0008\000.\0008\000,\000\040\000D\000i\000f\000f\000e\000r\000e\000n\000t\000\040\000v\000a\000l\000u\000e\000s\000\040\000o\000f\000\040\0001\000\040\000a\000n\000d\000\040\0002}{section.9.2}% 138
\BOOKMARK [2][-]{subsection.9.2.3}{\376\377\000T\000o\000m\000e\000k}{section.9.2}% 139
\BOOKMARK [2][-]{subsection.9.2.4}{\376\377\000D\000i\000s\000c\000u\000s\000s\000i\000o\000n}{section.9.2}% 140
\BOOKMARK [1][-]{section.9.3}{\376\377\000F\000e\000a\000t\000u\000r\000e\000\040\000E\000n\000g\000i\000n\000e\000e\000r\000i\000n\000g}{chapter.9}% 141
\BOOKMARK [2][-]{subsection.9.3.1}{\376\377\000T\000i\000m\000e\000\040\000o\000f\000\040\000D\000a\000y}{section.9.3}% 142
\BOOKMARK [2][-]{subsection.9.3.2}{\376\377\000N\000u\000m\000b\000e\000r\000\040\000o\000f\000\040\000F\000a\000t\000a\000l\000i\000t\000i\000e\000s\000/\000I\000n\000j\000u\000r\000i\000e\000s}{section.9.3}% 143
\BOOKMARK [2][-]{subsection.9.3.3}{\376\377\000D\000a\000y\000\040\000o\000f\000\040\000W\000e\000e\000k}{section.9.3}% 144
\BOOKMARK [2][-]{subsection.9.3.4}{\376\377\000T\000i\000m\000e\000\040\000o\000f\000\040\000D\000a\000y}{section.9.3}% 145
\BOOKMARK [2][-]{subsection.9.3.5}{\376\377\000L\000o\000c\000a\000t\000i\000o\000n}{section.9.3}% 146
\BOOKMARK [2][-]{subsection.9.3.6}{\376\377\000P\000a\000r\000i\000s\000h\000/\000R\000o\000a\000d\000\040\000N\000a\000m\000e\000s}{section.9.3}% 147
\BOOKMARK [0][-]{chapter.10}{\376\377\000R\000e\000s\000e\000a\000r\000c\000h\000\040\000P\000l\000a\000n}{}% 148
\BOOKMARK [1][-]{section.10.1}{\376\377\000P\000r\000o\000g\000r\000e\000s\000s\000\040\000T\000o\000\040\000D\000a\000t\000e}{chapter.10}% 149
\BOOKMARK [1][-]{section.10.2}{\376\377\000G\000o\000a\000l\000s}{chapter.10}% 150
\BOOKMARK [2][-]{subsection.10.2.1}{\376\377\000C\000R\000S\000S\000\040\000D\000a\000t\000a\000\040\000S\000e\000t}{section.10.2}% 151
\BOOKMARK [2][-]{subsection.10.2.2}{\376\377\000P\000a\000p\000e\000r\000\040\000f\000o\000r\000\040\000T\000r\000a\000n\000s\000p\000o\000r\000t\000a\000t\000i\000o\000n\000\040\000R\000e\000s\000e\000a\000r\000c\000h\000\040\000P\000a\000r\000t\000\040\000C\000:\000\040\000E\000m\000e\000r\000g\000i\000n\000g\000\040\000T\000e\000c\000h\000n\000o\000l\000o\000g\000i\000e\000s}{section.10.2}% 152
\BOOKMARK [2][-]{subsection.10.2.3}{\376\377\000L\000o\000u\000i\000s\000i\000a\000n\000a\000\040\000D\000a\000t\000a\000\040\000S\000e\000t}{section.10.2}% 153
\BOOKMARK [2][-]{subsection.10.2.4}{\376\377\000W\000r\000i\000t\000e\000\040\000D\000i\000s\000s\000e\000r\000t\000a\000t\000i\000o\000n}{section.10.2}% 154
\BOOKMARK [1][-]{section.10.3}{\376\377\000T\000i\000m\000e\000l\000i\000n\000e}{chapter.10}% 155
\BOOKMARK [0][-]{section*.19}{\376\377\000B\000i\000b\000l\000i\000o\000g\000r\000a\000p\000h\000y}{}% 156
