\BOOKMARK [0][-]{section*.2}{\376\377\000I\000n\000d\000e\000x}{}% 1
\BOOKMARK [0][-]{chapter.0}{\376\377\000T\000o\000\040\000D\000o}{}% 2
\BOOKMARK [1][-]{section.0.1}{\376\377\000T\000o\000p\000i\000c\000s\000\040\000R\000e\000m\000a\000i\000n\000i\000n\000g}{chapter.0}% 3
\BOOKMARK [2][-]{subsection.0.1.1}{\376\377\000B\000i\000g\000\040\000I\000t\000e\000m\000s}{section.0.1}% 4
\BOOKMARK [2][-]{subsection.0.1.2}{\376\377\000D\000e\000t\000a\000i\000l\000s}{section.0.1}% 5
\BOOKMARK [1][-]{section.0.2}{\376\377\000P\000l\000a\000n}{chapter.0}% 6
\BOOKMARK [1][-]{section.0.3}{\376\377\000P\000a\000p\000e\000r\000\040\000S\000t\000a\000n\000d\000a\000r\000d\000s}{chapter.0}% 7
\BOOKMARK [1][-]{section.0.4}{\376\377\000P\000a\000p\000e\000r\000\040\000O\000u\000t\000l\000i\000n\000e\000\040\000I\000d\000e\000a\000\040\000f\000r\000o\000m\000\040\0007\000/\0001\0009\000/\0002\0001\000\040\000R\000e\000p\000o\000r\000t}{chapter.0}% 8
\BOOKMARK [0][-]{chapter.1}{\376\377\000I\000n\000t\000r\000o\000d\000u\000c\000t\000i\000o\000n}{}% 9
\BOOKMARK [1][-]{section.1.1}{\376\377\000P\000r\000o\000b\000l\000e\000m}{chapter.1}% 10
\BOOKMARK [2][-]{subsection.1.1.1}{\376\377\000A\000p\000p\000l\000i\000c\000a\000t\000i\000o\000n}{section.1.1}% 11
\BOOKMARK [2][-]{subsection.1.1.2}{\376\377\000D\000a\000t\000a\000s\000e\000t\000s}{section.1.1}% 12
\BOOKMARK [2][-]{subsection.1.1.3}{\376\377\000I\000m\000b\000a\000l\000a\000n\000c\000e\000d\000\040\000D\000a\000t\000a}{section.1.1}% 13
\BOOKMARK [2][-]{subsection.1.1.4}{\376\377\000T\000r\000a\000d\000e\000o\000f\000f\000s}{section.1.1}% 14
\BOOKMARK [1][-]{section.1.2}{\376\377\000R\000a\000t\000i\000o\000n\000a\000l\000e}{chapter.1}% 15
\BOOKMARK [0][-]{chapter.2}{\376\377\000L\000i\000t\000\040\000R\000e\000v\000i\000e\000w\000:\000\040\000C\000r\000a\000s\000h\000\040\000A\000n\000a\000l\000y\000s\000i\000s}{}% 16
\BOOKMARK [1][-]{section.2.1}{\376\377\000J\000o\000u\000r\000n\000a\000l\000s}{chapter.2}% 17
\BOOKMARK [1][-]{section.2.2}{\376\377\000A\000r\000t\000i\000c\000l\000e\000s\000\040\000u\000s\000i\000n\000g\000\040\000S\000i\000m\000i\000l\000a\000r\000\040\000D\000a\000t\000a\000s\000e\000t\000s}{chapter.2}% 18
\BOOKMARK [1][-]{section.2.3}{\376\377\000A\000r\000t\000i\000c\000l\000e\000s\000\040\000o\000n\000\040\000I\000m\000b\000a\000l\000a\000n\000c\000e\000d\000\040\000C\000r\000a\000s\000h\000\040\000D\000a\000t\000a}{chapter.2}% 19
\BOOKMARK [1][-]{section.2.4}{\376\377\000A\000m\000b\000u\000l\000a\000n\000c\000e\000s}{chapter.2}% 20
\BOOKMARK [2][-]{subsection.2.4.1}{\376\377\000A\000m\000b\000u\000l\000a\000n\000c\000e\000\040\000R\000e\000s\000p\000o\000n\000s\000e\000\040\000T\000i\000m\000e}{section.2.4}% 21
\BOOKMARK [1][-]{section.2.5}{\376\377\000i\000P\000h\000o\000n\000e\000\040\000t\000o\000\040\000A\000u\000t\000o\000m\000a\000t\000i\000c\000a\000l\000l\000y\000\040\000D\000e\000t\000e\000c\000t\000\040\000C\000r\000a\000s\000h\000\040\000a\000n\000d\000\040\000C\000a\000l\000l\000\040\000E\000m\000e\000r\000g\000e\000n\000c\000y\000\040\000S\000e\000r\000v\000i\000c\000e\000s}{chapter.2}% 22
\BOOKMARK [1][-]{section.2.6}{\376\377\000W\000e\000a\000t\000h\000e\000r}{chapter.2}% 23
\BOOKMARK [1][-]{section.2.7}{\376\377\000L\000a\000g\000n\000i\000a\000p\000p\000e}{chapter.2}% 24
\BOOKMARK [1][-]{section.2.8}{\376\377\000S\000i\000g\000n\000i\000f\000i\000c\000a\000n\000t\000\040\000A\000u\000t\000h\000o\000r\000s}{chapter.2}% 25
\BOOKMARK [1][-]{section.2.9}{\376\377\000T\000R\000\137\000C\000\040\000A\000r\000t\000i\000c\000l\000e\000s\000\040\000o\000n\000\040\000M\000a\000c\000h\000i\000n\000e\000\040\000L\000e\000a\000r\000n\000i\000n\000g}{chapter.2}% 26
\BOOKMARK [2][-]{subsection.2.9.1}{\376\377\000A\000p\000p\000l\000i\000c\000a\000t\000i\000o\000n\000\040\000o\000f\000\040\000a\000r\000t\000i\000c\000l\000e\000s\000\040\000w\000h\000o\000s\000e\000\040\000k\000e\000y\000w\000o\000r\000d\000s\000\040\000c\000o\000n\000t\000a\000i\000n\000\040\000m\000a\000c\000h\000i\000n\000e\000\040\000l\000e\000a\000r\000n\000i\000n\000g\000,\000\040\000d\000e\000e\000p\000\040\000l\000e\000a\000r\000n\000i\000n\000g\000,\000\040\000o\000r\000\040\000r\000e\000i\000n\000f\000o\000r\000c\000e\000m\000e\000n\000t\000\040\000l\000e\000a\000r\000i\000n\000g}{section.2.9}% 27
\BOOKMARK [2][-]{subsection.2.9.2}{\376\377\000A\000r\000t\000i\000c\000l\000e\000s\000\040\000w\000h\000o\000s\000e\000\040\000a\000b\000s\000t\000r\000a\000c\000t\000s\000\040\000r\000e\000f\000e\000r\000\040\000t\000o\000\040\000i\000m\000b\000a\000l\000a\000n\000c\000e\000d\000\040\000d\000a\000t\000a}{section.2.9}% 28
\BOOKMARK [2][-]{subsection.2.9.3}{\376\377\000C\000r\000a\000s\000h\000e\000s}{section.2.9}% 29
\BOOKMARK [0][-]{chapter.3}{\376\377\000L\000i\000t\000\040\000R\000e\000v\000i\000e\000w\000:\000\040\000D\000a\000t\000a\000\040\000C\000l\000e\000a\000n\000i\000n\000g}{}% 30
\BOOKMARK [1][-]{section.3.1}{\376\377\000C\000l\000e\000a\000n\000i\000n\000g\000\040\000T\000e\000c\000h\000n\000i\000q\000u\000e\000s\000\040\000U\000s\000e\000d\000\040\000i\000n\000\040\000C\000r\000a\000s\000h\000\040\000A\000n\000a\000l\000y\000s\000i\000s\000\040\000S\000t\000u\000d\000i\000e\000s}{chapter.3}% 31
\BOOKMARK [0][-]{chapter.4}{\376\377\000L\000i\000t\000\040\000R\000e\000v\000i\000e\000w\000:\000\040\000M\000e\000t\000h\000o\000d\000s\000\040\000f\000o\000r\000\040\000I\000m\000b\000a\000l\000a\000n\000c\000e\000d\000\040\000D\000a\000t\000a}{}% 32
\BOOKMARK [1][-]{section.4.1}{\376\377\000A\000l\000g\000o\000r\000i\000t\000h\000m\000\040\000L\000e\000v\000e\000l\000\040\000A\000p\000p\000r\000o\000a\000c\000h\000e\000s}{chapter.4}% 33
\BOOKMARK [2][-]{subsection.4.1.1}{\376\377\000S\000o\000m\000e\000\040\000P\000a\000p\000e\000r\000s}{section.4.1}% 34
\BOOKMARK [2][-]{subsection.4.1.2}{\376\377\000G\000e\000n\000e\000t\000i\000c\000\040\000A\000l\000g\000o\000r\000i\000t\000h\000m\000s}{section.4.1}% 35
\BOOKMARK [2][-]{subsection.4.1.3}{\376\377\000S\000u\000b\000s\000p\000a\000c\000e\000\040\000M\000o\000d\000e\000l}{section.4.1}% 36
\BOOKMARK [1][-]{section.4.2}{\376\377\000M\000e\000t\000r\000i\000c\000s}{chapter.4}% 37
\BOOKMARK [2][-]{subsection.4.2.1}{\376\377\000T\000h\000e\000\040\000P\000r\000o\000b\000l\000e\000m\000:\000\040\000I\000m\000b\000a\000l\000a\000n\000c\000e\000d\000\040\000D\000a\000t\000a\000\040\000S\000e\000t}{section.4.2}% 38
\BOOKMARK [2][-]{subsection.4.2.2}{\376\377\000S\000t\000a\000n\000d\000a\000r\000d\000\040\000M\000e\000t\000r\000i\000c\000s}{section.4.2}% 39
\BOOKMARK [2][-]{subsection.4.2.3}{\376\377\000B\000a\000l\000a\000n\000c\000e\000d\000\040\000P\000r\000e\000c\000i\000s\000i\000o\000n\000\040\000a\000n\000d\000\040\000B\000a\000l\000a\000n\000c\000e\000d\000\040\000f\0001\000\040\000i\000n\000\040\000t\000h\000e\000\040\000P\000e\000n\000a\000l\000t\000y\000\040\000F\000u\000n\000c\000t\000i\000o\000n}{section.4.2}% 40
\BOOKMARK [2][-]{subsection.4.2.4}{\376\377\000B\000a\000l\000a\000n\000c\000e\000d\000\040\000P\000r\000e\000c\000i\000s\000i\000o\000n\000\040\000i\000n\000\040\000t\000h\000e\000\040\000L\000i\000t\000e\000r\000a\000t\000u\000r\000e}{section.4.2}% 41
\BOOKMARK [2][-]{subsection.4.2.5}{\376\377\000B\000a\000l\000a\000n\000c\000e\000d\000\040\000A\000c\000c\000u\000r\000a\000c\000y}{section.4.2}% 42
\BOOKMARK [2][-]{subsection.4.2.6}{\376\377\000B\000a\000l\000a\000n\000c\000e\000d\000\040\000P\000r\000e\000c\000i\000s\000i\000o\000n}{section.4.2}% 43
\BOOKMARK [2][-]{subsection.4.2.7}{\376\377\000B\000a\000l\000a\000n\000c\000i\000n\000g\000\040\000T\000w\000o\000\040\000M\000e\000t\000r\000i\000c\000s\000:\000\040\000F\0001\000\040\000a\000n\000d\000\040\000G\000m\000e\000a\000n}{section.4.2}% 44
\BOOKMARK [1][-]{section.4.3}{\376\377\000L\000o\000s\000s\000\040\000F\000u\000n\000c\000t\000i\000o\000n\000s}{chapter.4}% 45
\BOOKMARK [2][-]{subsection.4.3.1}{\376\377\000B\000i\000n\000a\000r\000y\000\040\000C\000r\000o\000s\000s\000-\000E\000n\000t\000r\000o\000p\000y\000\040\000L\000o\000s\000s\000\040\000F\000u\000n\000c\000t\000i\000o\000n}{section.4.3}% 46
\BOOKMARK [2][-]{subsection.4.3.2}{\376\377\000C\000l\000a\000s\000s\000\040\000W\000e\000i\000g\000h\000t\000s\000\040\000a\000n\000d\000\040\000-\000w\000e\000i\000g\000h\000t\000e\000d\000\040\000L\000o\000s\000s}{section.4.3}% 47
\BOOKMARK [2][-]{subsection.4.3.3}{\376\377\000O\000v\000e\000r\000s\000a\000m\000p\000l\000i\000n\000g}{section.4.3}% 48
\BOOKMARK [2][-]{subsection.4.3.4}{\376\377\000N\000a\000i\000v\000e\000\040\000O\000v\000e\000r\000s\000a\000m\000p\000l\000i\000n\000g}{section.4.3}% 49
\BOOKMARK [2][-]{subsection.4.3.5}{\376\377\000C\000l\000a\000s\000s\000\040\000W\000e\000i\000g\000h\000t\000s\000\040\000v\000/\000s\000\040\000N\000a\000i\000v\000e\000\040\000O\000v\000e\000r\000s\000a\000m\000p\000l\000i\000n\000g\000:\000\040\000T\000h\000e\000y\000'\000r\000e\000\040\000t\000h\000e\000\040\000S\000a\000m\000e}{section.4.3}% 50
\BOOKMARK [2][-]{subsection.4.3.6}{\376\377\000F\000o\000c\000a\000l\000\040\000L\000o\000s\000s}{section.4.3}% 51
\BOOKMARK [2][-]{subsection.4.3.7}{\376\377\000O\000p\000t\000i\000m\000i\000z\000i\000n\000g\000\040\000F}{section.4.3}% 52
\BOOKMARK [2][-]{subsection.4.3.8}{\376\377\000T\000r\000e\000e\000-\000B\000a\000s\000e\000d\000\040\000M\000e\000t\000h\000o\000d\000s}{section.4.3}% 53
\BOOKMARK [2][-]{subsection.4.3.9}{\376\377\000-\000w\000e\000i\000g\000h\000t\000e\000d\000\040\000B\000i\000n\000a\000r\000y\000\040\000C\000r\000o\000s\000s\000-\000E\000n\000t\000r\000o\000p\000y\000\040\000L\000o\000s\000s\000\040\000F\000u\000n\000c\000t\000i\000o\000n\000\040\000a\000s\000\040\000E\000t\000h\000i\000c\000a\000l\000\040\000T\000r\000a\000d\000e\000o\000f\000f}{section.4.3}% 54
\BOOKMARK [1][-]{section.4.4}{\376\377\000D\000a\000t\000a\000\040\000L\000e\000v\000e\000l\000\040\000M\000e\000t\000h\000o\000d\000s}{chapter.4}% 55
\BOOKMARK [2][-]{subsection.4.4.1}{\376\377\000I\000m\000b\000a\000l\000a\000n\000c\000e\000d\000\040\000C\000l\000e\000a\000n\000i\000n\000g\000:\000\040\000T\000o\000m\000e\000k\000\040\000a\000n\000d\000\040\000C\000o\000n\000d\000e\000n\000s\000e\000d\000\040\000N\000e\000a\000r\000e\000s\000t\000\040\000N\000e\000i\000g\000h\000b\000o\000r}{section.4.4}% 56
\BOOKMARK [2][-]{subsection.4.4.2}{\376\377\000T\000o\000m\000e\000k\000'\000s\000\040\000L\000i\000n\000k\000s}{section.4.4}% 57
\BOOKMARK [2][-]{subsection.4.4.3}{\376\377\000C\000l\000e\000a\000n\000i\000n\000g\000\040\000M\000u\000l\000t\000i\000c\000l\000a\000s\000s\000\040\000D\000a\000t\000a}{section.4.4}% 58
\BOOKMARK [2][-]{subsection.4.4.4}{\376\377\000O\000v\000e\000r\000s\000a\000m\000p\000l\000i\000n\000g}{section.4.4}% 59
\BOOKMARK [2][-]{subsection.4.4.5}{\376\377\000U\000n\000d\000e\000r\000s\000s\000a\000m\000p\000l\000i\000n\000g}{section.4.4}% 60
\BOOKMARK [2][-]{subsection.4.4.6}{\376\377\000S\000M\000O\000T\000E\000:\000\040\000S\000y\000n\000t\000h\000e\000t\000i\000c\000\040\000M\000i\000n\000o\000r\000i\000t\000y\000\040\000O\000v\000e\000r\000s\000a\000m\000p\000l\000i\000n\000g\000\040\000T\000E\000c\000h\000n\000i\000q\000u\000e}{section.4.4}% 61
\BOOKMARK [2][-]{subsection.4.4.7}{\376\377\000F\000l\000a\000v\000o\000r\000s\000\040\000o\000f\000\040\000S\000M\000O\000T\000E}{section.4.4}% 62
\BOOKMARK [2][-]{subsection.4.4.8}{\376\377\000T\000r\000a\000i\000n\000/\000T\000e\000s\000t\000\040\000S\000p\000l\000i\000t}{section.4.4}% 63
\BOOKMARK [2][-]{subsection.4.4.9}{\376\377\000F\000e\000a\000t\000u\000r\000e\000\040\000S\000e\000l\000e\000c\000t\000i\000o\000n}{section.4.4}% 64
\BOOKMARK [1][-]{section.4.5}{\376\377\000B\000a\000g\000g\000i\000n\000g\000\040\000a\000n\000d\000\040\000B\000o\000o\000s\000t\000i\000n\000g}{chapter.4}% 65
\BOOKMARK [1][-]{section.4.6}{\376\377\000L\000i\000t\000\040\000R\000e\000v\000i\000e\000w\000:\000\040\000M\000e\000d\000i\000u\000m\000.\000c\000o\000m\000\040\000T\000o\000w\000a\000r\000d\000s\000\040\000D\000a\000t\000a\000\040\000S\000c\000i\000e\000n\000c\000e\000\040\000A\000r\000t\000i\000c\000l\000e\000s}{chapter.4}% 66
\BOOKMARK [0][-]{chapter.5}{\376\377\000L\000i\000t\000\040\000R\000e\000v\000i\000e\000w\000:\000\040\000D\000a\000t\000a\000s\000e\000t\000s}{}% 67
\BOOKMARK [1][-]{section.5.1}{\376\377\000C\000r\000a\000s\000h\000\040\000D\000a\000t\000a\000s\000e\000t\000s}{chapter.5}% 68
\BOOKMARK [2][-]{subsection.5.1.1}{\376\377\000J\000a\000r\000g\000o\000n\000\040\000t\000o\000\040\000U\000n\000d\000e\000r\000s\000t\000a\000n\000d}{section.5.1}% 69
\BOOKMARK [2][-]{subsection.5.1.2}{\376\377\000I\000R\000B\000,\000\040\000S\000H\000R\000P\000\040\000D\000a\000t\000a\000b\000a\000s\000e}{section.5.1}% 70
\BOOKMARK [2][-]{subsection.5.1.3}{\376\377\000N\000G\000S\000I\000M\000\040\000D\000a\000t\000a\000b\000a\000s\000e}{section.5.1}% 71
\BOOKMARK [1][-]{section.5.2}{\376\377\000D\000a\000t\000a\000s\000e\000t\000s\000\040\000w\000i\000t\000h\000\040\000I\000m\000b\000a\000l\000a\000n\000c\000e\000d\000\040\000D\000a\000t\000a}{chapter.5}% 72
\BOOKMARK [2][-]{subsection.5.2.1}{\376\377\000D\000a\000t\000a\000s\000e\000t\000s\000,\000\040\000A\000n\000n\000o\000t\000a\000t\000e\000d}{section.5.2}% 73
\BOOKMARK [2][-]{subsection.5.2.2}{\376\377\000A\000r\000t\000i\000c\000l\000e\000s\000\040\000u\000s\000i\000n\000g\000\040\000T\000h\000e\000s\000e\000\040\000D\000a\000t\000a\000s\000e\000t\000s}{section.5.2}% 74
\BOOKMARK [2][-]{subsection.5.2.3}{\376\377\000D\000a\000t\000a\000b\000a\000s\000e\000\040\000R\000e\000p\000o\000s\000i\000t\000o\000r\000i\000e\000s}{section.5.2}% 75
\BOOKMARK [0][-]{chapter.6}{\376\377\000L\000i\000t\000\040\000R\000e\000v\000i\000e\000w\000:\000\040\000S\000e\000m\000i\000n\000a\000l\000\040\000a\000n\000d\000\040\000I\000n\000t\000e\000r\000e\000s\000t\000i\000n\000g\000\040\000P\000a\000p\000e\000r\000s}{}% 76
\BOOKMARK [1][-]{section.6.1}{\376\377\000S\000e\000m\000i\000n\000a\000l\000\040\000P\000a\000p\000e\000r\000s}{chapter.6}% 77
\BOOKMARK [1][-]{section.6.2}{\376\377\000R\000e\000v\000i\000e\000w\000\040\000P\000a\000p\000e\000r\000s}{chapter.6}% 78
\BOOKMARK [2][-]{subsection.6.2.1}{\376\377\000C\000h\000a\000w\000l\000a}{section.6.2}% 79
\BOOKMARK [2][-]{subsection.6.2.2}{\376\377\000C\000h\000a\000b\000b\000o\000u\000h\000\040\0002\0000\0001\0009}{section.6.2}% 80
\BOOKMARK [2][-]{subsection.6.2.3}{\376\377\000M\000a\000h\000m\000u\000d\000a\000h\000\040\0002\0000\0002\0001}{section.6.2}% 81
\BOOKMARK [1][-]{section.6.3}{\376\377\000E\000x\000a\000m\000p\000l\000e\000s\000\040\000o\000f\000\040\000G\000o\000o\000d\000\040\000W\000r\000i\000t\000i\000n\000g\000,\000\040\000M\000o\000d\000e\000l\000s\000\040\000t\000o\000\040\000F\000o\000l\000l\000o\000w}{chapter.6}% 82
\BOOKMARK [2][-]{subsection.6.3.1}{\376\377\000E\000l\000a\000s\000s\000a\000d\000\040\0002\0000\0002\0000}{section.6.3}% 83
\BOOKMARK [0][-]{chapter.7}{\376\377\000D\000a\000t\000a\000s\000e\000t}{}% 84
\BOOKMARK [1][-]{section.7.1}{\376\377\000O\000v\000e\000r\000v\000i\000e\000w}{chapter.7}% 85
\BOOKMARK [2][-]{subsection.7.1.1}{\376\377\000M\000i\000s\000s\000p\000e\000l\000l\000i\000n\000g\000s}{section.7.1}% 86
\BOOKMARK [1][-]{section.7.2}{\376\377\000P\000r\000o\000p\000e\000r\000t\000i\000e\000s}{chapter.7}% 87
\BOOKMARK [2][-]{subsection.7.2.1}{\376\377\000B\000o\000o\000l\000e\000a\000n\000\040\000N\000a\000t\000u\000r\000e\000\040\000o\000f\000\040\000o\000u\000r\000\040\000D\000a\000t\000a}{section.7.2}% 88
\BOOKMARK [2][-]{subsection.7.2.2}{\376\377\000T\000o\000p\000\040\000T\000w\000e\000n\000t\000y\000\040\000F\000e\000a\000t\000u\000r\000e\000s\000\040\000t\000h\000a\000t\000\040\000C\000o\000r\000r\000e\000l\000a\000t\000e\000\040\000w\000i\000t\000h\000\040\000F\000a\000t\000a\000l\000i\000t\000y}{section.7.2}% 89
\BOOKMARK [1][-]{section.7.3}{\376\377\000T\000h\000o\000u\000g\000h\000t\000s\000\040\000o\000n\000\040\000o\000u\000r\000\040\000D\000a\000t\000a\000\040\000S\000e\000t\000:\000\040\000T\000r\000e\000e\000s}{chapter.7}% 90
\BOOKMARK [1][-]{section.7.4}{\376\377\000T\000i\000m\000e\000s}{chapter.7}% 91
\BOOKMARK [2][-]{subsection.7.4.1}{\376\377\000N\000e\000w\000\040\000F\000e\000a\000t\000u\000r\000e\000s}{section.7.4}% 92
\BOOKMARK [2][-]{subsection.7.4.2}{\376\377\000D\000i\000r\000t\000y\000\040\000D\000a\000t\000a}{section.7.4}% 93
\BOOKMARK [2][-]{subsection.7.4.3}{\376\377\000S\000t\000r\000a\000n\000g\000e\000\040\000D\000a\000t\000a}{section.7.4}% 94
\BOOKMARK [2][-]{subsection.7.4.4}{\376\377\000A\000m\000b\000u\000l\000a\000n\000c\000e\000\040\000C\000a\000l\000l\000\040\000w\000i\000t\000h\000i\000n\000/\000a\000f\000t\000e\000r\000\040\0005\000\040\000m\000i\000n\000\040\000a\000f\000t\000e\000r\000\040\000C\000r\000a\000s\000h}{section.7.4}% 95
\BOOKMARK [2][-]{subsection.7.4.5}{\376\377\000H\000o\000s\000p\000i\000t\000a\000l\000i\000z\000e\000d}{section.7.4}% 96
\BOOKMARK [0][-]{chapter.8}{\376\377\000M\000e\000t\000h\000o\000d\000s\000\040\000a\000n\000d\000\040\000E\000x\000p\000e\000r\000i\000m\000e\000n\000t\000a\000l\000\040\000R\000e\000s\000u\000l\000t\000s\000\040\000T\000o\000\040\000D\000a\000t\000e}{}% 97
\BOOKMARK [1][-]{section.8.1}{\376\377\000s\000c\000i\000k\000i\000t\000-\000l\000e\000a\000r\000n}{chapter.8}% 98
\BOOKMARK [1][-]{section.8.2}{\376\377\000F\000o\000c\000a\000l\000\040\000L\000o\000s\000s\000\040\000a\000n\000d\000\040\000T\000o\000m\000e\000k}{chapter.8}% 99
\BOOKMARK [2][-]{subsection.8.2.1}{\376\377\000D\000i\000f\000f\000e\000r\000e\000n\000t\000\040\000V\000a\000l\000u\000e\000s\000\040\000o\000f\000\040\000p\000\040\000w\000i\000t\000h\000\040\0001\000=\0000\000,\000\040\0002\000=\0000}{section.8.2}% 100
\BOOKMARK [2][-]{subsection.8.2.2}{\376\377\000F\000i\000x\000e\000d\000\040\000p\000=\0008\0008\000.\0008\000,\000\040\000D\000i\000f\000f\000e\000r\000e\000n\000t\000\040\000v\000a\000l\000u\000e\000s\000\040\000o\000f\000\040\0001\000\040\000a\000n\000d\000\040\0002}{section.8.2}% 101
\BOOKMARK [2][-]{subsection.8.2.3}{\376\377\000T\000o\000m\000e\000k}{section.8.2}% 102
\BOOKMARK [2][-]{subsection.8.2.4}{\376\377\000D\000i\000s\000c\000u\000s\000s\000i\000o\000n}{section.8.2}% 103
\BOOKMARK [1][-]{section.8.3}{\376\377\000F\000e\000a\000t\000u\000r\000e\000\040\000E\000n\000g\000i\000n\000e\000e\000r\000i\000n\000g}{chapter.8}% 104
\BOOKMARK [2][-]{subsection.8.3.1}{\376\377\000T\000i\000m\000e\000\040\000o\000f\000\040\000D\000a\000y}{section.8.3}% 105
\BOOKMARK [2][-]{subsection.8.3.2}{\376\377\000N\000u\000m\000b\000e\000r\000\040\000o\000f\000\040\000F\000a\000t\000a\000l\000i\000t\000i\000e\000s\000/\000I\000n\000j\000u\000r\000i\000e\000s}{section.8.3}% 106
\BOOKMARK [2][-]{subsection.8.3.3}{\376\377\000D\000a\000y\000\040\000o\000f\000\040\000W\000e\000e\000k}{section.8.3}% 107
\BOOKMARK [2][-]{subsection.8.3.4}{\376\377\000T\000i\000m\000e\000\040\000o\000f\000\040\000D\000a\000y}{section.8.3}% 108
\BOOKMARK [2][-]{subsection.8.3.5}{\376\377\000L\000o\000c\000a\000t\000i\000o\000n}{section.8.3}% 109
\BOOKMARK [2][-]{subsection.8.3.6}{\376\377\000P\000a\000r\000i\000s\000h\000/\000R\000o\000a\000d\000\040\000N\000a\000m\000e\000s}{section.8.3}% 110
\BOOKMARK [0][-]{chapter.9}{\376\377\000R\000e\000s\000e\000a\000r\000c\000h\000\040\000P\000l\000a\000n}{}% 111
\BOOKMARK [1][-]{section.9.1}{\376\377\000G\000o\000a\000l\000s}{chapter.9}% 112
\BOOKMARK [1][-]{section.9.2}{\376\377\000P\000r\000o\000g\000r\000e\000s\000s}{chapter.9}% 113
\BOOKMARK [1][-]{section.9.3}{\376\377\000S\000t\000e\000p\000s}{chapter.9}% 114
