This is pdfTeX, Version 3.141592653-2.6-1.40.22 (TeX Live 2021) (preloaded format=pdflatex 2021.10.6)  26 SEP 2022 05:11
entering extended mode
 restricted \write18 enabled.
 file:line:error style messages enabled.
 %&-line parsing enabled.
**Burkman_Prospectus_05_01_22.tex
(./Burkman_Prospectus_05_01_22.tex
LaTeX2e <2020-10-01> patch level 4
L3 programming layer <2021-02-18>
(/usr/local/texlive/2021/texmf-dist/tex/latex/base/report.cls
Document Class: report 2020/04/10 v1.4m Standard LaTeX document class
(/usr/local/texlive/2021/texmf-dist/tex/latex/base/size11.clo
File: size11.clo 2020/04/10 v1.4m Standard LaTeX file (size option)
)
\c@part=\count179
\c@chapter=\count180
\c@section=\count181
\c@subsection=\count182
\c@subsubsection=\count183
\c@paragraph=\count184
\c@subparagraph=\count185
\c@figure=\count186
\c@table=\count187
\abovecaptionskip=\skip47
\belowcaptionskip=\skip48
\bibindent=\dimen138
)
(/usr/local/texlive/2021/texmf-dist/tex/latex/biblatex/biblatex.sty
Package: biblatex 2020/12/31 v3.16 programmable bibliographies (PK/MW)

(/usr/local/texlive/2021/texmf-dist/tex/generic/pdftexcmds/pdftexcmds.sty
Package: pdftexcmds 2020-06-27 v0.33 Utility functions of pdfTeX for LuaTeX (HO
)

(/usr/local/texlive/2021/texmf-dist/tex/generic/infwarerr/infwarerr.sty
Package: infwarerr 2019/12/03 v1.5 Providing info/warning/error messages (HO)
)
(/usr/local/texlive/2021/texmf-dist/tex/generic/iftex/iftex.sty
Package: iftex 2020/03/06 v1.0d TeX engine tests
)
(/usr/local/texlive/2021/texmf-dist/tex/generic/ltxcmds/ltxcmds.sty
Package: ltxcmds 2020-05-10 v1.25 LaTeX kernel commands for general use (HO)
)
Package pdftexcmds Info: \pdf@primitive is available.
Package pdftexcmds Info: \pdf@ifprimitive is available.
Package pdftexcmds Info: \pdfdraftmode found.
)
(/usr/local/texlive/2021/texmf-dist/tex/latex/etoolbox/etoolbox.sty
Package: etoolbox 2020/10/05 v2.5k e-TeX tools for LaTeX (JAW)
\etb@tempcnta=\count188
)
(/usr/local/texlive/2021/texmf-dist/tex/latex/graphics/keyval.sty
Package: keyval 2014/10/28 v1.15 key=value parser (DPC)
\KV@toks@=\toks15
)
(/usr/local/texlive/2021/texmf-dist/tex/latex/kvoptions/kvoptions.sty
Package: kvoptions 2020-10-07 v3.14 Key value format for package options (HO)

(/usr/local/texlive/2021/texmf-dist/tex/generic/kvsetkeys/kvsetkeys.sty
Package: kvsetkeys 2019/12/15 v1.18 Key value parser (HO)
))
(/usr/local/texlive/2021/texmf-dist/tex/latex/logreq/logreq.sty
Package: logreq 2010/08/04 v1.0 xml request logger
\lrq@indent=\count189

(/usr/local/texlive/2021/texmf-dist/tex/latex/logreq/logreq.def
File: logreq.def 2010/08/04 v1.0 logreq spec v1.0
))
(/usr/local/texlive/2021/texmf-dist/tex/latex/base/ifthen.sty
Package: ifthen 2014/09/29 v1.1c Standard LaTeX ifthen package (DPC)
)
(/usr/local/texlive/2021/texmf-dist/tex/latex/url/url.sty
\Urlmuskip=\muskip16
Package: url 2013/09/16  ver 3.4  Verb mode for urls, etc.
)
\c@tabx@nest=\count190
\c@listtotal=\count191
\c@listcount=\count192
\c@liststart=\count193
\c@liststop=\count194
\c@citecount=\count195
\c@citetotal=\count196
\c@multicitecount=\count197
\c@multicitetotal=\count198
\c@instcount=\count199
\c@maxnames=\count266
\c@minnames=\count267
\c@maxitems=\count268
\c@minitems=\count269
\c@citecounter=\count270
\c@maxcitecounter=\count271
\c@savedcitecounter=\count272
\c@uniquelist=\count273
\c@uniquename=\count274
\c@refsection=\count275
\c@refsegment=\count276
\c@maxextratitle=\count277
\c@maxextratitleyear=\count278
\c@maxextraname=\count279
\c@maxextradate=\count280
\c@maxextraalpha=\count281
\c@abbrvpenalty=\count282
\c@highnamepenalty=\count283
\c@lownamepenalty=\count284
\c@maxparens=\count285
\c@parenlevel=\count286
\blx@tempcnta=\count287
\blx@tempcntb=\count288
\blx@tempcntc=\count289
\blx@maxsection=\count290
\blx@maxsegment@0=\count291
\blx@notetype=\count292
\blx@parenlevel@text=\count293
\blx@parenlevel@foot=\count294
\blx@sectionciteorder@0=\count295
\blx@entrysetcounter=\count296
\blx@biblioinstance=\count297
\labelnumberwidth=\skip49
\labelalphawidth=\skip50
\biblabelsep=\skip51
\bibitemsep=\skip52
\bibnamesep=\skip53
\bibinitsep=\skip54
\bibparsep=\skip55
\bibhang=\skip56
\blx@bcfin=\read2
\blx@bcfout=\write3
\blx@langwohyphens=\language87
\c@mincomprange=\count298
\c@maxcomprange=\count299
\c@mincompwidth=\count300
Package biblatex Info: Trying to load biblatex default data model...
Package biblatex Info: ... file 'blx-dm.def' found.

(/usr/local/texlive/2021/texmf-dist/tex/latex/biblatex/blx-dm.def
File: blx-dm.def 2020/12/31 v3.16 biblatex localization (PK/MW)
)
Package biblatex Info: Trying to load biblatex custom data model...
Package biblatex Info: ... file 'biblatex-dm.cfg' not found.
\c@afterword=\count301
\c@savedafterword=\count302
\c@annotator=\count303
\c@savedannotator=\count304
\c@author=\count305
\c@savedauthor=\count306
\c@bookauthor=\count307
\c@savedbookauthor=\count308
\c@commentator=\count309
\c@savedcommentator=\count310
\c@editor=\count311
\c@savededitor=\count312
\c@editora=\count313
\c@savededitora=\count314
\c@editorb=\count315
\c@savededitorb=\count316
\c@editorc=\count317
\c@savededitorc=\count318
\c@foreword=\count319
\c@savedforeword=\count320
\c@holder=\count321
\c@savedholder=\count322
\c@introduction=\count323
\c@savedintroduction=\count324
\c@namea=\count325
\c@savednamea=\count326
\c@nameb=\count327
\c@savednameb=\count328
\c@namec=\count329
\c@savednamec=\count330
\c@translator=\count331
\c@savedtranslator=\count332
\c@shortauthor=\count333
\c@savedshortauthor=\count334
\c@shorteditor=\count335
\c@savedshorteditor=\count336
\c@labelname=\count337
\c@savedlabelname=\count338
\c@institution=\count339
\c@savedinstitution=\count340
\c@lista=\count341
\c@savedlista=\count342
\c@listb=\count343
\c@savedlistb=\count344
\c@listc=\count345
\c@savedlistc=\count346
\c@listd=\count347
\c@savedlistd=\count348
\c@liste=\count349
\c@savedliste=\count350
\c@listf=\count351
\c@savedlistf=\count352
\c@location=\count353
\c@savedlocation=\count354
\c@organization=\count355
\c@savedorganization=\count356
\c@origlocation=\count357
\c@savedoriglocation=\count358
\c@origpublisher=\count359
\c@savedorigpublisher=\count360
\c@publisher=\count361
\c@savedpublisher=\count362
\c@language=\count363
\c@savedlanguage=\count364
\c@origlanguage=\count365
\c@savedoriglanguage=\count366
\c@pageref=\count367
\c@savedpageref=\count368
\shorthandwidth=\skip57
\shortjournalwidth=\skip58
\shortserieswidth=\skip59
\shorttitlewidth=\skip60
\shortauthorwidth=\skip61
\shorteditorwidth=\skip62
\locallabelnumberwidth=\skip63
\locallabelalphawidth=\skip64
\localshorthandwidth=\skip65
\localshortjournalwidth=\skip66
\localshortserieswidth=\skip67
\localshorttitlewidth=\skip68
\localshortauthorwidth=\skip69
\localshorteditorwidth=\skip70
Package biblatex Info: Trying to load compatibility code...
Package biblatex Info: ... file 'blx-compat.def' found.

(/usr/local/texlive/2021/texmf-dist/tex/latex/biblatex/blx-compat.def
File: blx-compat.def 2020/12/31 v3.16 biblatex compatibility (PK/MW)
)
Package biblatex Info: Trying to load generic definitions...
Package biblatex Info: ... file 'biblatex.def' found.

(/usr/local/texlive/2021/texmf-dist/tex/latex/biblatex/biblatex.def
File: biblatex.def 2020/12/31 v3.16 biblatex compatibility (PK/MW)
\c@textcitecount=\count369
\c@textcitetotal=\count370
\c@textcitemaxnames=\count371
\c@biburlbigbreakpenalty=\count372
\c@biburlbreakpenalty=\count373
\c@biburlnumpenalty=\count374
\c@biburlucpenalty=\count375
\c@biburllcpenalty=\count376
\biburlbigskip=\muskip17
\biburlnumskip=\muskip18
\biburlucskip=\muskip19
\biburllcskip=\muskip20
\c@smartand=\count377
)
Package biblatex Info: Trying to load bibliography style 'numeric'...
Package biblatex Info: ... file 'numeric.bbx' found.

(/usr/local/texlive/2021/texmf-dist/tex/latex/biblatex/bbx/numeric.bbx
File: numeric.bbx 2020/12/31 v3.16 biblatex bibliography style (PK/MW)
Package biblatex Info: Trying to load bibliography style 'standard'...
Package biblatex Info: ... file 'standard.bbx' found.

(/usr/local/texlive/2021/texmf-dist/tex/latex/biblatex/bbx/standard.bbx
File: standard.bbx 2020/12/31 v3.16 biblatex bibliography style (PK/MW)
\c@bbx:relatedcount=\count378
\c@bbx:relatedtotal=\count379
))
Package biblatex Info: Trying to load citation style 'numeric'...
Package biblatex Info: ... file 'numeric.cbx' found.

(/usr/local/texlive/2021/texmf-dist/tex/latex/biblatex/cbx/numeric.cbx
File: numeric.cbx 2020/12/31 v3.16 biblatex citation style (PK/MW)
Package biblatex Info: Redefining '\cite'.
Package biblatex Info: Redefining '\parencite'.
Package biblatex Info: Redefining '\footcite'.
Package biblatex Info: Redefining '\footcitetext'.
Package biblatex Info: Redefining '\smartcite'.
Package biblatex Info: Redefining '\supercite'.
Package biblatex Info: Redefining '\textcite'.
Package biblatex Info: Redefining '\textcites'.
Package biblatex Info: Redefining '\cites'.
Package biblatex Info: Redefining '\parencites'.
Package biblatex Info: Redefining '\smartcites'.
)
Package biblatex Info: Trying to load configuration file...
Package biblatex Info: ... file 'biblatex.cfg' found.

(/usr/local/texlive/2021/texmf-dist/tex/latex/biblatex/biblatex.cfg
File: biblatex.cfg 
))
(/usr/local/texlive/2021/texmf-dist/tex/latex/pgf/frontendlayer/tikz.sty
(/usr/local/texlive/2021/texmf-dist/tex/latex/pgf/basiclayer/pgf.sty
(/usr/local/texlive/2021/texmf-dist/tex/latex/pgf/utilities/pgfrcs.sty
(/usr/local/texlive/2021/texmf-dist/tex/generic/pgf/utilities/pgfutil-common.te
x
\pgfutil@everybye=\toks16
\pgfutil@tempdima=\dimen139
\pgfutil@tempdimb=\dimen140

(/usr/local/texlive/2021/texmf-dist/tex/generic/pgf/utilities/pgfutil-common-li
sts.tex))
(/usr/local/texlive/2021/texmf-dist/tex/generic/pgf/utilities/pgfutil-latex.def
\pgfutil@abb=\box47
) (/usr/local/texlive/2021/texmf-dist/tex/generic/pgf/utilities/pgfrcs.code.tex
(/usr/local/texlive/2021/texmf-dist/tex/generic/pgf/pgf.revision.tex)
Package: pgfrcs 2020/12/27 v3.1.8b (3.1.8b)
))
Package: pgf 2020/12/27 v3.1.8b (3.1.8b)

(/usr/local/texlive/2021/texmf-dist/tex/latex/pgf/basiclayer/pgfcore.sty
(/usr/local/texlive/2021/texmf-dist/tex/latex/graphics/graphicx.sty
Package: graphicx 2020/09/09 v1.2b Enhanced LaTeX Graphics (DPC,SPQR)

(/usr/local/texlive/2021/texmf-dist/tex/latex/graphics/graphics.sty
Package: graphics 2020/08/30 v1.4c Standard LaTeX Graphics (DPC,SPQR)

(/usr/local/texlive/2021/texmf-dist/tex/latex/graphics/trig.sty
Package: trig 2016/01/03 v1.10 sin cos tan (DPC)
)
(/usr/local/texlive/2021/texmf-dist/tex/latex/graphics-cfg/graphics.cfg
File: graphics.cfg 2016/06/04 v1.11 sample graphics configuration
)
Package graphics Info: Driver file: pdftex.def on input line 105.

(/usr/local/texlive/2021/texmf-dist/tex/latex/graphics-def/pdftex.def
File: pdftex.def 2020/10/05 v1.2a Graphics/color driver for pdftex
))
\Gin@req@height=\dimen141
\Gin@req@width=\dimen142
)
(/usr/local/texlive/2021/texmf-dist/tex/latex/pgf/systemlayer/pgfsys.sty
(/usr/local/texlive/2021/texmf-dist/tex/generic/pgf/systemlayer/pgfsys.code.tex
Package: pgfsys 2020/12/27 v3.1.8b (3.1.8b)
(/usr/local/texlive/2021/texmf-dist/tex/generic/pgf/utilities/pgfkeys.code.tex
\pgfkeys@pathtoks=\toks17
\pgfkeys@temptoks=\toks18

(/usr/local/texlive/2021/texmf-dist/tex/generic/pgf/utilities/pgfkeysfiltered.c
ode.tex
\pgfkeys@tmptoks=\toks19
))
\pgf@x=\dimen143
\pgf@y=\dimen144
\pgf@xa=\dimen145
\pgf@ya=\dimen146
\pgf@xb=\dimen147
\pgf@yb=\dimen148
\pgf@xc=\dimen149
\pgf@yc=\dimen150
\pgf@xd=\dimen151
\pgf@yd=\dimen152
\w@pgf@writea=\write4
\r@pgf@reada=\read3
\c@pgf@counta=\count380
\c@pgf@countb=\count381
\c@pgf@countc=\count382
\c@pgf@countd=\count383
\t@pgf@toka=\toks20
\t@pgf@tokb=\toks21
\t@pgf@tokc=\toks22
\pgf@sys@id@count=\count384

(/usr/local/texlive/2021/texmf-dist/tex/generic/pgf/systemlayer/pgf.cfg
File: pgf.cfg 2020/12/27 v3.1.8b (3.1.8b)
)
Driver file for pgf: pgfsys-pdftex.def

(/usr/local/texlive/2021/texmf-dist/tex/generic/pgf/systemlayer/pgfsys-pdftex.d
ef
File: pgfsys-pdftex.def 2020/12/27 v3.1.8b (3.1.8b)

(/usr/local/texlive/2021/texmf-dist/tex/generic/pgf/systemlayer/pgfsys-common-p
df.def
File: pgfsys-common-pdf.def 2020/12/27 v3.1.8b (3.1.8b)
)))
(/usr/local/texlive/2021/texmf-dist/tex/generic/pgf/systemlayer/pgfsyssoftpath.
code.tex
File: pgfsyssoftpath.code.tex 2020/12/27 v3.1.8b (3.1.8b)
\pgfsyssoftpath@smallbuffer@items=\count385
\pgfsyssoftpath@bigbuffer@items=\count386
)
(/usr/local/texlive/2021/texmf-dist/tex/generic/pgf/systemlayer/pgfsysprotocol.
code.tex
File: pgfsysprotocol.code.tex 2020/12/27 v3.1.8b (3.1.8b)
)) (/usr/local/texlive/2021/texmf-dist/tex/latex/xcolor/xcolor.sty
Package: xcolor 2016/05/11 v2.12 LaTeX color extensions (UK)

(/usr/local/texlive/2021/texmf-dist/tex/latex/graphics-cfg/color.cfg
File: color.cfg 2016/01/02 v1.6 sample color configuration
)
Package xcolor Info: Driver file: pdftex.def on input line 225.
Package xcolor Info: Model `cmy' substituted by `cmy0' on input line 1348.
Package xcolor Info: Model `hsb' substituted by `rgb' on input line 1352.
Package xcolor Info: Model `RGB' extended on input line 1364.
Package xcolor Info: Model `HTML' substituted by `rgb' on input line 1366.
Package xcolor Info: Model `Hsb' substituted by `hsb' on input line 1367.
Package xcolor Info: Model `tHsb' substituted by `hsb' on input line 1368.
Package xcolor Info: Model `HSB' substituted by `hsb' on input line 1369.
Package xcolor Info: Model `Gray' substituted by `gray' on input line 1370.
Package xcolor Info: Model `wave' substituted by `hsb' on input line 1371.
)
(/usr/local/texlive/2021/texmf-dist/tex/generic/pgf/basiclayer/pgfcore.code.tex
Package: pgfcore 2020/12/27 v3.1.8b (3.1.8b)
(/usr/local/texlive/2021/texmf-dist/tex/generic/pgf/math/pgfmath.code.tex
(/usr/local/texlive/2021/texmf-dist/tex/generic/pgf/math/pgfmathcalc.code.tex
(/usr/local/texlive/2021/texmf-dist/tex/generic/pgf/math/pgfmathutil.code.tex)
(/usr/local/texlive/2021/texmf-dist/tex/generic/pgf/math/pgfmathparser.code.tex
\pgfmath@dimen=\dimen153
\pgfmath@count=\count387
\pgfmath@box=\box48
\pgfmath@toks=\toks23
\pgfmath@stack@operand=\toks24
\pgfmath@stack@operation=\toks25
)
(/usr/local/texlive/2021/texmf-dist/tex/generic/pgf/math/pgfmathfunctions.code.
tex
(/usr/local/texlive/2021/texmf-dist/tex/generic/pgf/math/pgfmathfunctions.basic
.code.tex)
(/usr/local/texlive/2021/texmf-dist/tex/generic/pgf/math/pgfmathfunctions.trigo
nometric.code.tex)
(/usr/local/texlive/2021/texmf-dist/tex/generic/pgf/math/pgfmathfunctions.rando
m.code.tex)
(/usr/local/texlive/2021/texmf-dist/tex/generic/pgf/math/pgfmathfunctions.compa
rison.code.tex)
(/usr/local/texlive/2021/texmf-dist/tex/generic/pgf/math/pgfmathfunctions.base.
code.tex)
(/usr/local/texlive/2021/texmf-dist/tex/generic/pgf/math/pgfmathfunctions.round
.code.tex)
(/usr/local/texlive/2021/texmf-dist/tex/generic/pgf/math/pgfmathfunctions.misc.
code.tex)
(/usr/local/texlive/2021/texmf-dist/tex/generic/pgf/math/pgfmathfunctions.integ
erarithmetics.code.tex)))
(/usr/local/texlive/2021/texmf-dist/tex/generic/pgf/math/pgfmathfloat.code.tex
\c@pgfmathroundto@lastzeros=\count388
)) (/usr/local/texlive/2021/texmf-dist/tex/generic/pgf/math/pgfint.code.tex)
(/usr/local/texlive/2021/texmf-dist/tex/generic/pgf/basiclayer/pgfcorepoints.co
de.tex
File: pgfcorepoints.code.tex 2020/12/27 v3.1.8b (3.1.8b)
\pgf@picminx=\dimen154
\pgf@picmaxx=\dimen155
\pgf@picminy=\dimen156
\pgf@picmaxy=\dimen157
\pgf@pathminx=\dimen158
\pgf@pathmaxx=\dimen159
\pgf@pathminy=\dimen160
\pgf@pathmaxy=\dimen161
\pgf@xx=\dimen162
\pgf@xy=\dimen163
\pgf@yx=\dimen164
\pgf@yy=\dimen165
\pgf@zx=\dimen166
\pgf@zy=\dimen167
)
(/usr/local/texlive/2021/texmf-dist/tex/generic/pgf/basiclayer/pgfcorepathconst
ruct.code.tex
File: pgfcorepathconstruct.code.tex 2020/12/27 v3.1.8b (3.1.8b)
\pgf@path@lastx=\dimen168
\pgf@path@lasty=\dimen169
)
(/usr/local/texlive/2021/texmf-dist/tex/generic/pgf/basiclayer/pgfcorepathusage
.code.tex
File: pgfcorepathusage.code.tex 2020/12/27 v3.1.8b (3.1.8b)
\pgf@shorten@end@additional=\dimen170
\pgf@shorten@start@additional=\dimen171
)
(/usr/local/texlive/2021/texmf-dist/tex/generic/pgf/basiclayer/pgfcorescopes.co
de.tex
File: pgfcorescopes.code.tex 2020/12/27 v3.1.8b (3.1.8b)
\pgfpic=\box49
\pgf@hbox=\box50
\pgf@layerbox@main=\box51
\pgf@picture@serial@count=\count389
)
(/usr/local/texlive/2021/texmf-dist/tex/generic/pgf/basiclayer/pgfcoregraphicst
ate.code.tex
File: pgfcoregraphicstate.code.tex 2020/12/27 v3.1.8b (3.1.8b)
\pgflinewidth=\dimen172
)
(/usr/local/texlive/2021/texmf-dist/tex/generic/pgf/basiclayer/pgfcoretransform
ations.code.tex
File: pgfcoretransformations.code.tex 2020/12/27 v3.1.8b (3.1.8b)
\pgf@pt@x=\dimen173
\pgf@pt@y=\dimen174
\pgf@pt@temp=\dimen175
)
(/usr/local/texlive/2021/texmf-dist/tex/generic/pgf/basiclayer/pgfcorequick.cod
e.tex
File: pgfcorequick.code.tex 2020/12/27 v3.1.8b (3.1.8b)
)
(/usr/local/texlive/2021/texmf-dist/tex/generic/pgf/basiclayer/pgfcoreobjects.c
ode.tex
File: pgfcoreobjects.code.tex 2020/12/27 v3.1.8b (3.1.8b)
)
(/usr/local/texlive/2021/texmf-dist/tex/generic/pgf/basiclayer/pgfcorepathproce
ssing.code.tex
File: pgfcorepathprocessing.code.tex 2020/12/27 v3.1.8b (3.1.8b)
)
(/usr/local/texlive/2021/texmf-dist/tex/generic/pgf/basiclayer/pgfcorearrows.co
de.tex
File: pgfcorearrows.code.tex 2020/12/27 v3.1.8b (3.1.8b)
\pgfarrowsep=\dimen176
)
(/usr/local/texlive/2021/texmf-dist/tex/generic/pgf/basiclayer/pgfcoreshade.cod
e.tex
File: pgfcoreshade.code.tex 2020/12/27 v3.1.8b (3.1.8b)
\pgf@max=\dimen177
\pgf@sys@shading@range@num=\count390
\pgf@shadingcount=\count391
)
(/usr/local/texlive/2021/texmf-dist/tex/generic/pgf/basiclayer/pgfcoreimage.cod
e.tex
File: pgfcoreimage.code.tex 2020/12/27 v3.1.8b (3.1.8b)

(/usr/local/texlive/2021/texmf-dist/tex/generic/pgf/basiclayer/pgfcoreexternal.
code.tex
File: pgfcoreexternal.code.tex 2020/12/27 v3.1.8b (3.1.8b)
\pgfexternal@startupbox=\box52
))
(/usr/local/texlive/2021/texmf-dist/tex/generic/pgf/basiclayer/pgfcorelayers.co
de.tex
File: pgfcorelayers.code.tex 2020/12/27 v3.1.8b (3.1.8b)
)
(/usr/local/texlive/2021/texmf-dist/tex/generic/pgf/basiclayer/pgfcoretranspare
ncy.code.tex
File: pgfcoretransparency.code.tex 2020/12/27 v3.1.8b (3.1.8b)
)
(/usr/local/texlive/2021/texmf-dist/tex/generic/pgf/basiclayer/pgfcorepatterns.
code.tex
File: pgfcorepatterns.code.tex 2020/12/27 v3.1.8b (3.1.8b)
)
(/usr/local/texlive/2021/texmf-dist/tex/generic/pgf/basiclayer/pgfcorerdf.code.
tex
File: pgfcorerdf.code.tex 2020/12/27 v3.1.8b (3.1.8b)
)))
(/usr/local/texlive/2021/texmf-dist/tex/generic/pgf/modules/pgfmoduleshapes.cod
e.tex
File: pgfmoduleshapes.code.tex 2020/12/27 v3.1.8b (3.1.8b)
\pgfnodeparttextbox=\box53
)
(/usr/local/texlive/2021/texmf-dist/tex/generic/pgf/modules/pgfmoduleplot.code.
tex
File: pgfmoduleplot.code.tex 2020/12/27 v3.1.8b (3.1.8b)
)
(/usr/local/texlive/2021/texmf-dist/tex/latex/pgf/compatibility/pgfcomp-version
-0-65.sty
Package: pgfcomp-version-0-65 2020/12/27 v3.1.8b (3.1.8b)
\pgf@nodesepstart=\dimen178
\pgf@nodesepend=\dimen179
)
(/usr/local/texlive/2021/texmf-dist/tex/latex/pgf/compatibility/pgfcomp-version
-1-18.sty
Package: pgfcomp-version-1-18 2020/12/27 v3.1.8b (3.1.8b)
))
(/usr/local/texlive/2021/texmf-dist/tex/latex/pgf/utilities/pgffor.sty
(/usr/local/texlive/2021/texmf-dist/tex/latex/pgf/utilities/pgfkeys.sty
(/usr/local/texlive/2021/texmf-dist/tex/generic/pgf/utilities/pgfkeys.code.tex)
) (/usr/local/texlive/2021/texmf-dist/tex/latex/pgf/math/pgfmath.sty
(/usr/local/texlive/2021/texmf-dist/tex/generic/pgf/math/pgfmath.code.tex))
(/usr/local/texlive/2021/texmf-dist/tex/generic/pgf/utilities/pgffor.code.tex
Package: pgffor 2020/12/27 v3.1.8b (3.1.8b)

(/usr/local/texlive/2021/texmf-dist/tex/generic/pgf/math/pgfmath.code.tex)
\pgffor@iter=\dimen180
\pgffor@skip=\dimen181
\pgffor@stack=\toks26
\pgffor@toks=\toks27
))
(/usr/local/texlive/2021/texmf-dist/tex/generic/pgf/frontendlayer/tikz/tikz.cod
e.tex
Package: tikz 2020/12/27 v3.1.8b (3.1.8b)

(/usr/local/texlive/2021/texmf-dist/tex/generic/pgf/libraries/pgflibraryplothan
dlers.code.tex
File: pgflibraryplothandlers.code.tex 2020/12/27 v3.1.8b (3.1.8b)
\pgf@plot@mark@count=\count392
\pgfplotmarksize=\dimen182
)
\tikz@lastx=\dimen183
\tikz@lasty=\dimen184
\tikz@lastxsaved=\dimen185
\tikz@lastysaved=\dimen186
\tikz@lastmovetox=\dimen187
\tikz@lastmovetoy=\dimen188
\tikzleveldistance=\dimen189
\tikzsiblingdistance=\dimen190
\tikz@figbox=\box54
\tikz@figbox@bg=\box55
\tikz@tempbox=\box56
\tikz@tempbox@bg=\box57
\tikztreelevel=\count393
\tikznumberofchildren=\count394
\tikznumberofcurrentchild=\count395
\tikz@fig@count=\count396

(/usr/local/texlive/2021/texmf-dist/tex/generic/pgf/modules/pgfmodulematrix.cod
e.tex
File: pgfmodulematrix.code.tex 2020/12/27 v3.1.8b (3.1.8b)
\pgfmatrixcurrentrow=\count397
\pgfmatrixcurrentcolumn=\count398
\pgf@matrix@numberofcolumns=\count399
)
\tikz@expandcount=\count400

(/usr/local/texlive/2021/texmf-dist/tex/generic/pgf/frontendlayer/tikz/librarie
s/tikzlibrarytopaths.code.tex
File: tikzlibrarytopaths.code.tex 2020/12/27 v3.1.8b (3.1.8b)
)))
(/usr/local/texlive/2021/texmf-dist/tex/generic/pgf/frontendlayer/tikz/librarie
s/tikzlibraryarrows.code.tex
File: tikzlibraryarrows.code.tex 2020/12/27 v3.1.8b (3.1.8b)

(/usr/local/texlive/2021/texmf-dist/tex/generic/pgf/libraries/pgflibraryarrows.
code.tex
File: pgflibraryarrows.code.tex 2020/12/27 v3.1.8b (3.1.8b)
\arrowsize=\dimen191
))
(/usr/local/texlive/2021/texmf-dist/tex/generic/pgf/frontendlayer/tikz/librarie
s/tikzlibraryshapes.code.tex
File: tikzlibraryshapes.code.tex 2020/12/27 v3.1.8b (3.1.8b)

(/usr/local/texlive/2021/texmf-dist/tex/generic/pgf/frontendlayer/tikz/librarie
s/tikzlibraryshapes.geometric.code.tex
File: tikzlibraryshapes.geometric.code.tex 2020/12/27 v3.1.8b (3.1.8b)

(/usr/local/texlive/2021/texmf-dist/tex/generic/pgf/libraries/shapes/pgflibrary
shapes.geometric.code.tex
File: pgflibraryshapes.geometric.code.tex 2020/12/27 v3.1.8b (3.1.8b)
))
(/usr/local/texlive/2021/texmf-dist/tex/generic/pgf/frontendlayer/tikz/librarie
s/tikzlibraryshapes.misc.code.tex
File: tikzlibraryshapes.misc.code.tex 2020/12/27 v3.1.8b (3.1.8b)

(/usr/local/texlive/2021/texmf-dist/tex/generic/pgf/libraries/shapes/pgflibrary
shapes.misc.code.tex
File: pgflibraryshapes.misc.code.tex 2020/12/27 v3.1.8b (3.1.8b)
))
(/usr/local/texlive/2021/texmf-dist/tex/generic/pgf/frontendlayer/tikz/librarie
s/tikzlibraryshapes.symbols.code.tex
File: tikzlibraryshapes.symbols.code.tex 2020/12/27 v3.1.8b (3.1.8b)

(/usr/local/texlive/2021/texmf-dist/tex/generic/pgf/libraries/shapes/pgflibrary
shapes.symbols.code.tex
File: pgflibraryshapes.symbols.code.tex 2020/12/27 v3.1.8b (3.1.8b)
))
(/usr/local/texlive/2021/texmf-dist/tex/generic/pgf/frontendlayer/tikz/librarie
s/tikzlibraryshapes.arrows.code.tex
File: tikzlibraryshapes.arrows.code.tex 2020/12/27 v3.1.8b (3.1.8b)

(/usr/local/texlive/2021/texmf-dist/tex/generic/pgf/libraries/shapes/pgflibrary
shapes.arrows.code.tex
File: pgflibraryshapes.arrows.code.tex 2020/12/27 v3.1.8b (3.1.8b)
))
(/usr/local/texlive/2021/texmf-dist/tex/generic/pgf/frontendlayer/tikz/librarie
s/tikzlibraryshapes.callouts.code.tex
(/usr/local/texlive/2021/texmf-dist/tex/generic/pgf/libraries/shapes/pgflibrary
shapes.callouts.code.tex))
(/usr/local/texlive/2021/texmf-dist/tex/generic/pgf/frontendlayer/tikz/librarie
s/tikzlibraryshapes.multipart.code.tex
File: tikzlibraryshapes.multipart.code.tex 2020/12/27 v3.1.8b (3.1.8b)

(/usr/local/texlive/2021/texmf-dist/tex/generic/pgf/libraries/shapes/pgflibrary
shapes.multipart.code.tex
File: pgflibraryshapes.multipart.code.tex 2020/12/27 v3.1.8b (3.1.8b)
\pgfnodepartlowerbox=\box58
\pgfnodeparttwobox=\box59
\pgfnodepartthreebox=\box60
\pgfnodepartfourbox=\box61
\pgfnodeparttwentybox=\box62
\pgfnodepartnineteenbox=\box63
\pgfnodeparteighteenbox=\box64
\pgfnodepartseventeenbox=\box65
\pgfnodepartsixteenbox=\box66
\pgfnodepartfifteenbox=\box67
\pgfnodepartfourteenbox=\box68
\pgfnodepartthirteenbox=\box69
\pgfnodeparttwelvebox=\box70
\pgfnodepartelevenbox=\box71
\pgfnodeparttenbox=\box72
\pgfnodepartninebox=\box73
\pgfnodeparteightbox=\box74
\pgfnodepartsevenbox=\box75
\pgfnodepartsixbox=\box76
\pgfnodepartfivebox=\box77
)))
(/usr/local/texlive/2021/texmf-dist/tex/generic/pgf/frontendlayer/tikz/librarie
s/tikzlibrarypatterns.code.tex
File: tikzlibrarypatterns.code.tex 2020/12/27 v3.1.8b (3.1.8b)

(/usr/local/texlive/2021/texmf-dist/tex/generic/pgf/libraries/pgflibrarypattern
s.code.tex
File: pgflibrarypatterns.code.tex 2020/12/27 v3.1.8b (3.1.8b)
))
(/usr/local/texlive/2021/texmf-dist/tex/generic/pgf/frontendlayer/tikz/librarie
s/tikzlibrarypositioning.code.tex
File: tikzlibrarypositioning.code.tex 2020/12/27 v3.1.8b (3.1.8b)
)
(/usr/local/texlive/2021/texmf-dist/tex/generic/pgf/frontendlayer/tikz/librarie
s/tikzlibrarydecorations.pathmorphing.code.tex
(/usr/local/texlive/2021/texmf-dist/tex/generic/pgf/frontendlayer/tikz/librarie
s/tikzlibrarydecorations.code.tex
(/usr/local/texlive/2021/texmf-dist/tex/generic/pgf/modules/pgfmoduledecoration
s.code.tex
\pgfdecoratedcompleteddistance=\dimen192
\pgfdecoratedremainingdistance=\dimen193
\pgfdecoratedinputsegmentcompleteddistance=\dimen194
\pgfdecoratedinputsegmentremainingdistance=\dimen195
\pgf@decorate@distancetomove=\dimen196
\pgf@decorate@repeatstate=\count401
\pgfdecorationsegmentamplitude=\dimen197
\pgfdecorationsegmentlength=\dimen198
)
\tikz@lib@dec@box=\box78
)
(/usr/local/texlive/2021/texmf-dist/tex/generic/pgf/libraries/decorations/pgfli
brarydecorations.pathmorphing.code.tex))
(/usr/local/texlive/2021/texmf-dist/tex/generic/pgf/frontendlayer/tikz/librarie
s/tikzlibraryfit.code.tex
File: tikzlibraryfit.code.tex 2020/12/27 v3.1.8b (3.1.8b)
)
(/usr/local/texlive/2021/texmf-dist/tex/latex/forest/forest.sty
Package: forest 2017/07/14 v2.1.5 Drawing (linguistic) trees

(/usr/local/texlive/2021/texmf-dist/tex/generic/pgf/frontendlayer/tikz/librarie
s/tikzlibrarycalc.code.tex
File: tikzlibrarycalc.code.tex 2020/12/27 v3.1.8b (3.1.8b)
)
(/usr/local/texlive/2021/texmf-dist/tex/generic/pgf/libraries/pgflibraryinterse
ctions.code.tex
(/usr/local/texlive/2021/texmf-dist/tex/generic/pgf/libraries/pgflibraryfpu.cod
e.tex)
\pgf@intersect@solutions=\count402
) (/usr/local/texlive/2021/texmf-dist/tex/latex/pgfopts/pgfopts.sty
Package: pgfopts 2014/07/10 v2.1a LaTeX package options with pgfkeys
\pgfopts@list@add@a@toks=\toks28
\pgfopts@list@add@b@toks=\toks29
)
(/usr/local/texlive/2021/texmf-dist/tex/latex/elocalloc/elocalloc.sty
Package: elocalloc 2016/12/15 v0.03 local allocation for LaTeX 2015+ (DPC)
)
(/usr/local/texlive/2021/texmf-dist/tex/latex/environ/environ.sty
Package: environ 2014/05/04 v0.3 A new way to define environments

(/usr/local/texlive/2021/texmf-dist/tex/latex/trimspaces/trimspaces.sty
Package: trimspaces 2009/09/17 v1.1 Trim spaces around a token list
)
\@envbody=\toks30
)
(/usr/local/texlive/2021/texmf-dist/tex/latex/l3packages/xparse/xparse.sty
(/usr/local/texlive/2021/texmf-dist/tex/latex/l3kernel/expl3.sty
Package: expl3 2021-02-18 L3 programming layer (loader) 

(/usr/local/texlive/2021/texmf-dist/tex/latex/l3backend/l3backend-pdftex.def
File: l3backend-pdftex.def 2021-03-18 L3 backend support: PDF output (pdfTeX)
\l__color_backend_stack_int=\count403
\l__pdf_internal_box=\box79
))
(/usr/local/texlive/2021/texmf-dist/tex/latex/l3packages/xparse/xparse-2020-10-
01.sty
(/usr/local/texlive/2021/texmf-dist/tex/latex/l3packages/xparse/xparse-generic.
tex))) (/usr/local/texlive/2021/texmf-dist/tex/latex/inlinedef/inlinedef.sty
Package: inlinedef 2008/07/10 v1.0 Inlined expansions within definitions
\ID@toks=\toks31
\ID@count=\count404
)
\ID@usercommands=\toks32
\safeloop@depth=\count405
\safeRKloop@depth=\count406
\forest@temp@dimen=\dimen199
\forest@temp@count=\count407
\forest@n=\count408
\forest@temp@global@count=\count409
\forest@temp@toks=\toks33
\forest@temparray@M=\count410
\forest@temparray@N=\count411
\forest@global@temparray@M=\count412
\forest@global@temparray@N=\count413
\forest@isnum@count=\count414
\forest@isdim@nonintpart=\count415
\forest@isdim@dimen=\dimen256
\forest@sort@m=\count416
\forest@sort@k=\count417
\forest@sort@p=\count418
\bracket@content=\toks34
\bracket@afterthought=\toks35
\forest@node@maxid=\count419
\forest@process@left@M=\count420
\forest@process@left@N=\count421
\forest@process@right@M=\count422
\forest@process@right@N=\count423
\forest@process@saved@M=\count424
\forest@process@saved@N=\count425
\forest@process@result@M=\count426
\forest@process@result@N=\count427
\forest@process@n=\count428
\forest@nodewalk@branch@toks=\toks36
\forest@nodewalk@shortsteps@resolution=\toks37
\forest@do@dynamics=\toks38
\forest@box=\box80
\forest@xg=\dimen257
\forest@yg=\dimen258
\forest@xs=\dimen259
\forest@ys=\dimen260
\forest@pi@toks=\toks39
\forest@segment@toks=\toks40
\forest@PIi@toks=\toks41
\forest@PIii@toks=\toks42
\forest@copy@in=\read4
\forest@copy@out=\write5
\forest@externalize@max@outer@n=\count429
\forest@externalize@inner@n=\count430
)
(/usr/local/texlive/2021/texmf-dist/tex/latex/forest/forest-lib-edges.sty
Package: forest-lib-edges 2016/12/05 v0.1.1
)
(/usr/local/texlive/2021/texmf-dist/tex/latex/setspace/setspace.sty
Package: setspace 2011/12/19 v6.7a set line spacing
)
(/usr/local/texlive/2021/texmf-dist/tex/latex/amsmath/amsmath.sty
Package: amsmath 2020/09/23 v2.17i AMS math features
\@mathmargin=\skip71

For additional information on amsmath, use the `?' option.
(/usr/local/texlive/2021/texmf-dist/tex/latex/amsmath/amstext.sty
Package: amstext 2000/06/29 v2.01 AMS text

(/usr/local/texlive/2021/texmf-dist/tex/latex/amsmath/amsgen.sty
File: amsgen.sty 1999/11/30 v2.0 generic functions
\@emptytoks=\toks43
\ex@=\dimen261
))
(/usr/local/texlive/2021/texmf-dist/tex/latex/amsmath/amsbsy.sty
Package: amsbsy 1999/11/29 v1.2d Bold Symbols
\pmbraise@=\dimen262
)
(/usr/local/texlive/2021/texmf-dist/tex/latex/amsmath/amsopn.sty
Package: amsopn 2016/03/08 v2.02 operator names
)
\inf@bad=\count431
LaTeX Info: Redefining \frac on input line 234.
\uproot@=\count432
\leftroot@=\count433
LaTeX Info: Redefining \overline on input line 399.
\classnum@=\count434
\DOTSCASE@=\count435
LaTeX Info: Redefining \ldots on input line 496.
LaTeX Info: Redefining \dots on input line 499.
LaTeX Info: Redefining \cdots on input line 620.
\Mathstrutbox@=\box81
\strutbox@=\box82
\big@size=\dimen263
LaTeX Font Info:    Redeclaring font encoding OML on input line 743.
LaTeX Font Info:    Redeclaring font encoding OMS on input line 744.
\macc@depth=\count436
\c@MaxMatrixCols=\count437
\dotsspace@=\muskip21
\c@parentequation=\count438
\dspbrk@lvl=\count439
\tag@help=\toks44
\row@=\count440
\column@=\count441
\maxfields@=\count442
\andhelp@=\toks45
\eqnshift@=\dimen264
\alignsep@=\dimen265
\tagshift@=\dimen266
\tagwidth@=\dimen267
\totwidth@=\dimen268
\lineht@=\dimen269
\@envbody=\toks46
\multlinegap=\skip72
\multlinetaggap=\skip73
\mathdisplay@stack=\toks47
LaTeX Info: Redefining \[ on input line 2923.
LaTeX Info: Redefining \] on input line 2924.
)
(/usr/local/texlive/2021/texmf-dist/tex/latex/amscls/amsthm.sty
Package: amsthm 2020/05/29 v2.20.6
\thm@style=\toks48
\thm@bodyfont=\toks49
\thm@headfont=\toks50
\thm@notefont=\toks51
\thm@headpunct=\toks52
\thm@preskip=\skip74
\thm@postskip=\skip75
\thm@headsep=\skip76
\dth@everypar=\toks53
)
(/usr/local/texlive/2021/texmf-dist/tex/latex/amsfonts/amssymb.sty
Package: amssymb 2013/01/14 v3.01 AMS font symbols

(/usr/local/texlive/2021/texmf-dist/tex/latex/amsfonts/amsfonts.sty
Package: amsfonts 2013/01/14 v3.01 Basic AMSFonts support
\symAMSa=\mathgroup4
\symAMSb=\mathgroup5
LaTeX Font Info:    Redeclaring math symbol \hbar on input line 98.
LaTeX Font Info:    Overwriting math alphabet `\mathfrak' in version `bold'
(Font)                  U/euf/m/n --> U/euf/b/n on input line 106.
))
(/usr/local/texlive/2021/texmf-dist/tex/latex/tools/array.sty
Package: array 2020/10/01 v2.5c Tabular extension package (FMi)
\col@sep=\dimen270
\ar@mcellbox=\box83
\extrarowheight=\dimen271
\NC@list=\toks54
\extratabsurround=\skip77
\backup@length=\skip78
\ar@cellbox=\box84
)
(/usr/local/texlive/2021/texmf-dist/tex/latex/multirow/multirow.sty
Package: multirow 2021/03/15 v2.8 Span multiple rows of a table
\multirow@colwidth=\skip79
\multirow@cntb=\count443
\multirow@dima=\skip80
\bigstrutjot=\dimen272
)
(/usr/local/texlive/2021/texmf-dist/tex/latex/hyperref/hyperref.sty
Package: hyperref 2021-02-27 v7.00k Hypertext links for LaTeX

(/usr/local/texlive/2021/texmf-dist/tex/generic/kvdefinekeys/kvdefinekeys.sty
Package: kvdefinekeys 2019-12-19 v1.6 Define keys (HO)
)
(/usr/local/texlive/2021/texmf-dist/tex/generic/pdfescape/pdfescape.sty
Package: pdfescape 2019/12/09 v1.15 Implements pdfTeX's escape features (HO)
)
(/usr/local/texlive/2021/texmf-dist/tex/latex/hycolor/hycolor.sty
Package: hycolor 2020-01-27 v1.10 Color options for hyperref/bookmark (HO)
)
(/usr/local/texlive/2021/texmf-dist/tex/latex/letltxmacro/letltxmacro.sty
Package: letltxmacro 2019/12/03 v1.6 Let assignment for LaTeX macros (HO)
)
(/usr/local/texlive/2021/texmf-dist/tex/latex/auxhook/auxhook.sty
Package: auxhook 2019-12-17 v1.6 Hooks for auxiliary files (HO)
)
\@linkdim=\dimen273
\Hy@linkcounter=\count444
\Hy@pagecounter=\count445

(/usr/local/texlive/2021/texmf-dist/tex/latex/hyperref/pd1enc.def
File: pd1enc.def 2021-02-27 v7.00k Hyperref: PDFDocEncoding definition (HO)
Now handling font encoding PD1 ...
... no UTF-8 mapping file for font encoding PD1
)
(/usr/local/texlive/2021/texmf-dist/tex/latex/hyperref/hyperref-langpatches.def
File: hyperref-langpatches.def 2021-02-27 v7.00k Hyperref: patches for babel la
nguages
) (/usr/local/texlive/2021/texmf-dist/tex/generic/intcalc/intcalc.sty
Package: intcalc 2019/12/15 v1.3 Expandable calculations with integers (HO)
)
(/usr/local/texlive/2021/texmf-dist/tex/generic/etexcmds/etexcmds.sty
Package: etexcmds 2019/12/15 v1.7 Avoid name clashes with e-TeX commands (HO)
)
\Hy@SavedSpaceFactor=\count446

(/usr/local/texlive/2021/texmf-dist/tex/latex/hyperref/puenc.def
File: puenc.def 2021-02-27 v7.00k Hyperref: PDF Unicode definition (HO)
Now handling font encoding PU ...
... no UTF-8 mapping file for font encoding PU
)
Package hyperref Info: Hyper figures OFF on input line 4192.
Package hyperref Info: Link nesting OFF on input line 4197.
Package hyperref Info: Hyper index ON on input line 4200.
Package hyperref Info: Plain pages OFF on input line 4207.
Package hyperref Info: Backreferencing OFF on input line 4212.
Package hyperref Info: Implicit mode ON; LaTeX internals redefined.
Package hyperref Info: Bookmarks ON on input line 4445.
\c@Hy@tempcnt=\count447
LaTeX Info: Redefining \url on input line 4804.
\XeTeXLinkMargin=\dimen274

(/usr/local/texlive/2021/texmf-dist/tex/generic/bitset/bitset.sty
Package: bitset 2019/12/09 v1.3 Handle bit-vector datatype (HO)

(/usr/local/texlive/2021/texmf-dist/tex/generic/bigintcalc/bigintcalc.sty
Package: bigintcalc 2019/12/15 v1.5 Expandable calculations on big integers (HO
)
))
\Fld@menulength=\count448
\Field@Width=\dimen275
\Fld@charsize=\dimen276
Package hyperref Info: Hyper figures OFF on input line 6075.
Package hyperref Info: Link nesting OFF on input line 6080.
Package hyperref Info: Hyper index ON on input line 6083.
Package hyperref Info: backreferencing OFF on input line 6090.
Package hyperref Info: Link coloring OFF on input line 6095.
Package hyperref Info: Link coloring with OCG OFF on input line 6100.
Package hyperref Info: PDF/A mode OFF on input line 6105.
LaTeX Info: Redefining \ref on input line 6145.
LaTeX Info: Redefining \pageref on input line 6149.

(/usr/local/texlive/2021/texmf-dist/tex/latex/base/atbegshi-ltx.sty
Package: atbegshi-ltx 2020/08/17 v1.0a Emulation of the original atbegshi packa
ge
with kernel methods
)
\Hy@abspage=\count449
\c@Item=\count450
\c@Hfootnote=\count451
)
Package hyperref Info: Driver (autodetected): hpdftex.

(/usr/local/texlive/2021/texmf-dist/tex/latex/hyperref/hpdftex.def
File: hpdftex.def 2021-02-27 v7.00k Hyperref driver for pdfTeX

(/usr/local/texlive/2021/texmf-dist/tex/latex/base/atveryend-ltx.sty
Package: atveryend-ltx 2020/08/19 v1.0a Emulation of the original atvery packag
e
with kernel methods
)
\Fld@listcount=\count452
\c@bookmark@seq@number=\count453

(/usr/local/texlive/2021/texmf-dist/tex/latex/rerunfilecheck/rerunfilecheck.sty
Package: rerunfilecheck 2019/12/05 v1.9 Rerun checks for auxiliary files (HO)

(/usr/local/texlive/2021/texmf-dist/tex/generic/uniquecounter/uniquecounter.sty
Package: uniquecounter 2019/12/15 v1.4 Provide unlimited unique counter (HO)
)
Package uniquecounter Info: New unique counter `rerunfilecheck' on input line 2
86.
)
\Hy@SectionHShift=\skip81
) (/usr/local/texlive/2021/texmf-dist/tex/latex/tools/enumerate.sty
Package: enumerate 2015/07/23 v3.00 enumerate extensions (DPC)
\@enLab=\toks55
)
(/usr/local/texlive/2021/texmf-dist/tex/latex/enumitem/enumitem.sty
Package: enumitem 2019/06/20 v3.9 Customized lists
\labelindent=\skip82
\enit@outerparindent=\dimen277
\enit@toks=\toks56
\enit@inbox=\box85
\enit@count@id=\count454
\enitdp@description=\count455
)
(/usr/local/texlive/2021/texmf-dist/tex/latex/listings/listings.sty
\lst@mode=\count456
\lst@gtempboxa=\box86
\lst@token=\toks57
\lst@length=\count457
\lst@currlwidth=\dimen278
\lst@column=\count458
\lst@pos=\count459
\lst@lostspace=\dimen279
\lst@width=\dimen280
\lst@newlines=\count460
\lst@lineno=\count461
\lst@maxwidth=\dimen281

(/usr/local/texlive/2021/texmf-dist/tex/latex/listings/lstmisc.sty
File: lstmisc.sty 2020/03/24 1.8d (Carsten Heinz)
\c@lstnumber=\count462
\lst@skipnumbers=\count463
\lst@framebox=\box87
)
(/usr/local/texlive/2021/texmf-dist/tex/latex/listings/listings.cfg
File: listings.cfg 2020/03/24 1.8d listings configuration
))
Package: listings 2020/03/24 1.8d (Carsten Heinz)

(/usr/local/texlive/2021/texmf-dist/tex/latex/listings/lstlang1.sty
File: lstlang1.sty 2020/03/24 1.8d listings language file
)
(/usr/local/texlive/2021/texmf-dist/tex/latex/listings/lstmisc.sty
File: lstmisc.sty 2020/03/24 1.8d (Carsten Heinz)
)
(/usr/local/texlive/2021/texmf-dist/tex/latex/base/makeidx.sty
Package: makeidx 2014/09/29 v1.0m Standard LaTeX package
)
(/usr/local/texlive/2021/texmf-dist/tex/latex/tools/verbatim.sty
Package: verbatim 2020-07-07 v1.5u LaTeX2e package for verbatim enhancements
\every@verbatim=\toks58
\verbatim@line=\toks59
\verbatim@in@stream=\read5
)
(/usr/local/texlive/2021/texmf-dist/tex/latex/datetime/datetime.sty
Package: datetime 2015/03/20 v2.60 Date Time Package

(/usr/local/texlive/2021/texmf-dist/tex/latex/fmtcount/fmtcount.sty
Package: fmtcount 2020/01/30 v3.07

(/usr/local/texlive/2021/texmf-dist/tex/latex/xkeyval/xkeyval.sty
Package: xkeyval 2020/11/20 v2.8 package option processing (HA)

(/usr/local/texlive/2021/texmf-dist/tex/generic/xkeyval/xkeyval.tex
(/usr/local/texlive/2021/texmf-dist/tex/generic/xkeyval/xkvutils.tex
\XKV@toks=\toks60
\XKV@tempa@toks=\toks61
)
\XKV@depth=\count464
File: xkeyval.tex 2014/12/03 v2.7a key=value parser (HA)
))
(/usr/local/texlive/2021/texmf-dist/tex/latex/fmtcount/fcprefix.sty
Package: fcprefix 2012/09/28

(/usr/local/texlive/2021/texmf-dist/tex/latex/fmtcount/fcnumparser.sty
Package: fcnumparser 2017/06/15
\fc@digit@counter=\count465
))
\c@padzeroesN=\count466
\fc@tmpcatcode=\count467
\@DT@modctr=\count468
\@ordinalctr=\count469
\@orgargctr=\count470
\@strctr=\count471
\@tmpstrctr=\count472
\@DT@loopN=\count473
\@DT@X=\count474
)
(/usr/local/texlive/2021/texmf-dist/tex/latex/datetime/datetime-defaults.sty
Package: datetime-defaults 2013/09/10
)
\@day=\count475
\@month=\count476
\@year=\count477
\c@HOUR=\count478
\c@HOURXII=\count479
\c@MINUTE=\count480
\c@TOHOUR=\count481
\c@TOMINUTE=\count482
\c@SECOND=\count483
\currenthour=\count484
\currentminute=\count485
\currentsecond=\count486
Package datetime Info: No datetime.cfg file found, using default settings on in
put line 308.
\@dtctr=\count487
\dayofyear=\count488
\dayofweek=\count489
LaTeX Info: Redefining \today on input line 736.
\dt@a=\toks62
\dt@b=\toks63
)
\@indexfile=\write6
\openout6 = `Burkman_Prospectus_05_01_22.idx'.


Writing index file Burkman_Prospectus_05_01_22.idx
\@quotelevel=\count490
\@quotereset=\count491
(./Burkman_Prospectus_05_01_22.aux

LaTeX Warning: Label `fig:test2' multiply defined.


LaTeX Warning: Label `fig:test1' multiply defined.


LaTeX Warning: Label `fig:test2' multiply defined.


LaTeX Warning: Label `fig:test1' multiply defined.


LaTeX Warning: Label `fig:test2' multiply defined.

)
\openout1 = `Burkman_Prospectus_05_01_22.aux'.

LaTeX Font Info:    Checking defaults for OML/cmm/m/it on input line 102.
LaTeX Font Info:    ... okay on input line 102.
LaTeX Font Info:    Checking defaults for OMS/cmsy/m/n on input line 102.
LaTeX Font Info:    ... okay on input line 102.
LaTeX Font Info:    Checking defaults for OT1/cmr/m/n on input line 102.
LaTeX Font Info:    ... okay on input line 102.
LaTeX Font Info:    Checking defaults for T1/cmr/m/n on input line 102.
LaTeX Font Info:    ... okay on input line 102.
LaTeX Font Info:    Checking defaults for TS1/cmr/m/n on input line 102.
LaTeX Font Info:    ... okay on input line 102.
LaTeX Font Info:    Checking defaults for OMX/cmex/m/n on input line 102.
LaTeX Font Info:    ... okay on input line 102.
LaTeX Font Info:    Checking defaults for U/cmr/m/n on input line 102.
LaTeX Font Info:    ... okay on input line 102.
LaTeX Font Info:    Checking defaults for PD1/pdf/m/n on input line 102.
LaTeX Font Info:    ... okay on input line 102.
LaTeX Font Info:    Checking defaults for PU/pdf/m/n on input line 102.
LaTeX Font Info:    ... okay on input line 102.
Package biblatex Info: Trying to load language 'english'...
Package biblatex Info: ... file 'english.lbx' found.
 (/usr/local/texlive/2021/texmf-dist/tex/latex/biblatex/lbx/english.lbx
File: english.lbx 2020/12/31 v3.16 biblatex localization (PK/MW)
)
Package biblatex Info: Input encoding 'utf8' detected.
Package biblatex Info: Automatic encoding selection.
(biblatex)             Assuming data encoding 'utf8'.
Package biblatex Info: Document encoding is UTF8 ....
Package biblatex Info: ... and expl3
(biblatex)             2021-02-18 L3 programming layer (loader) 
(biblatex)             is new enough (at least 2020/04/06),
(biblatex)             setting 'casechanger=expl3'.

(/usr/local/texlive/2021/texmf-dist/tex/latex/biblatex/blx-case-expl3.sty
Package: blx-case-expl3 2020/12/31 v3.16 expl3 case changing code for biblatex
)
\openout3 = `Burkman_Prospectus_05_01_22.bcf'.

Package biblatex Info: Trying to load bibliographic data...
Package biblatex Info: ... file 'Burkman_Prospectus_05_01_22.bbl' found.

(./Burkman_Prospectus_05_01_22.bbl)
Package biblatex Info: Reference section=0 on input line 102.
Package biblatex Info: Reference segment=0 on input line 102.

(/usr/local/texlive/2021/texmf-dist/tex/context/base/mkii/supp-pdf.mkii
[Loading MPS to PDF converter (version 2006.09.02).]
\scratchcounter=\count492
\scratchdimen=\dimen282
\scratchbox=\box88
\nofMPsegments=\count493
\nofMParguments=\count494
\everyMPshowfont=\toks64
\MPscratchCnt=\count495
\MPscratchDim=\dimen283
\MPnumerator=\count496
\makeMPintoPDFobject=\count497
\everyMPtoPDFconversion=\toks65
) (/usr/local/texlive/2021/texmf-dist/tex/latex/epstopdf-pkg/epstopdf-base.sty
Package: epstopdf-base 2020-01-24 v2.11 Base part for package epstopdf
Package epstopdf-base Info: Redefining graphics rule for `.eps' on input line 4
85.

(/usr/local/texlive/2021/texmf-dist/tex/latex/latexconfig/epstopdf-sys.cfg
File: epstopdf-sys.cfg 2010/07/13 v1.3 Configuration of (r)epstopdf for TeX Liv
e
))
Package hyperref Info: Link coloring OFF on input line 102.

(/usr/local/texlive/2021/texmf-dist/tex/latex/hyperref/nameref.sty
Package: nameref 2021-04-02 v2.47 Cross-referencing by name of section

(/usr/local/texlive/2021/texmf-dist/tex/latex/refcount/refcount.sty
Package: refcount 2019/12/15 v3.6 Data extraction from label references (HO)
)
(/usr/local/texlive/2021/texmf-dist/tex/generic/gettitlestring/gettitlestring.s
ty
Package: gettitlestring 2019/12/15 v1.6 Cleanup title references (HO)
)
\c@section@level=\count498
)
LaTeX Info: Redefining \ref on input line 102.
LaTeX Info: Redefining \pageref on input line 102.
LaTeX Info: Redefining \nameref on input line 102.
 (./Burkman_Prospectus_05_01_22.out) (./Burkman_Prospectus_05_01_22.out)
\@outlinefile=\write7
\openout7 = `Burkman_Prospectus_05_01_22.out'.

\c@lstlisting=\count499

(/usr/local/texlive/2021/texmf-dist/tex/latex/fmtcount/fc-english.def
File: fc-english.def 2016/01/12
)
LaTeX Font Info:    Trying to load font information for U+msa on input line 109
.

(/usr/local/texlive/2021/texmf-dist/tex/latex/amsfonts/umsa.fd
File: umsa.fd 2013/01/14 v3.01 AMS symbols A
)
LaTeX Font Info:    Trying to load font information for U+msb on input line 109
.

(/usr/local/texlive/2021/texmf-dist/tex/latex/amsfonts/umsb.fd
File: umsb.fd 2013/01/14 v3.01 AMS symbols B
) [1

{/usr/local/texlive/2021/texmf-var/fonts/map/pdftex/updmap/pdftex.map}]
(./Burkman_Prospectus_05_01_22.tocpdfTeX warning (ext4): destination with the s
ame identifier (name{page.1}) has been already used, duplicate ignored
<to be read again> 
                   \relax 
l.59 ...line {2.9.3}Crashes}{18}{subsection.2.9.3}
                                                  % [1

] [2] [3])
\tf@toc=\write8
\openout8 = `Burkman_Prospectus_05_01_22.toc'.

 [4]
(./Burkman_Prospectus_05_01_22.ind [5


])
Chapter 0.
(./To_Do.tex
Overfull \hbox (7.08768pt too wide) in paragraph at lines 19--20
[]\OT1/cmr/m/n/10.95 https://machinelearningmastery.com/undersampling-algorithm
s-for-imbalanced-classification/ 
 []

[6


] [7]) [8]
Chapter 1.
(./Problem.tex [9

]) (./Rationale.tex) [10]
Chapter 2.
(./Crash_Analysis_Lit.tex [11

] [12]

LaTeX Warning: Citation 'RAHIM2021106090' on page 13 undefined on input line 66
.


LaTeX Warning: Citation 'JIANG2020105520' on page 13 undefined on input line 67
.


LaTeX Warning: Citation 'SCHLOGL2020105398' on page 13 undefined on input line 
75.

[13]

LaTeX Warning: Citation 'Liu_2016' on page 14 undefined on input line 94.

[14]

LaTeX Warning: Citation 'WANG2020102619' on page 15 undefined on input line 134
.


LaTeX Warning: Citation 'OSMAN2019274' on page 15 undefined on input line 148.


LaTeX Warning: Citation 'ZIAKOPOULOS2020105323' on page 15 undefined on input l
ine 149.


LaTeX Warning: Citation 'GIUMMARRA2020105333' on page 15 undefined on input lin
e 151.


LaTeX Warning: Citation 'Park_2019' on page 15 undefined on input line 153.

[15]

LaTeX Warning: Citation 'AN2020102777' on page 16 undefined on input line 181.


LaTeX Warning: Citation 'BAUTISTAMONTESANO2022103662' on page 16 undefined on i
nput line 182.


LaTeX Warning: Citation 'CAO2022103656' on page 16 undefined on input line 183.



LaTeX Warning: Citation 'DONG2021103192' on page 16 undefined on input line 184
.


LaTeX Warning: Citation 'DU2022103489' on page 16 undefined on input line 185.


LaTeX Warning: Citation 'GUO2021102980' on page 16 undefined on input line 186.



LaTeX Warning: Citation 'KALATIAN2021102962' on page 16 undefined on input line
 187.


LaTeX Warning: Citation 'LAZAR2021103258' on page 16 undefined on input line 18
8.


LaTeX Warning: Citation 'LI2022103452' on page 16 undefined on input line 189.


LaTeX Warning: Citation 'SHI2021103421' on page 16 undefined on input line 190.



LaTeX Warning: Citation 'WANG2022103478' on page 16 undefined on input line 191
.


LaTeX Warning: Citation 'WEGENER2021102967' on page 16 undefined on input line 
192.


LaTeX Warning: Citation 'WU2020102649' on page 16 undefined on input line 193.


LaTeX Warning: Citation 'YE2019155' on page 16 undefined on input line 194.


LaTeX Warning: Citation 'ZHANG2021103140' on page 16 undefined on input line 19
5.


LaTeX Warning: Citation 'ZHU2020102662' on page 16 undefined on input line 196.



Overfull \hbox (51.40245pt too wide) in paragraph at lines 180--197
[]\OT1/cmr/m/n/10.95 Control of Au-tonomous Ve-hi-cles [[]], [[]],
 []


Overfull \hbox (24.16344pt too wide) in paragraph at lines 180--197
\OT1/cmr/m/n/10.95 [[]], [[]], [[]], [[]],
 []


Overfull \hbox (7.63208pt too wide) in paragraph at lines 180--197
\OT1/cmr/m/n/10.95 [[]], [[]], [[]], [[]],
 []


LaTeX Warning: Citation 'ZHANG2020102774' on page 16 undefined on input line 19
8.


LaTeX Warning: Citation 'YANG2021102862' on page 16 undefined on input line 205
.


LaTeX Warning: Citation 'MA2020102747' on page 16 undefined on input line 207.


LaTeX Warning: Citation 'SUN2021103114' on page 16 undefined on input line 208.



LaTeX Warning: Citation 'WU2020102649' on page 16 undefined on input line 211.


LaTeX Warning: Citation 'GENSER2022103485' on page 16 undefined on input line 2
14.


LaTeX Warning: Citation 'HAN2022103584' on page 16 undefined on input line 215.



LaTeX Warning: Citation 'PANDEY2020102715' on page 16 undefined on input line 2
16.


Overfull \hbox (18.49135pt too wide) in paragraph at lines 213--217
[]\OT1/cmr/m/n/10.95 Dynamic Pric-ing [[]], [[]], [[]] 
 []


LaTeX Warning: Citation 'MANTOUKA2021103173' on page 16 undefined on input line
 218.


LaTeX Warning: Citation 'YANG2019248' on page 16 undefined on input line 219.


LaTeX Warning: Citation 'ZHANG2022103624' on page 16 undefined on input line 22
0.


LaTeX Warning: Citation 'LEE2019117' on page 16 undefined on input line 222.


LaTeX Warning: Citation 'LI2021103059' on page 16 undefined on input line 223.


LaTeX Warning: Citation 'WANG2021103046' on page 16 undefined on input line 224
.


LaTeX Warning: Citation 'WANG2022103670' on page 16 undefined on input line 225
.


LaTeX Warning: Citation 'WU2019246' on page 16 undefined on input line 226.


LaTeX Warning: Citation 'YOON2021103321' on page 16 undefined on input line 227
.


LaTeX Warning: Citation 'ZHOU2021102949' on page 16 undefined on input line 229
.


LaTeX Warning: Citation 'QI201967' on page 16 undefined on input line 231.


LaTeX Warning: Citation 'YAO2019276' on page 16 undefined on input line 232.


LaTeX Warning: Citation 'DABIRI2020102644' on page 16 undefined on input line 2
34.


LaTeX Warning: Citation 'LI2021102946' on page 16 undefined on input line 235.


LaTeX Warning: Citation 'FAROQI2021103131' on page 16 undefined on input line 2
37.


LaTeX Warning: Citation 'BACHIR2019254' on page 16 undefined on input line 244.



LaTeX Warning: Citation 'BOGAERTS202062' on page 16 undefined on input line 245
.


LaTeX Warning: Citation 'CUI2020102620' on page 16 undefined on input line 246.



LaTeX Warning: Citation 'DAI2019142' on page 16 undefined on input line 247.


LaTeX Warning: Citation 'DO201912' on page 16 undefined on input line 248.


LaTeX Warning: Citation 'DRCHAL2019370' on page 16 undefined on input line 249.



LaTeX Warning: Citation 'KUMAR2021103432' on page 16 undefined on input line 25
0.


LaTeX Warning: Citation 'LI2021102977' on page 16 undefined on input line 251.


LaTeX Warning: Citation 'LI2021103185' on page 16 undefined on input line 252.


LaTeX Warning: Citation 'LI2021103389' on page 16 undefined on input line 253.


LaTeX Warning: Citation 'MA2020352' on page 16 undefined on input line 254.


LaTeX Warning: Citation 'ROY2021103339' on page 16 undefined on input line 255.



LaTeX Warning: Citation 'WANG2020102763' on page 16 undefined on input line 256
.


LaTeX Warning: Citation 'WONG2020247' on page 16 undefined on input line 257.


LaTeX Warning: Citation 'YANG2021103228' on page 16 undefined on input line 258
.


LaTeX Warning: Citation 'ZHANG2021103372' on page 16 undefined on input line 25
9.


LaTeX Warning: Citation 'ZHANG2022103659' on page 16 undefined on input line 26
0.


Overfull \hbox (50.23045pt too wide) in paragraph at lines 243--261
\OT1/cmr/m/n/10.95 [[]], [[]], [[]], [[]], [[]],
 []


Overfull \hbox (48.7552pt too wide) in paragraph at lines 243--261
\OT1/cmr/m/n/10.95 [[]], [[]], [[]], [[]], [[]],
 []


Overfull \hbox (32.48245pt too wide) in paragraph at lines 243--261
\OT1/cmr/m/n/10.95 [[]], [[]], [[]], [[]], 
 []


LaTeX Warning: Citation 'NAIR2020269' on page 16 undefined on input line 262.


LaTeX Warning: Citation 'REMPE2022103448' on page 16 undefined on input line 26
3.


LaTeX Warning: Citation 'WANG2019372' on page 16 undefined on input line 264.


LaTeX Warning: Citation 'ZHANG2019297' on page 16 undefined on input line 265.


Overfull \hbox (2.38612pt too wide) in paragraph at lines 261--266
[]\OT1/cmr/m/n/10.95 Traffic Speed Pre-dic-tion [[]], [[]], [[]],
 []


LaTeX Warning: Citation 'WANG2020102619' on page 16 undefined on input line 267
.


LaTeX Warning: Citation 'GUO2021103416' on page 16 undefined on input line 269.



LaTeX Warning: Citation 'MAHMOUD2021102930' on page 16 undefined on input line 
270.


LaTeX Warning: Citation 'ZHAO2022103522' on page 16 undefined on input line 271
.


Overfull \hbox (6.73529pt too wide) in paragraph at lines 268--272
[]\OT1/cmr/m/n/10.95 Traffic Sig-nals [[]], [[]], [[]] 
 []


LaTeX Warning: Citation 'SHOU2022103560' on page 16 undefined on input line 273
.


LaTeX Warning: Citation 'CHEN2020102646' on page 16 undefined on input line 280
.


LaTeX Warning: Citation 'MA2020102785' on page 16 undefined on input line 281.


LaTeX Warning: Citation 'MO2021103240' on page 16 undefined on input line 282.


LaTeX Warning: Citation 'RAHMAN2021103310' on page 16 undefined on input line 2
83.


LaTeX Warning: Citation 'YAO2021103415' on page 16 undefined on input line 284.



LaTeX Warning: Citation 'ZHANG2019287' on page 16 undefined on input line 285.


Overfull \hbox (11.52635pt too wide) in paragraph at lines 279--286
[]\OT1/cmr/m/n/10.95 Vehicle Be-hav-ior Mod-el-ing [[]], [[]], [[]],
 []


LaTeX Warning: Citation 'MOHAMMADNAZAR2021102917' on page 16 undefined on input
 line 287.


LaTeX Warning: Citation 'CAI2022103541' on page 16 undefined on input line 289.



LaTeX Warning: Citation 'LI2019132' on page 16 undefined on input line 290.


LaTeX Warning: Citation 'MA2019317' on page 16 undefined on input line 291.


LaTeX Warning: Citation 'MOHAMMADNAZAR2021102917' on page 16 undefined on input
 line 293.


LaTeX Warning: Citation 'XING2021103288' on page 16 undefined on input line 294
.

[16]

LaTeX Warning: Citation 'CAI2022103541' on page 17 undefined on input line 296.



LaTeX Warning: Citation 'HUGHES2019289' on page 17 undefined on input line 305.



LaTeX Warning: Citation 'XU2022103620' on page 17 undefined on input line 307.


LaTeX Warning: Citation 'ZHANG2020102861' on page 17 undefined on input line 30
8.


LaTeX Warning: Citation 'TURAN2020102829' on page 17 undefined on input line 31
0.


LaTeX Warning: Citation 'WANG2019144' on page 17 undefined on input line 313.


LaTeX Warning: Citation 'CHEN2021103272' on page 17 undefined on input line 320
.


LaTeX Warning: Citation 'JIAO2021103289' on page 17 undefined on input line 321
.


LaTeX Warning: Citation 'KE2021102858' on page 17 undefined on input line 322.


LaTeX Warning: Citation 'MAO2020102626' on page 17 undefined on input line 323.



LaTeX Warning: Citation 'QIN2021103239' on page 17 undefined on input line 324.



LaTeX Warning: Citation 'SHOU2020102738' on page 17 undefined on input line 325
.


LaTeX Warning: Citation 'TANG2020102844' on page 17 undefined on input line 326
.


LaTeX Warning: Citation 'YU2022103640' on page 17 undefined on input line 327.


Overfull \hbox (21.85197pt too wide) in paragraph at lines 319--328
[]\OT1/cmr/m/n/10.95 Taxis [[]], [[]], [[]], [[]],
 []


LaTeX Warning: Citation 'CHOW2021103264' on page 17 undefined on input line 329
.


LaTeX Warning: Citation 'FENG2022103611' on page 17 undefined on input line 330
.


LaTeX Warning: Citation 'LIU201918' on page 17 undefined on input line 331.


LaTeX Warning: Citation 'MULLERHANNEMANN2022103566' on page 17 undefined on inp
ut line 332.


LaTeX Warning: Citation 'TANG2021102951' on page 17 undefined on input line 333
.


LaTeX Warning: Citation 'WANG2019387' on page 17 undefined on input line 334.


LaTeX Warning: Citation 'WANG2020102661' on page 17 undefined on input line 335
.


LaTeX Warning: Citation 'ZHANG2021102928' on page 17 undefined on input line 33
6.


Overfull \hbox (164.91629pt too wide) in paragraph at lines 328--337
[]\OT1/cmr/m/n/10.95 Public Tran-sit [[]], [[]], [[]], [[]],
 []


Overfull \hbox (21.76057pt too wide) in paragraph at lines 328--337
\OT1/cmr/m/n/10.95 [[]], [[]], [[]], [[]] 
 []


LaTeX Warning: Citation 'BUSTOS2021103018' on page 17 undefined on input line 3
43.


LaTeX Warning: Citation 'HIDAKA2019115' on page 17 undefined on input line 344.



LaTeX Warning: Citation 'ITO2021103371' on page 17 undefined on input line 346.



LaTeX Warning: Citation 'LV2021103404' on page 17 undefined on input line 347.


LaTeX Warning: Citation 'ZUNIGAGARCIA2022103660' on page 17 undefined on input 
line 348.


Overfull \hbox (48.42136pt too wide) in paragraph at lines 345--349
[]\OT1/cmr/m/n/10.95 Bicycles and Scoot-ers [[]], [[]], [[]], 
 []


LaTeX Warning: Citation 'HAFEZI2021102972' on page 17 undefined on input line 3
50.


LaTeX Warning: Citation 'KIM2022103523' on page 17 undefined on input line 351.



LaTeX Warning: Citation 'LI2021102921' on page 17 undefined on input line 352.


LaTeX Warning: Citation 'LIU2021103361' on page 17 undefined on input line 353.



LaTeX Warning: Citation 'PANG2020102706' on page 17 undefined on input line 354
.


Overfull \hbox (11.86086pt too wide) in paragraph at lines 349--355
[]\OT1/cmr/m/n/10.95 Travel De-mand Mod-el-ing [[]], [[]], [[]],
 []


LaTeX Warning: Citation 'ALLAHBUKHSH201935' on page 17 undefined on input line 
361.


LaTeX Warning: Citation 'GHASEMPOUR202091' on page 17 undefined on input line 3
63.


LaTeX Warning: Citation 'TANG2022103679' on page 17 undefined on input line 364
.


LaTeX Warning: Citation 'LI2022103606' on page 17 undefined on input line 366.


LaTeX Warning: Citation 'NAIR2019196' on page 17 undefined on input line 367.


LaTeX Warning: Citation 'BAO2021103323' on page 17 undefined on input line 369.



LaTeX Warning: Citation 'ALBABA2021103417' on page 17 undefined on input line 3
70.


LaTeX Warning: Citation 'CORRADO2021103331' on page 17 undefined on input line 
371.


LaTeX Warning: Citation 'DESHMUKH2021103036' on page 17 undefined on input line
 372.


LaTeX Warning: Citation 'DHIEF2022103704' on page 17 undefined on input line 37
3.


LaTeX Warning: Citation 'DU2021103122' on page 17 undefined on input line 374.


LaTeX Warning: Citation 'KHAN2021103225' on page 17 undefined on input line 375
.


LaTeX Warning: Citation 'OLIVE2020102737' on page 17 undefined on input line 37
6.


LaTeX Warning: Citation 'PANG2021103326' on page 17 undefined on input line 377
.


LaTeX Warning: Citation 'PHAM2022103463' on page 17 undefined on input line 378
.


LaTeX Warning: Citation 'SCHULTZ2021103119' on page 17 undefined on input line 
379.


LaTeX Warning: Citation 'VERDONKGALLEGO2019356' on page 17 undefined on input l
ine 380.


LaTeX Warning: Citation 'WANG2021102892' on page 17 undefined on input line 381
.


LaTeX Warning: Citation 'ZHU2021103179' on page 17 undefined on input line 382.



Overfull \hbox (66.07814pt too wide) in paragraph at lines 368--383
[]\OT1/cmr/m/n/10.95 Air Traf-fic Man-age-ment [[]], [[]], [[]],
 []


Overfull \hbox (53.16559pt too wide) in paragraph at lines 368--383
\OT1/cmr/m/n/10.95 [[]], [[]], [[]], [[]],
 []


Overfull \hbox (53.07431pt too wide) in paragraph at lines 368--383
\OT1/cmr/m/n/10.95 [[]], [[]], [[]], [[]],
 []


LaTeX Warning: Citation 'GUMUSKAYA2021103383' on page 17 undefined on input lin
e 384.


LaTeX Warning: Citation 'LU2021102970' on page 17 undefined on input line 385.


LaTeX Warning: Citation 'CHEN2021103009' on page 17 undefined on input line 392
.


LaTeX Warning: Citation 'BORYSOV201973' on page 17 undefined on input line 399.



LaTeX Warning: Citation 'GARRIDO2020102787' on page 17 undefined on input line 
400.


LaTeX Warning: Citation 'ZHU2020102849' on page 17 undefined on input line 402.



LaTeX Warning: Citation 'WANG2020102701' on page 17 undefined on input line 404
.


LaTeX Warning: Citation 'RODRIGUEZDENIZ2022103556' on page 17 undefined on inpu
t line 406.


LaTeX Warning: Citation 'SFEIR2022103552' on page 17 undefined on input line 40
8.


LaTeX Warning: Citation 'ZHENG2021103410' on page 17 undefined on input line 41
0.


LaTeX Warning: Citation 'WONG2021103050' on page 17 undefined on input line 412
.


LaTeX Warning: Citation 'CHEN2020102646' on page 17 undefined on input line 421
.

[17]

LaTeX Warning: Citation 'CAI2020102697' on page 18 undefined on input line 423.



LaTeX Warning: Citation 'ELAMRANIABOUELASSAD2020102708' on page 18 undefined on
 input line 425.


LaTeX Warning: Citation 'YU2020102740' on page 18 undefined on input line 427.


LaTeX Warning: Citation 'SHI2021103414' on page 18 undefined on input line 429.



LaTeX Warning: Citation 'KHAN2021103225' on page 18 undefined on input line 431
.


LaTeX Warning: Citation 'CHEN2022103709' on page 18 undefined on input line 433
.


LaTeX Warning: Citation 'KALATIAN2021102962' on page 18 undefined on input line
 441.


Overfull \hbox (2.87492pt too wide) in paragraph at lines 441--442
[]\OT1/cmr/m/n/10.95 Kalatian [[]] stud-ies in-ter-ac-tions be-tween pedes-tri-
ans and au-tonomous
 []


LaTeX Warning: Citation 'CAI2020102697' on page 18 undefined on input line 443.



LaTeX Warning: Citation 'ELAMRANIABOUELASSAD2020102708' on page 18 undefined on
 input line 445.


LaTeX Warning: Citation 'YU2020102740' on page 18 undefined on input line 447.

) [18]
Chapter 3.
(./Cleaning.tex

LaTeX Warning: Citation 'RAHIM2021106090' on page 19 undefined on input line 5.



Overfull \hbox (56.77013pt too wide) in paragraph at lines 5--6
\OT1/cmr/m/n/10.95 In ``A deep learn-ing based traf-fic crash sever-ity pre-dic
-tion frame-work'' by Rahim (LSU) [[]],
 []

) [19

]
Chapter 4.
(./Algorithm_Level_Methods.tex

LaTeX Warning: Citation 'CHAWLA_2004' on page 20 undefined on input line 7.


LaTeX Warning: Citation 'CHABBOUH_2019' on page 20 undefined on input line 9.


LaTeX Warning: Citation 'DABLAIN_2021' on page 20 undefined on input line 10.


LaTeX Warning: Citation 'MAHMUDAH_2021' on page 20 undefined on input line 11.


LaTeX Warning: Citation 'ZHAI_2020' on page 20 undefined on input line 12.


LaTeX Warning: Citation 'ZHAI_2020_D2GAN' on page 20 undefined on input line 13
.


Overfull \hbox (19.9424pt too wide) in paragraph at lines 8--14
[]\OT1/cmr/m/n/10.95 Fuzzy rule-based clas-si-fi-ca-tion sys-tems (what is this
?) [[]] [[]]
 []


LaTeX Warning: Citation 'CHABBOUH_2019' on page 20 undefined on input line 15.


LaTeX Warning: Citation 'WEISS_2000' on page 20 undefined on input line 16.


Overfull \hbox (33.50385pt too wide) in paragraph at lines 14--17
[]\OT1/cmr/m/n/10.95 In de-ci-sion trees, us-ing evo-lu-tion-ary/-ge-netic meth
-ods in-stead of greedy search [[]]
 []


LaTeX Warning: Citation 'CHEN_2011' on page 20 undefined on input line 17.


LaTeX Warning: Citation 'WEISS_2000' on page 20 undefined on input line 23.


LaTeX Warning: Citation 'CHEN_2011' on page 20 undefined on input line 28.

[20

]) (./Metrics.tex [21] [22] [23]

LaTeX Warning: Citation 'ELAMRANIABOUELASSAD2020102708' on page 24 undefined on
 input line 124.

[24]) (./Loss_Functions.tex

Package hyperref Warning: Token not allowed in a PDF string (Unicode):
(hyperref)                removing `math shift' on input line 20.


Package hyperref Warning: Token not allowed in a PDF string (Unicode):
(hyperref)                removing `\alpha' on input line 20.


Package hyperref Warning: Token not allowed in a PDF string (Unicode):
(hyperref)                removing `math shift' on input line 20.

[25]

LaTeX Warning: Citation 'LIN_2020' on page 26 undefined on input line 67.


LaTeX Warning: Citation 'YU_2020' on page 26 undefined on input line 69.

[26]

LaTeX Warning: Citation 'LIN_2020' on page 27 undefined on input line 81.


LaTeX Warning: Citation 'YU_2020' on page 27 undefined on input line 98.


Package hyperref Warning: Token not allowed in a PDF string (Unicode):
(hyperref)                removing `math shift' on input line 101.


Package hyperref Warning: Token not allowed in a PDF string (Unicode):
(hyperref)                removing `subscript' on input line 101.


Package hyperref Warning: Token not allowed in a PDF string (Unicode):
(hyperref)                removing `\beta' on input line 101.


Package hyperref Warning: Token not allowed in a PDF string (Unicode):
(hyperref)                removing `math shift' on input line 101.


LaTeX Warning: Citation 'LEE_2021' on page 27 undefined on input line 104.


LaTeX Warning: Citation 'PEDNAULT_2000' on page 27 undefined on input line 123.



Package hyperref Warning: Token not allowed in a PDF string (Unicode):
(hyperref)                removing `math shift' on input line 127.


Package hyperref Warning: Token not allowed in a PDF string (Unicode):
(hyperref)                removing `\alpha' on input line 127.


Package hyperref Warning: Token not allowed in a PDF string (Unicode):
(hyperref)                removing `math shift' on input line 127.

[27] [28] [29]) (./Data_Level_Methods.tex

LaTeX Warning: Citation 'BATISTA_2004' on page 30 undefined on input line 10.

[30] [31]

LaTeX Warning: Citation 'WEI_2021' on page 32 undefined on input line 98.

[32]
Overfull \hbox (39.38347pt too wide) in paragraph at lines 135--136
[][]$\OT1/cmtt/m/n/10.95 https : / / imbalanced-[]learn . org / dev / reference
s / generated / imblearn . over _ sampling . SMOTENC .
 []


LaTeX Warning: Citation 'CHAWLA_2002' on page 33 undefined on input line 145.


LaTeX Warning: Citation 'MAHMUDAH_2021' on page 33 undefined on input line 149.



LaTeX Warning: Citation 'CHAWLA_2002' on page 33 undefined on input line 153.


LaTeX Warning: Citation 'MAHMUDAH_2021' on page 33 undefined on input line 158.



Overfull \hbox (38.1778pt too wide) in paragraph at lines 157--159
[]\OT1/cmr/m/n/10.95 ADASYN: ADAp-tive SYN-thetic sam-pling ap-proach for im-ba
l-anced learn-ing. [[]] 
 []


LaTeX Warning: Citation 'MAHMUDAH_2021' on page 33 undefined on input line 163.



LaTeX Warning: Citation 'MAHMUDAH_2021' on page 33 undefined on input line 168.



LaTeX Warning: Citation 'MAHMUDAH_2021' on page 33 undefined on input line 173.



LaTeX Warning: Citation 'MAHMUDAH_2021' on page 33 undefined on input line 178.


[33]

LaTeX Warning: Citation 'MAHMUDAH_2021' on page 34 undefined on input line 183.



LaTeX Warning: Citation 'ZHAI_2020_D2GAN' on page 34 undefined on input line 18
9.


LaTeX Warning: Citation 'NGUYEN_2017' on page 34 undefined on input line 189.


LaTeX Warning: Citation 'ZHAI_2022' on page 34 undefined on input line 197.


LaTeX Warning: Citation 'SHARIFIFAR_2019' on page 34 undefined on input line 21
4.


LaTeX Warning: Citation 'TAN_2012' on page 34 undefined on input line 219.

) (./Bagging_and_Boosting.tex

LaTeX Warning: Citation 'BATISTA_2004' on page 34 undefined on input line 5.


LaTeX Warning: Citation 'CHABBOUH_2019' on page 34 undefined on input line 6.


LaTeX Warning: Citation 'DABLAIN_2021' on page 34 undefined on input line 7.


LaTeX Warning: Citation 'MAHMUDAH_2021' on page 34 undefined on input line 8.


LaTeX Warning: Citation 'SHARIFIFAR_2019' on page 34 undefined on input line 9.



Overfull \hbox (81.63612pt too wide) in paragraph at lines 4--10
[]\OT1/cmr/m/n/10.95 Boosting and Bag-ging [[]] [[]] [[]] [[]]
 []

) (./Lit_Medium_TDS.tex [34]

LaTeX Warning: Citation 'Soleymani_TDS_04_01_2022' on page 35 undefined on inpu
t line 7.


LaTeX Warning: Citation 'Raj_TDS_09_05_19' on page 35 undefined on input line 1
0.


LaTeX Warning: Citation 'Soni_TDS_10_09_20' on page 35 undefined on input line 
13.


LaTeX Warning: Citation 'Brownlee_TDS_11_26_14' on page 35 undefined on input l
ine 16.


LaTeX Warning: Citation 'Brownlee_TDS_08_19_15' on page 35 undefined on input l
ine 17.


Overfull \hbox (12.70343pt too wide) in paragraph at lines 15--18
[]\OT1/cmr/m/n/10.95 Brownlee isn't in TDS, but gives an easy in-tro-duc-tion t
o ROC curves. [[]]
 []


LaTeX Warning: Citation 'Stewart_TDS_07_01_22' on page 35 undefined on input li
ne 20.


LaTeX Warning: Citation 'Bordia_TDS_02_25_22' on page 35 undefined on input lin
e 23.


LaTeX Warning: Citation 'Boyle_TDS_02_03_19' on page 35 undefined on input line
 26.


Overfull \hbox (15.09898pt too wide) in paragraph at lines 30--31
[]\OT1/cmr/m/n/10.95 How to do an ROC curve and find AUC for Keras and sklearn:
 []$\OT1/cmtt/m/n/10.95 https : / / medium . com / hackernoon /
 []


LaTeX Warning: Citation 'Badr_TDS_02_22_19' on page 35 undefined on input line 
33.


LaTeX Warning: Citation 'Rocca_01_27_19' on page 35 undefined on input line 36.



LaTeX Warning: Citation 'Lador_TDS_09_05_17' on page 35 undefined on input line
 39.


LaTeX Warning: Citation 'Jaitley_02_01_19' on page 35 undefined on input line 4
2.


Overfull \hbox (3.89935pt too wide) in paragraph at lines 41--43
[]\OT1/cmr/m/n/10.95 Jaitley also rec-om-mends Ran-dom For-est, Gra-di-ent Boos
t-ing, and Ad-aBoost. [[]] 
 []


LaTeX Warning: Citation 'Ahamed_04_15_18' on page 35 undefined on input line 45
.


Overfull \hbox (10.48009pt too wide) in paragraph at lines 44--46
[]\OT1/cmr/m/n/10.95 Ahamed had en-tirely dif-fer-ent rec-om-men-da-tions, En-s
em-ble Cross-Validation (CV), Class Weights,
 []

) [35]
Chapter 5.
(./Datasets_Crash.tex
Overfull \hbox (46.71951pt too wide) in paragraph at lines 15--17
[]\OT1/cmr/m/n/10.95 Next Gen-er-a-tion Sim-u-la-tion, NGSIM Tra-jec-tory Data 
https://iswitrs.chp.ca.gov/Reports/jsp/index.jsp 
 []

[36

]) (./Datasets_Imbalanced.tex

LaTeX Warning: Citation 'ZHENG_2021' on page 37 undefined on input line 10.


LaTeX Warning: Citation 'WANG_2021' on page 37 undefined on input line 18.

) [37]
Chapter 6.
(./Seminal.tex

LaTeX Warning: Citation 'LIN_2020' on page 38 undefined on input line 5.

) (./Review_Papers.tex

LaTeX Warning: Citation 'CHAWLA_2004' on page 38 undefined on input line 6.

[38

]

LaTeX Warning: Citation 'CHABBOUH_2019' on page 39 undefined on input line 57.


LaTeX Warning: Citation 'MAHMUDAH_2021' on page 39 undefined on input line 63.

) (./Good_Writing.tex

LaTeX Warning: Citation 'ELAMRANIABOUELASSAD2020102708' on page 39 undefined on
 input line 5.


LaTeX Warning: Citation 'PAEZ2020105666' on page 39 undefined on input line 7.


LaTeX Warning: Citation 'SOLEIMANI201965' on page 39 undefined on input line 9.


[39]) [40]
Chapter 7.
(./Dataset_Overview.tex) (./Dataset_Properties.tex [41

] [42]) [43]
Chapter 8.
(./Scikit-Learn.tex) (./Focal_Loss_and_Tomek.tex [44

]

Package hyperref Warning: Token not allowed in a PDF string (Unicode):
(hyperref)                removing `math shift' on input line 28.


Package hyperref Warning: Token not allowed in a PDF string (Unicode):
(hyperref)                removing `math shift' on input line 28.


Package hyperref Warning: Token not allowed in a PDF string (Unicode):
(hyperref)                removing `math shift' on input line 28.


Package hyperref Warning: Token not allowed in a PDF string (Unicode):
(hyperref)                removing `\gamma' on input line 28.


Package hyperref Warning: Token not allowed in a PDF string (Unicode):
(hyperref)                removing `subscript' on input line 28.


Package hyperref Warning: Token not allowed in a PDF string (Unicode):
(hyperref)                removing `math shift' on input line 28.


Package hyperref Warning: Token not allowed in a PDF string (Unicode):
(hyperref)                removing `math shift' on input line 28.


Package hyperref Warning: Token not allowed in a PDF string (Unicode):
(hyperref)                removing `\gamma' on input line 28.


Package hyperref Warning: Token not allowed in a PDF string (Unicode):
(hyperref)                removing `subscript' on input line 28.


Package hyperref Warning: Token not allowed in a PDF string (Unicode):
(hyperref)                removing `math shift' on input line 28.


Package hyperref Warning: Token not allowed in a PDF string (Unicode):
(hyperref)                removing `math shift' on input line 45.


Package hyperref Warning: Token not allowed in a PDF string (Unicode):
(hyperref)                removing `math shift' on input line 45.


Package hyperref Warning: Token not allowed in a PDF string (Unicode):
(hyperref)                removing `math shift' on input line 45.


Package hyperref Warning: Token not allowed in a PDF string (Unicode):
(hyperref)                removing `\gamma' on input line 45.


Package hyperref Warning: Token not allowed in a PDF string (Unicode):
(hyperref)                removing `subscript' on input line 45.


Package hyperref Warning: Token not allowed in a PDF string (Unicode):
(hyperref)                removing `math shift' on input line 45.


Package hyperref Warning: Token not allowed in a PDF string (Unicode):
(hyperref)                removing `math shift' on input line 45.


Package hyperref Warning: Token not allowed in a PDF string (Unicode):
(hyperref)                removing `\gamma' on input line 45.


Package hyperref Warning: Token not allowed in a PDF string (Unicode):
(hyperref)                removing `subscript' on input line 45.


Package hyperref Warning: Token not allowed in a PDF string (Unicode):
(hyperref)                removing `math shift' on input line 45.

[45]) (./Feature_Engineering.tex [46]
<../../../Fall_2021/699/Keras//12_04_21_Images/n_Accidents_DAY_OF_WK.png, id=87
1, 409.53pt x 263.98625pt>
File: ../../../Fall_2021/699/Keras//12_04_21_Images/n_Accidents_DAY_OF_WK.png G
raphic file (type png)
<use ../../../Fall_2021/699/Keras//12_04_21_Images/n_Accidents_DAY_OF_WK.png>
Package pdftex.def Info: ../../../Fall_2021/699/Keras//12_04_21_Images/n_Accide
nts_DAY_OF_WK.png  used on input line 31.
(pdftex.def)             Requested size: 131.05228pt x 84.47731pt.

Overfull \hbox (4.21643pt too wide) in paragraph at lines 31--32
 [][] 
 []


Underfull \hbox (badness 1831) in paragraph at lines 32--32
[]\OT1/cmr/m/n/10.95 Figure 8.1: []Number of
 []

<../../../Fall_2021/699/Keras//12_04_21_Images/n_Severe_DAY_OF_WK.png, id=873, 
433.62pt x 289.08pt>
File: ../../../Fall_2021/699/Keras//12_04_21_Images/n_Severe_DAY_OF_WK.png Grap
hic file (type png)
<use ../../../Fall_2021/699/Keras//12_04_21_Images/n_Severe_DAY_OF_WK.png>
Package pdftex.def Info: ../../../Fall_2021/699/Keras//12_04_21_Images/n_Severe
_DAY_OF_WK.png  used on input line 40.
(pdftex.def)             Requested size: 138.76123pt x 92.50748pt.

Overfull \hbox (11.92538pt too wide) in paragraph at lines 40--41
 [][] 
 []


Underfull \hbox (badness 1609) in paragraph at lines 41--41
\OT1/cmr/m/n/10.95 vere In-jury Crashes, by
 []

<../../../Fall_2021/699/Keras//12_04_21_Images/p_Severe_DAY_OF_WK.png, id=874, 
433.62pt x 289.08pt>
File: ../../../Fall_2021/699/Keras//12_04_21_Images/p_Severe_DAY_OF_WK.png Grap
hic file (type png)
<use ../../../Fall_2021/699/Keras//12_04_21_Images/p_Severe_DAY_OF_WK.png>
Package pdftex.def Info: ../../../Fall_2021/699/Keras//12_04_21_Images/p_Severe
_DAY_OF_WK.png  used on input line 49.
(pdftex.def)             Requested size: 138.76123pt x 92.50748pt.

Overfull \hbox (11.92538pt too wide) in paragraph at lines 49--50
 [][] 
 []


Underfull \hbox (badness 1400) in paragraph at lines 50--50
\OT1/cmr/m/n/10.95 Crashes with Se-vere In-
 []

[47 <../../../Fall_2021/699/Keras//12_04_21_Images/n_Accidents_DAY_OF_WK.png> <
../../../Fall_2021/699/Keras//12_04_21_Images/n_Severe_DAY_OF_WK.png> <../../..
/Fall_2021/699/Keras//12_04_21_Images/p_Severe_DAY_OF_WK.png>] [48]
<../../../Fall_2021/699/Keras/12_04_21_Images/n_Weekday_by_Hour.png, id=890, 43
3.62pt x 289.08pt>
File: ../../../Fall_2021/699/Keras/12_04_21_Images/n_Weekday_by_Hour.png Graphi
c file (type png)
<use ../../../Fall_2021/699/Keras/12_04_21_Images/n_Weekday_by_Hour.png>
Package pdftex.def Info: ../../../Fall_2021/699/Keras/12_04_21_Images/n_Weekday
_by_Hour.png  used on input line 76.
(pdftex.def)             Requested size: 216.80946pt x 144.53964pt.

Overfull \hbox (5.42116pt too wide) in paragraph at lines 76--77
 [][] 
 []

<../../../Fall_2021/699/Keras/12_04_21_Images/p_Weekday_by_Hour.png, id=891, 43
3.62pt x 289.08pt>
File: ../../../Fall_2021/699/Keras/12_04_21_Images/p_Weekday_by_Hour.png Graphi
c file (type png)
<use ../../../Fall_2021/699/Keras/12_04_21_Images/p_Weekday_by_Hour.png>
Package pdftex.def Info: ../../../Fall_2021/699/Keras/12_04_21_Images/p_Weekday
_by_Hour.png  used on input line 85.
(pdftex.def)             Requested size: 216.80946pt x 144.53964pt.

Overfull \hbox (5.42116pt too wide) in paragraph at lines 85--86
 [][] 
 []

<../../../Fall_2021/699/Keras/12_04_21_Images/Interstate_Crash_Percentage_by_Ho
ur.png, id=892, 433.62pt x 289.08pt>
File: ../../../Fall_2021/699/Keras/12_04_21_Images/Interstate_Crash_Percentage_
by_Hour.png Graphic file (type png)
<use ../../../Fall_2021/699/Keras/12_04_21_Images/Interstate_Crash_Percentage_b
y_Hour.png>
Package pdftex.def Info: ../../../Fall_2021/699/Keras/12_04_21_Images/Interstat
e_Crash_Percentage_by_Hour.png  used on input line 106.
(pdftex.def)             Requested size: 216.80946pt x 144.53964pt.

Overfull \hbox (5.42116pt too wide) in paragraph at lines 106--107
 [][] 
 []

<../../../Fall_2021/699/Keras/12_04_21_Images/City_Street_Crash_Percentage_by_H
our.png, id=893, 433.62pt x 289.08pt>
File: ../../../Fall_2021/699/Keras/12_04_21_Images/City_Street_Crash_Percentage
_by_Hour.png Graphic file (type png)
<use ../../../Fall_2021/699/Keras/12_04_21_Images/City_Street_Crash_Percentage_
by_Hour.png>
Package pdftex.def Info: ../../../Fall_2021/699/Keras/12_04_21_Images/City_Stre
et_Crash_Percentage_by_Hour.png  used on input line 115.
(pdftex.def)             Requested size: 216.80946pt x 144.53964pt.

Overfull \hbox (5.42116pt too wide) in paragraph at lines 115--116
 [][] 
 []

[49 <../../../Fall_2021/699/Keras/12_04_21_Images/n_Weekday_by_Hour.png> <../..
/../Fall_2021/699/Keras/12_04_21_Images/p_Weekday_by_Hour.png> <../../../Fall_2
021/699/Keras/12_04_21_Images/Interstate_Crash_Percentage_by_Hour.png> <../../.
./Fall_2021/699/Keras/12_04_21_Images/City_Street_Crash_Percentage_by_Hour.png>
]
Overfull \hbox (25.17981pt too wide) in paragraph at lines 155--156
[]\OT1/cmr/m/n/10.95 Combine [][]\OT1/cmtt/m/n/10.95 PARISH_CD []\OT1/cmr/m/n/1
0.95 and [][]\OT1/cmtt/m/n/10.95 PRI_ROAD_NAME []\OT1/cmr/m/n/10.95 into a new 
fea-ture, [][]\OT1/cmtt/m/n/10.95 PARISH_CD_and_PRI_ROAD_NAME[]\OT1/cmr/m/n/10.
95 . 
 []

[50]) [51]
Chapter 9.
(./Goals.tex) (./Progress.tex) (./Steps.tex) [52

]

LaTeX Warning: Empty bibliography on input line 201.

(./Burkman_Prospectus_05_01_22.aux)

LaTeX Warning: There were undefined references.


LaTeX Warning: There were multiply-defined labels.

Package rerunfilecheck Info: File `Burkman_Prospectus_05_01_22.out' has not cha
nged.
(rerunfilecheck)             Checksum: 3797BB932A8E24997A41B7FDB907E815;19567.

Package biblatex Warning: Please (re)run Biber on the file:
(biblatex)                Burkman_Prospectus_05_01_22
(biblatex)                and rerun LaTeX afterwards.

Package logreq Info: Writing requests to 'Burkman_Prospectus_05_01_22.run.xml'.

\openout1 = `Burkman_Prospectus_05_01_22.run.xml'.

 ) 
Here is how much of TeX's memory you used:
 40683 strings out of 478994
 872183 string characters out of 5858184
 1604717 words of memory out of 5000000
 57289 multiletter control sequences out of 15000+600000
 413903 words of font info for 65 fonts, out of 8000000 for 9000
 1141 hyphenation exceptions out of 8191
 113i,11n,116p,1603b,1435s stack positions out of 5000i,500n,10000p,200000b,80000s
{/usr/local/texlive/2021/texmf-dist/fonts/enc/dvips/cm-super/cm-super-ts1.enc
}</usr/local/texlive/2021/texmf-dist/fonts/type1/public/amsfonts/cm/cmbx10.pfb>
</usr/local/texlive/2021/texmf-dist/fonts/type1/public/amsfonts/cm/cmbx12.pfb><
/usr/local/texlive/2021/texmf-dist/fonts/type1/public/amsfonts/cm/cmex10.pfb></
usr/local/texlive/2021/texmf-dist/fonts/type1/public/amsfonts/cm/cmmi10.pfb></u
sr/local/texlive/2021/texmf-dist/fonts/type1/public/amsfonts/cm/cmmi12.pfb></us
r/local/texlive/2021/texmf-dist/fonts/type1/public/amsfonts/cm/cmmi6.pfb></usr/
local/texlive/2021/texmf-dist/fonts/type1/public/amsfonts/cm/cmmi8.pfb></usr/lo
cal/texlive/2021/texmf-dist/fonts/type1/public/amsfonts/cm/cmr10.pfb></usr/loca
l/texlive/2021/texmf-dist/fonts/type1/public/amsfonts/cm/cmr12.pfb></usr/local/
texlive/2021/texmf-dist/fonts/type1/public/amsfonts/cm/cmr17.pfb></usr/local/te
xlive/2021/texmf-dist/fonts/type1/public/amsfonts/cm/cmr6.pfb></usr/local/texli
ve/2021/texmf-dist/fonts/type1/public/amsfonts/cm/cmr8.pfb></usr/local/texlive/
2021/texmf-dist/fonts/type1/public/amsfonts/cm/cmsy10.pfb></usr/local/texlive/2
021/texmf-dist/fonts/type1/public/amsfonts/cm/cmti10.pfb></usr/local/texlive/20
21/texmf-dist/fonts/type1/public/amsfonts/cm/cmti12.pfb></usr/local/texlive/202
1/texmf-dist/fonts/type1/public/amsfonts/cm/cmtt10.pfb></usr/local/texlive/2021
/texmf-dist/fonts/type1/public/cm-super/sfrm1095.pfb>
Output written on Burkman_Prospectus_05_01_22.pdf (53 pages, 369620 bytes).
PDF statistics:
 1027 PDF objects out of 1200 (max. 8388607)
 931 compressed objects within 10 object streams
 222 named destinations out of 1000 (max. 500000)
 960 words of extra memory for PDF output out of 10000 (max. 10000000)

